﻿Message from syslogd@ at Sep  8 06:37:36  ...

{master:0}
root> edi
Message from syslogd@ at Sep  8 06:37:47  ...
 pfex: SCHED: Thread 49 (TNPC CM) ran for 1184 ms without yielding

Message from syslogd@ at Sep  8 06:37:47  ...
 pfex: Scheduler Oinker

Message from syslogd@ at Sep  8 06:37:47  ...
 pfex:     Frame 00: sp = 0x05b89320, pc = 0x0184b7d8

Message from syslogd@ at Sep  8 06:37:47  ...
 pfex:     Frame 01: sp = 0x05b89338, pc = 0x0180fef0

Message from syslogd@ at Sep  8 06:37:47  ...
 pfex:     Frame 02: sp = 0x05b89398, pc = 0x01811bf0

Message from syslogd@ at Sep  8 06:37:47  ...
 pfex:     Frame 03: sp = 0x05b893c8, pc = 0x01be4670

Message from syslogd@ at Sep  8 06:37:47  ...
 pfex:     Frame 04: sp = 0x05b893d8, pc = 0x01be4b5c

Message from syslogd@ at Sep  8 06:37:47  ...
 pfex:     Frame 05: sp = 0x05b89438, pc = 0x018114c4

Broadcast Message from root@
        (no tty) at 6:37 UTC...

ALERT:Auto image Upgrade will start. This can terminate config         CLI sess
ion(s). Modified configuration will be lost. To stop Auto-image, in CLI do the
following: 'edit; delete chassis auto-image-upgrade; commit'.
                              t
Message from syslogd@ at Sep  8 06:37:48  ...
 fpc0 SCHED: Thread 49 (TNPC CM) ran for 1184 ms without yielding

Message from syslogd@ at Sep  8 06:37:48  ...
 fpc0 Scheduler Oinker

Message from syslogd@ at Sep  8 06:37:48  ...
 fpc0     Frame 00: sp = 0x05b89320, pc = 0x0184b7d8

Message from syslogd@ at Sep  8 06:37:48  ...
 fpc0     Frame 01: sp = 0x05b89338, pc = 0x0180fef0

Message from syslogd@ at Sep  8 06:37:48  ...
 fpc0     Frame 02: sp = 0x05b89398, pc = 0x01811b

Broadcast Message from root@
        (no tty) at 6:37 UTC...

Committing autoinstall config


Entering configuration mode

{master:0}[edit]
root# set system root-authentication plain-text-password
New password:
Retype new password:

{master:0}[edit]
root# set system host-name
Auto Image Upgrade: DHCP Client Bound interfaces:

Auto Image Upgrade: DHCP Client Unbound interfaces: irb.0 vme.0

Auto Image Upgrade: To stop, on CLI apply
"delete chassis auto-image-upgrade"  and commit

Auto Image Upgrade: No DHCP Client in bound state, reset all DHCP clients

Auto Image Upgrade: DHCP Client State Reset: irb.0 vme.0

       ^
's' is ambiguous.
Possible completions:
  save                 Save configuration to ASCII file
  set                  Set a parameter
  show                 Show a parameter
  status               Show users currently editing configuration

{master:0}[edit]
root# delete chassis auto-image-upgrade

{master:0}[edit]
root# commit and-quit
configuration check succeeds
commit complete
Exiting configuration mode

{master:0}
root> show virtual-chassis c
                           ^
syntax error, expecting <command>.
root> show virtual-chassis

Virtual Chassis ID: 2f0f.80a6.0136
Virtual Chassis Mode: Enabled
                                                Mstr           Mixed Route Neighbor List
Member ID  Status   Serial No    Model          prio  Role      Mode  Mode ID  Interface
0 (FPC 0)  Prsnt    PG3717050229 ex4300-24t     128   Master*      N  VC

Member ID for next new member: 1 (FPC 1)

{master:0}
root> show virtual-chassis vc-port
fpc0:
--------------------------------------------------------------------------
Interface   Type              Trunk  Status       Speed        Neighbor
or                             ID                 (mbps)       ID  Interface
PIC / Port
1/3         Configured               Absent
1/2         Configured               Absent
1/1         Configured               Absent
1/0         Configured               Absent

{master:0}
root> show interfaces terse
Interface               Admin Link Proto    Local                 Remote
ge-0/0/0                up    down
ge-0/0/0.0              up    down eth-switch
gr-0/0/0                up    up
pfe-0/0/0               up    up
pfe-0/0/0.16383         up    up   inet
                                   inet6
pfh-0/0/0               up    up
pfh-0/0/0.16383         up    up   inet
ge-0/0/1                up    down
ge-0/0/1.0              up    down eth-switch
ge-0/0/2                up    down
ge-0/0/2.0              up    down eth-switch
ge-0/0/3                up    down
ge-0/0/3.0              up    down eth-switch
ge-0/0/4                up    down
ge-0/0/4.0              up    down eth-switch
ge-0/0/5                up    down
ge-0/0/5.0              up    down eth-switch
ge-0/0/6                up    down
ge-0/0/6.0              up    down eth-switch
ge-0/0/7                up    down
ge-0/0/7.0              up    down eth-switch
ge-0/0/8                up    down
ge-0/0/8.0              up    down eth-switch
ge-0/0/9                up    down
ge-0/0/9.0              up    down eth-switch
ge-0/0/10               up    down
ge-0/0/10.0             up    down eth-switch
ge-0/0/11               up    down
ge-0/0/11.0             up    down eth-switch
ge-0/0/12               up    down
ge-0/0/12.0             up    down eth-switch
ge-0/0/13               up    down
ge-0/0/13.0             up    down eth-switch
ge-0/0/14               up    down
ge-0/0/14.0             up    down eth-switch
ge-0/0/15               up    down
ge-0/0/15.0             up    down eth-switch
ge-0/0/16               up    down
ge-0/0/16.0             up    down eth-switch
ge-0/0/17               up    down
ge-0/0/17.0             up    down eth-switch
ge-0/0/18               up    down
ge-0/0/18.0             up    down eth-switch
ge-0/0/19               up    down
ge-0/0/19.0             up    down eth-switch
ge-0/0/20               up    down
ge-0/0/20.0             up    down eth-switch
ge-0/0/21               up    down
ge-0/0/21.0             up    down eth-switch
ge-0/0/22               up    down
ge-0/0/22.0             up    down eth-switch
ge-0/0/23               up    down
ge-0/0/23.0             up    down eth-switch
xe-0/2/0                up    up
xe-0/2/0.0              up    up   eth-switch
bme0                    up    up
bme0.0                  up    up   inet     128.0.0.1/2
                                            128.0.0.4/2
                                            128.0.0.16/2
                                            128.0.0.32/2
dsc                     up    up
gre                     up    up
ipip                    up    up
irb                     up    up
irb.0                   up    up   inet
jsrv                    up    up
jsrv.1                  up    up   inet     128.0.0.127/2
lo0                     up    up
lo0.16385               up    up   inet
lsi                     up    up
me0                     up    down
me0.0                   up    down eth-switch
mtun                    up    up
pimd                    up    up
pime                    up    up
tap                     up    up
vme                     up    down
vme.0                   up    down inet

{master:0}
root> request virtual-chassis vc-port set ?
Possible completions:
  interface            Member's virtual chassis interface
  pic-slot             Member's PIC slot
{master:0}
root> request virtual-chassis vc-port set interface ?
Possible completions:
  <interface-name>     Name of dedicated virtual chassis interface
  disable              Disable virtual chassis interface
  local                Set virtual chassis interface on local virtual chassis member
  member               Set virtual chassis interface on specific virtual chassis member
{master:0}
root> show chassis hardware fi
                            ^
syntax error, expecting <command>.
root> show chassis hardware f
                             ^
syntax error.
root> show chassis fpc pic-status
Slot 0   Online       EX4300-24T
  PIC 0  Online       24x 10/100/1000 Base-T
  PIC 1  Online       4x 40GE QSFP+
  PIC 2  Online       4x 1G/10G SFP/SFP+

{master:0}
root> request virtual-chassis vc-port set ?
Possible completions:
  interface            Member's virtual chassis interface
  pic-slot             Member's PIC slot
{master:0}
root> request virtual-chassis vc-port set pic-slot 2 ?
Possible completions:
  local                Set virtual chassis port on local virtual chassis member
  member               Set virtual chassis port on specific virtual chassis member
  port                 Port number (0..45)
{master:0}
root> request virtual-chassis vc-port set pic-slot 2 port 0
Port conversion initiated,  use show virtual-chassis vc-port to verify

{master:0}
root> show virtual-chassis vc-port
fpc0:
--------------------------------------------------------------------------
Interface   Type              Trunk  Status       Speed        Neighbor
or                             ID                 (mbps)       ID  Interface
PIC / Port
2/0         Configured         -1    Up           10000
1/3         Configured               Absent
1/2         Configured               Absent
1/1         Configured               Absent
1/0         Configured               Absent

{master:0}
root>
Amnesiac (ttyu0)

login: root
Password:

--- JUNOS 14.1X53-D47.6 built 2018-09-08 05:12:41 UTC
root@:RE:0%
root@:RE:0% .1X53-D47.6 built 2018-09-08 05:12:41 UTC
root@:RE:0%
root@:RE:0% cli
{master:0}
root> request virtual-chassis vc-port o
                                      ^
syntax error, expecting <command>.
root> request virtual-chassis vc-port p
                                      ^
syntax error, expecting <command>.
root> request virtual-chassis vc-port set pic-slot 2 port 0
Port conversion initiated,  use show virtual-chassis vc-port to verify

{master:0}
root> show virtual-chassis

Virtual Chassis ID: 70c9.87d5.2003
Virtual Chassis Mode: Enabled
                                                Mstr           Mixed Route Neighbor List
Member ID  Status   Serial No    Model          prio  Role      Mode  Mode ID  Interface
0 (FPC 0)  Prsnt    PG3717050007 ex4300-24t     128   Master*      N  VC

Member ID for next new member: 1 (FPC 1)

{master:0}
root> show virtual-chassis

Virtual Chassis ID: 70c9.87d5.2003
Virtual Chassis Mode: Enabled
                                                Mstr           Mixed Route Neighbor List
Member ID  Status   Serial No    Model          prio  Role      Mode  Mode ID  Interface
0 (FPC 0)  Prsnt    PG3717050007 ex4300-24t     128   Master*      N  VC   1  vcp-255/2/0
1 (FPC 1)  Prsnt    PG3717050229 ex4300-24t     128   Backup       N  VC   0  vcp-255/2/0

Member ID for next new member: 2 (FPC 2)

{master:0}
root> edit
Entering configuration mode

{master:0}[edit]
root# set system host-name DSADSTC-SCADA

{master:0}[edit]
root# set interfaces irb.10 family inet address 193.30.10.253/24

{master:0}[edit]
root# set vlans vlan10 vlan-id 10

{master:0}[edit]
root# set vlans l
                ^
Length 1 is not within range (2..64) at 'l'
root# set vlans vlan10 l3-interface irb.10

{master:0}[edit]
root# edit
           ^
syntax error, expecting <statement> or <identifier>.

{master:0}[edit]
root# edit interfaces

{master:0}[edit interfaces]
root# show | display set
set interfaces ge-0/0/0 unit 0 family ethernet-switching vlan members default
set interfaces ge-0/0/0 unit 0 family ethernet-switching storm-control default
set interfaces ge-0/0/1 unit 0 family ethernet-switching vlan members default
set interfaces ge-0/0/1 unit 0 family ethernet-switching storm-control default
set interfaces ge-0/0/2 unit 0 family ethernet-switching vlan members default
set interfaces ge-0/0/2 unit 0 family ethernet-switching storm-control default
set interfaces ge-0/0/3 unit 0 family ethernet-switching vlan members default
set interfaces ge-0/0/3 unit 0 family ethernet-switching storm-control default
set interfaces ge-0/0/4 unit 0 family ethernet-switching vlan members default
set interfaces ge-0/0/4 unit 0 family ethernet-switching storm-control default
set interfaces ge-0/0/5 unit 0 family ethernet-switching vlan members default
set interfaces ge-0/0/5 unit 0 family ethernet-switching storm-control default
set interfaces ge-0/0/6 unit 0 family ethernet-switching vlan members default
set interfaces ge-0/0/6 unit 0 family ethernet-switching storm-control default
set interfaces ge-0/0/7 unit 0 family ethernet-switching vlan members default
set interfaces ge-0/0/7 unit 0 family ethernet-switching storm-control default
set interfaces ge-0/0/8 unit 0 family ethernet-switching vlan members default
set interfaces ge-0/0/8 unit 0 family ethernet-switching storm-control default
set interfaces ge-0/0/9 unit 0 family ethernet-switching vlan members default
set interfaces ge-0/0/9 unit 0 family ethernet-switching storm-control default
set interfaces ge-0/0/10 unit 0 family ethernet-switching vlan members default
set interfaces ge-0/0/10 unit 0 family ethernet-switching storm-control default
set interfaces ge-0/0/11 unit 0 family ethernet-switching vlan members default
set interfaces ge-0/0/11 unit 0 family ethernet-switching storm-control default
set interfaces ge-0/0/12 unit 0 family ethernet-switching vlan members default
set interfaces ge-0/0/12 unit 0 family ethernet-switching storm-control default
set interfaces ge-0/0/13 unit 0 family ethernet-switching vlan members default
set interfaces ge-0/0/13 unit 0 family ethernet-switching storm-control default
set interfaces ge-0/0/14 unit 0 family ethernet-switching vlan members default
set interfaces ge-0/0/14 unit 0 family ethernet-switching storm-control default
set interfaces ge-0/0/15 unit 0 family ethernet-switching vlan members default
set interfaces ge-0/0/15 unit 0 family ethernet-switching storm-control default
set interfaces ge-0/0/16 unit 0 family ethernet-switching vlan members default
set interfaces ge-0/0/16 unit 0 family ethernet-switching storm-control default
set interfaces ge-0/0/17 unit 0 family ethernet-switching vlan members default
set interfaces ge-0/0/17 unit 0 family ethernet-switching storm-control default
set interfaces ge-0/0/18 unit 0 family ethernet-switching vlan members default
set interfaces ge-0/0/18 unit 0 family ethernet-switching storm-control default
set interfaces ge-0/0/19 unit 0 family ethernet-switching vlan members default
set interfaces ge-0/0/19 unit 0 family ethernet-switching storm-control default
set interfaces ge-0/0/20 unit 0 family ethernet-switching vlan members default
set interfaces ge-0/0/20 unit 0 family ethernet-switching storm-control default
set interfaces ge-0/0/21 unit 0 family ethernet-switching vlan members default
set interfaces ge-0/0/21 unit 0 family ethernet-switching storm-control default
set interfaces ge-0/0/22 unit 0 family ethernet-switching vlan members default
set interfaces ge-0/0/22 unit 0 family ethernet-switching storm-control default
set interfaces ge-0/0/23 unit 0 family ethernet-switching vlan members default
set interfaces ge-0/0/23 unit 0 family ethernet-switching storm-control default
set interfaces ge-0/2/0 unit 0 family ethernet-switching vlan members default
set interfaces ge-0/2/0 unit 0 family ethernet-switching storm-control default
set interfaces xe-0/2/0 unit 0 family ethernet-switching vlan members default
set interfaces xe-0/2/0 unit 0 family ethernet-switching storm-control default
set interfaces ge-0/2/1 unit 0 family ethernet-switching vlan members default
set interfaces ge-0/2/1 unit 0 family ethernet-switching storm-control default
set interfaces xe-0/2/1 unit 0 family ethernet-switching vlan members default
set interfaces xe-0/2/1 unit 0 family ethernet-switching storm-control default
set interfaces ge-0/2/2 unit 0 family ethernet-switching vlan members default
set interfaces ge-0/2/2 unit 0 family ethernet-switching storm-control default
set interfaces xe-0/2/2 unit 0 family ethernet-switching vlan members default
set interfaces xe-0/2/2 unit 0 family ethernet-switching storm-control default
set interfaces ge-0/2/3 unit 0 family ethernet-switching vlan members default
set interfaces ge-0/2/3 unit 0 family ethernet-switching storm-control default
set interfaces xe-0/2/3 unit 0 family ethernet-switching vlan members default
set interfaces xe-0/2/3 unit 0 family ethernet-switching storm-control default
set interfaces irb unit 0 family inet dhcp vendor-id Juniper-ex4300-24t
set interfaces irb unit 10 family inet address 193.30.10.253/24
set interfaces vme unit 0 family inet dhcp vendor-id Juniper-ex4300-24t

 {master:0}[edit interfaces]
root#

{master:0}[edit interfaces]
root# top

{master:0}[edit]
root# load te
           ^
syntax error, expecting <command>.
root# load set terminal
[Type ^D at a new line to end input]
set interfaces ge-0/0/0.0 family ethernet-switching vlan members vlan10
set interfaces ge-0/0/1.0 family ethernet-switching vlan members vlan10
set interfaces ge-0/0/2.0 family ethernet-switching vlan members vlan10
set interfaces ge-0/0/3.0 family ethernet-switching vlan members vlan10
set interfaces ge-0/0/4.0 family ethernet-switching vlan members vlan10
set interfaces ge-0/0/5.0 family ethernet-switching vlan members vlan10
set interfaces ge-0/0/6.0 family ethernet-switching vlan members vlan10
set interfaces ge-0/0/7.0 family ethernet-switching vlan members vlan10

set interfaces ge-0/0/8.0 family ethernet-switching vlan members vlan10
set interfaces ge-0/0/9.0 family ethernet-switching vlan members vlan10
set interfaces ge-0/0/10.0 family ethernet-switching vlan members vlan10
set interfaces ge-0/0/11.0 family ethernet-switching vlan members vlan10
set interfaces ge-0/0/12.0 family ethernet-switching vlan members vlan10
set interfaces ge-0/0/13.0 family ethernet-switching vlan members vlan10
set interfaces ge-0/0/14.0 family ethernet-switching vlan members vlan10
set interfaces ge-0/0/15.0 family ethernet-switching vlan members vlan10

set interfaces ge-0/0/16.0 family ethernet-switching vlan members vlan10
set interfaces ge-0/0/17.0 family ethernet-switching vlan members vlan10
set interfaces ge-0/0/18.0 family ethernet-switching vlan members vlan10
set interfaces ge-0/0/19.0 family ethernet-switching vlan members vlan10
set interfaces ge-0/0/20.0 family ethernet-switching vlan members vlan10
set interfaces ge-0/0/21.0 family ethernet-switching vlan members vlan10
set interfaces ge-0/0/22.0 family ethernet-switching vlan members vlan10
set interfaces ge-0/0/23.0 family ethernet-switching vlan members vlan10
load complete

{master:0}[edit]
root# commit check
[edit interfaces ge-0/0/0 unit 0 family ethernet-switching]
  'vlan'
    Access interface can be part of only one vlan
error: configuration check-out failed

{master:0}[edit]
root# edit interfaces ge-0/0/0 unit 0 family ethernet-switching

{master:0}[edit interfaces ge-0/0/0 unit 0 family ethernet-switching]
root# show
vlan {
    members [ default vlan10 ];
}
storm-control default;

{master:0}[edit interfaces ge-0/0/0 unit 0 family ethernet-switching]
root# top

{master:0}[edit]
root# load set terminal
[Type ^D at a new line to end input]
delete interfaces ge-0/0/0.0 family ethernet-switching vlan members default
delete interfaces ge-0/0/1.0 family ethernet-switching vlan members default
delete interfaces ge-0/0/2.0 family ethernet-switching vlan members default
delete interfaces ge-0/0/3.0 family ethernet-switching vlan members default
delete interfaces ge-0/0/4.0 family ethernet-switching vlan members default
delete interfaces ge-0/0/5.0 family ethernet-switching vlan members default
delete interfaces ge-0/0/6.0 family ethernet-switching vlan members default
delete interfaces ge-0/0/7.0 family ethernet-switching vlan members default
delete interfaces ge-0/0/8.0 family ethernet-switching vlan members default
delete interfaces ge-0/0/9.0 family ethernet-switching vlan members default
delete interfaces ge-0/0/10.0 family ethernet-switching vlan members default
delete interfaces ge-0/0/11.0 family ethernet-switching vlan members default
delete interfaces ge-0/0/12.0 family ethernet-switching vlan members default
delete interfaces ge-0/0/13.0 family ethernet-switching vlan members default
delete interfaces ge-0/0/14.0 family ethernet-switching vlan members default
delete interfaces ge-0/0/15.0 family ethernet-switching vlan members default
delete interfaces ge-0/0/16.0 family ethernet-switching vlan members default
delete interfaces ge-0/0/17.0 family ethernet-switching vlan members default
delete interfaces ge-0/0/18.0 family ethernet-switching vlan members default
delete interfaces ge-0/0/19.0 family ethernet-switching vlan members default
delete interfaces ge-0/0/20.0 family ethernet-switching vlan members default
delete interfaces ge-0/0/21.0 family ethernet-switching vlan members default
delete interfaces ge-0/0/22.0 family ethernet-switching vlan members default
delete interfaces ge-0/0/23.0 family ethernet-switching vlan members default
load complete

{master:0}[edit]
root# commit check
configuration check succeeds
fpc1:
configuration check succeeds

{master:0}[edit]
root# load set terminal
[Type ^D at a new line to end input]
set interfaces ge-1/0/0.0 family ethernet-switching vlan members vlan10
set interfaces ge-1/0/1.0 family ethernet-switching vlan members vlan10
set interfaces ge-1/0/2.0 family ethernet-switching vlan members vlan10
set interfaces ge-1/0/3.0 family ethernet-switching vlan members vlan10
set interfaces ge-1/0/4.0 family ethernet-switching vlan members vlan10
set interfaces ge-1/0/5.0 family ethernet-switching vlan members vlan10
set interfaces ge-1/0/6.0 family ethernet-switching vlan members vlan10
set interfaces ge-1/0/7.0 family ethernet-switching vlan members vlan10
set interfaces ge-1/0/8.0 family ethernet-switching vlan members vlan10
set interfaces ge-1/0/9.0 family ethernet-switching vlan members vlan10
set interfaces ge-1/0/10.0 family ethernet-switching vlan members vlan10
set interfaces ge-1/0/11.0 family ethernet-switching vlan members vlan10
set interfaces ge-1/0/12.0 family ethernet-switching vlan members vlan10
set interfaces ge-1/0/13.0 family ethernet-switching vlan members vlan10
set interfaces ge-1/0/14.0 family ethernet-switching vlan members vlan10
set interfaces ge-1/0/15.0 family ethernet-switching vlan members vlan10
set interfaces ge-1/0/16.0 family ethernet-switching vlan members vlan10
set interfaces ge-1/0/17.0 family ethernet-switching vlan members vlan10
set interfaces ge-1/0/18.0 family ethernet-switching vlan members vlan10
set interfaces ge-1/0/19.0 family ethernet-switching vlan members vlan10
set interfaces ge-1/0/20.0 family ethernet-switching vlan members vlan10
set interfaces ge-1/0/21.0 family ethernet-switching vlan members vlan10
set interfaces ge-1/0/22.0 family ethernet-switching vlan members vlan10
set interfaces ge-1/0/23.0 family ethernet-switching vlan members vlan10
load complete

{master:0}[edit]
root# commit
configuration check succeeds
fpc1:
commit complete
commit complete

{master:0}[edit]
root@DSADSTC-SCADA# show vlans
default {
    vlan-id 1;
    l3-interface irb.0;
}
vlan10 {
    vlan-id 10;
    l3-interface irb.10;
}

{master:0}[edit]
root@DSADSTC-SCADA# run show vlans

Routing instance        VLAN name             Tag          Interfaces
default-switch          default               1

default-switch          vlan10                10
                                                           ge-0/0/0.0
                                                           ge-0/0/1.0
                                                           ge-0/0/10.0*
                                                           ge-0/0/11.0*
                                                           ge-0/0/12.0*
                                                           ge-0/0/13.0
                                                           ge-0/0/14.0
                                                           ge-0/0/15.0
                                                           ge-0/0/16.0*
                                                           ge-0/0/17.0
                                                           ge-0/0/18.0
                                                           ge-0/0/19.0*
                                                           ge-0/0/2.0*
                                                           ge-0/0/20.0*
                                                           ge-0/0/21.0*
                                                           ge-0/0/22.0
                                                           ge-0/0/23.0*
                                                           ge-0/0/3.0
                                                           ge-0/0/4.0
                                                           ge-0/0/5.0
                                                           ge-0/0/6.0*
                                                           ge-0/0/7.0*
                                                           ge-0/0/8.0
                                                           ge-0/0/9.0
                                                           ge-1/0/0.0
                                                           ge-1/0/1.0
                                                           ge-1/0/10.0
                                                           ge-1/0/11.0
                                                           ge-1/0/12.0
                                                           ge-1/0/13.0
                                                           ge-1/0/14.0
                                                           ge-1/0/15.0
                                                           ge-1/0/16.0
                                                           ge-1/0/17.0
                                                           ge-1/0/18.0
                                                           ge-1/0/19.0
                                                           ge-1/0/2.0
                                                           ge-1/0/20.0
                                                           ge-1/0/21.0
                                                           ge-1/0/22.0
                                                           ge-1/0/23.0
                                                           ge-1/0/3.0
                                                           ge-1/0/4.0
                                                           ge-1/0/5.0
                                                           ge-1/0/6.0
                                                           ge-1/0/7.0
                                                           ge-1/0/8.0
                                                           ge-1/0/9.0

{master:0}[edit]
root@DSADSTC-SCADA# set interfaces ge-0/0/0.0 et
                                              ^
syntax error.
root@DSADSTC-SCADA# set interfaces ge-0/0/0.0 family ethernet-switching 8
                                                                        ^
syntax error.
root@DSADSTC-SCADA# set interfaces ge-0/0/0 ether-options 802.3ad ae0

{master:0}[edit]
root@DSADSTC-SCADA# set interfaces ge-1/0/0 ether-options 802.3ad ae0

{master:0}[edit]
root@DSADSTC-SCADA# delete interfaces ge-0/0/0.0

{master:0}[edit]
root@DSADSTC-SCADA# delete interfaces ge-1/0/0.0

{master:0}[edit]
root@DSADSTC-SCADA# delete protocols rstp interface ge-0/0/0

{master:0}[edit]
root@DSADSTC-SCADA# delete protocols rstp interface ge-1/0/0
warning: statement not found

{master:0}[edit]
root@DSADSTC-SCADA# set interfaces ae0 aggregated-ether-options ?
Possible completions:
+ apply-groups         Groups from which to inherit configuration data
+ apply-groups-except  Don't inherit configuration data from these groups
  autostate-exclude    Interface will not contribute to IRB state
> bfd-liveness-detection  Bidirectional Forwarding Detection (BFD) options
> ethernet-switch-profile  Ethernet virtual LAN/media access control-level options
  fcoe-lag             Enable FIP/FCoE LAG
  flow-control         Enable flow control
> lacp                 Link Aggregation Control Protocol configuration
> link-protection      Enable link protection mode
> link-protection-sub-group  Link Protection subgroup configuration
  link-speed           Link speed of individual interface that joins the AE
> load-balance
> local-bias           Turn on local bias functionality
  loopback             Enable loopback
> mc-ae                Multi-chassis aggregation (MC-AE) network device configuration
> minimum-bandwidth    Minimum bandwidth configured for aggregated bundle
  minimum-links        Minimum number of aggregated links (1..16)
  no-fcoe-lag          Don't enable FIP/FCoE LAG
  no-flow-control      Don't enable flow control
  no-loopback          Don't enable loopback
  no-source-filtering  Don't enable source address filtering
> rebalance-periodic
> source-address-filter  Source address filters
  source-filtering     Enable source address filtering
{master:0}[edit]
root@DSADSTC-SCADA# ...egated-ether-options minimum-links 1

{master:0}[edit]
root@DSADSTC-SCADA# ...aces ae0 aggregated-ether-options l
                                                          ^
'l' is ambiguous.
Possible completions:
> lacp                 Link Aggregation Control Protocol configuration
> link-protection      Enable link protection mode
> link-protection-sub-group  Link Protection subgroup configuration
  link-speed           Link speed of individual interface that joins the AE
> load-balance
> local-bias           Turn on local bias functionality
  loopback             Enable loopback
{master:0}[edit]
root@DSADSTC-SCADA# ...aces ae0 aggregated-ether-options lacp ?
Possible completions:
  active               Initiate transmission of LACP packets
  admin-key            Node's administrative key
+ apply-groups         Groups from which to inherit configuration data
+ apply-groups-except  Don't inherit configuration data from these groups
> link-protection
  passive              Respond to LACP packets
  periodic             Timer interval for periodic transmission of LACP packets
  system-id            Node's System ID, encoded as a MAC address
  system-priority      Priority of the system (0 ... 65535)
{master:0}[edit]
root@DSADSTC-SCADA# ...aces ae0 aggregated-ether-options lacp passive

{master:0}[edit]
root@DSADSTC-SCADA# commit check
configuration check succeeds
fpc1:
configuration check succeeds

{master:0}[edit]
root@DSADSTC-SCADA# commit
configuration check succeeds
fpc1:
commit complete
commit complete

{master:0}[edit]
root@DSADSTC-SCADA# show | display set | match ae
set interfaces ge-0/0/0 ether-options 802.3ad ae0
set interfaces ge-1/0/0 ether-options 802.3ad ae0
set interfaces ae0 aggregated-ether-options minimum-links 1
set interfaces ae0 aggregated-ether-options lacp passive

{master:0}[edit]
root@DSADSTC-SCADA# set ag
                        ^
syntax error.
root@DSADSTC-SCADA# set a
                         ^
'a' is ambiguous.
Possible completions:
> access               Network access configuration
> access-profile       Access profile for this instance
> accounting-options   Accounting data configuration
+ apply-groups         Groups from which to inherit configuration data
{master:0}[edit]
root@DSADSTC-SCADA# exit
Exiting configuration mode

{master:0}
root@DSADSTC-SCADA> set ag
                        ^
syntax error, expecting <command>.
root@DSADSTC-SCADA> set a
                         ^
syntax error.
root@DSADSTC-SCADA> edit
Entering configuration mode

{master:0}[edit]
root@DSADSTC-SCADA# ...devices ethernet device-count 8

{master:0}[edit]
root@DSADSTC-SCADA#

{master:0}[edit]
root@DSADSTC-SCADA#

{master:0}[edit]
root@DSADSTC-SCADA# run show interfaces terse
Interface               Admin Link Proto    Local                 Remote
vcp-255/2/0             up    up
vcp-255/2/0.32768       up    up
ge-0/0/0                up    down
gr-0/0/0                up    up
pfe-0/0/0               up    up
pfe-0/0/0.16383         up    up   inet
                                   inet6
pfh-0/0/0               up    up
pfh-0/0/0.16383         up    up   inet
ge-0/0/1                up    down
ge-0/0/1.0              up    down eth-switch
ge-0/0/2                up    up
ge-0/0/2.0              up    up   eth-switch
ge-0/0/3                up    down
ge-0/0/3.0              up    down eth-switch
ge-0/0/4                up    down
ge-0/0/4.0              up    down eth-switch
ge-0/0/5                up    down
ge-0/0/5.0              up    down eth-switch
ge-0/0/6                up    up
ge-0/0/6.0              up    up   eth-switch
ge-0/0/7                up    up
ge-0/0/7.0              up    up   eth-switch
ge-0/0/8                up    down
ge-0/0/8.0              up    down eth-switch
ge-0/0/9                up    down
ge-0/0/9.0              up    down eth-switch
ge-0/0/10               up    up
ge-0/0/10.0             up    up   eth-switch
ge-0/0/11               up    up
ge-0/0/11.0             up    up   eth-switch
ge-0/0/12               up    up
ge-0/0/12.0             up    up   eth-switch
ge-0/0/13               up    down
ge-0/0/13.0             up    down eth-switch
ge-0/0/14               up    down
ge-0/0/14.0             up    down eth-switch
ge-0/0/15               up    down
ge-0/0/15.0             up    down eth-switch
ge-0/0/16               up    up
ge-0/0/16.0             up    up   eth-switch
ge-0/0/17               up    down
ge-0/0/17.0             up    down eth-switch
ge-0/0/18               up    down
ge-0/0/18.0             up    down eth-switch
ge-0/0/19               up    up
ge-0/0/19.0             up    up   eth-switch
ge-0/0/20               up    up
ge-0/0/20.0             up    up   eth-switch
ge-0/0/21               up    up
ge-0/0/21.0             up    up   eth-switch
ge-0/0/22               up    down
ge-0/0/22.0             up    down eth-switch
ge-0/0/23               up    up
ge-0/0/23.0             up    up   eth-switch
ge-1/0/0                up    down
pfe-1/0/0               up    up
pfe-1/0/0.16383         up    up   inet
                                   inet6
pfh-1/0/0               up    up
pfh-1/0/0.16383         up    up   inet
ge-1/0/1                up    down
ge-1/0/1.0              up    down eth-switch
ge-1/0/2                up    down
ge-1/0/2.0              up    down eth-switch
ge-1/0/3                up    down
ge-1/0/3.0              up    down eth-switch
ge-1/0/4                up    down
ge-1/0/4.0              up    down eth-switch
ge-1/0/5                up    down
ge-1/0/5.0              up    down eth-switch
ge-1/0/6                up    down
ge-1/0/6.0              up    down eth-switch
ge-1/0/7                up    down
ge-1/0/7.0              up    down eth-switch
ge-1/0/8                up    down
ge-1/0/8.0              up    down eth-switch
ge-1/0/9                up    down
ge-1/0/9.0              up    down eth-switch
ge-1/0/10               up    down
ge-1/0/10.0             up    down eth-switch
ge-1/0/11               up    down
ge-1/0/11.0             up    down eth-switch
ge-1/0/12               up    down
ge-1/0/12.0             up    down eth-switch
ge-1/0/13               up    down
ge-1/0/13.0             up    down eth-switch
ge-1/0/14               up    down
ge-1/0/14.0             up    down eth-switch
ge-1/0/15               up    down
ge-1/0/15.0             up    down eth-switch
ge-1/0/16               up    down
ge-1/0/16.0             up    down eth-switch
ge-1/0/17               up    down
ge-1/0/17.0             up    down eth-switch
ge-1/0/18               up    down
ge-1/0/18.0             up    down eth-switch
ge-1/0/19               up    down
ge-1/0/19.0             up    down eth-switch
ge-1/0/20               up    down
ge-1/0/20.0             up    down eth-switch
ge-1/0/21               up    down
ge-1/0/21.0             up    down eth-switch
ge-1/0/22               up    down
ge-1/0/22.0             up    down eth-switch
ge-1/0/23               up    down
ge-1/0/23.0             up    down eth-switch
bme0                    up    up
bme0.0                  up    up   inet     128.0.0.1/2
                                            128.0.0.4/2
                                            128.0.0.16/2
                                            128.0.0.32/2
bme0.32770              down  up   eth-switch
dsc                     up    up
gre                     up    up
ipip                    up    up
irb                     up    up
irb.0                   up    down inet
irb.10                  up    up   inet     193.30.10.253/24
jsrv                    up    up
jsrv.1                  up    up   inet     128.0.0.127/2
lo0                     up    up
lo0.16385               up    up   inet
lsi                     up    up
me0                     up    down
me0.0                   up    down eth-switch
mtun                    up    up
pimd                    up    up
pime                    up    up
tap                     up    up
vme                     up    down
vme.0                   up    down inet

{master:0}[edit]
