﻿root@DSADSHY-SCADA> show configuration | no-more
## Last commit: 2018-12-28 10:57:03 UTC by root
version 14.1X53-D47.3;
system {
    host-name DSADSHY-SCADA;
    auto-snapshot;
    root-authentication {
        encrypted-password "$1$6st7EOV6$m0xn/dcqHvZY1ZZjghIa00"; ## SECRET-DATA
    }
    login {
        user jim {
            uid 2000;
            class super-user;
            authentication {
                encrypted-password "$1$taf5KEtW$qbCnnZonpp90OFoGMd8001"; ## SECRET-DATA
            }
        }
    }
    services {
        ftp;
        ssh {
            max-sessions-per-connection 32;
        }
        netconf {
            ssh;
        }
        web-management {
            http;
        }
    }
    syslog {
        user * {
            any emergency;
        }
        file messages {
            any notice;
            authorization info;
        }
        file interactive-commands {
            interactive-commands any;
        }
        file default-log-messages {
            any any;
            match "(requested 'commit' operation)|(requested 'commit synchronize' operation)|(copying configuration to juniper.save)|(commit complete)|ifAdminStatus|(FRU power)|(FRU removal)|(FRU insertion)|(link UP)|transitioned|Transferred|transfer-file|(license add)|(license delete)|(package -X update)|(package -X delete)|(FRU Online)|(FRU Offline)|(plugged in)|(unplugged)|CFMD_CCM_DEFECT| LFMD_3AH | RPD_MPLS_PATH_BFD|(Master Unchanged, Members Changed)|(Master Changed, Members Changed)|(Master Detected, Members Changed)|(vc add)|(vc delete)|(Master detected)|(Master changed)|(Backup detected)|(Backup changed)|(interface vcp-)|BR_INFRA_DEVICE";
            structured-data;
        }
    }
    commit synchronize;
    processes {
        dhcp-service {
            traceoptions {
                file dhcp_logfile size 10m;
                level all;
                flag all;
            }
        }
    }
}
chassis {
    aggregated-devices {
        ethernet {
            device-count 17;
        }
    }
    alarm {
        management-ethernet {
            link-down ignore;
        }
    }
}
interfaces {
    ge-0/0/0 {
        ether-options {
            802.3ad ae0;
        }
    }
    ge-0/0/1 {
        unit 0 {
            family ethernet-switching {
                vlan {
                    members default;
                }
                storm-control default;
            }
        }
    }
    ge-0/0/2 {
        ether-options {
            802.3ad ae2;
        }
    }
    ge-0/0/3 {
        unit 0 {
            family ethernet-switching {
                vlan {
                    members default;
                }
                storm-control default;
            }
        }
    }
    ge-0/0/4 {
        unit 0 {
            family ethernet-switching {
                vlan {
                    members default;
                }
                storm-control default;
            }
        }
    }
    ge-0/0/5 {
        unit 0 {
            family ethernet-switching {
                vlan {
                    members default;
                }
                storm-control default;
            }
        }
    }
    ge-0/0/6 {
        unit 0 {
            family ethernet-switching {
                vlan {
                    members default;
                }
                storm-control default;
            }
        }
    }
    ge-0/0/7 {
        ether-options {
            802.3ad ae7;
        }
    }
    ge-0/0/8 {
        unit 0 {
            family ethernet-switching {
                vlan {
                    members default;
                }
                storm-control default;
            }
        }
    }
    ge-0/0/9 {
        unit 0 {
            family ethernet-switching {
                vlan {
                    members default;
                }
                storm-control default;
            }
        }
    }
    ge-0/0/10 {
        unit 0 {
            family ethernet-switching {
                vlan {
                    members default;
                }
                storm-control default;
            }
        }
    }
    ge-0/0/11 {
        unit 0 {
            family ethernet-switching {
                vlan {
                    members default;
                }
                storm-control default;
            }
        }
    }
    ge-0/0/12 {
        unit 0 {
            family ethernet-switching {
                vlan {
                    members default;
                }
                storm-control default;
            }
        }
    }
    ge-0/0/13 {
        unit 0 {
            family ethernet-switching {
                vlan {
                    members default;
                }
                storm-control default;
            }
        }
    }
    ge-0/0/14 {
        unit 0 {
            family ethernet-switching {
                vlan {
                    members default;
                }
                storm-control default;
            }
        }
    }
    ge-0/0/15 {
        unit 0 {
            family ethernet-switching {
                vlan {
                    members default;
                }
                storm-control default;
            }
        }
    }
    ge-0/0/16 {
        unit 0 {
            family ethernet-switching {
                vlan {
                    members default;
                }
                storm-control default;
            }
        }
    }
    ge-0/0/17 {
        unit 0 {
            family ethernet-switching {
                vlan {
                    members default;
                }
                storm-control default;
            }
        }
    }
    ge-0/0/18 {
        unit 0 {
            family ethernet-switching {
                vlan {
                    members default;
                }
                storm-control default;
            }
        }
    }
    ge-0/0/19 {
        unit 0 {
            family ethernet-switching {
                vlan {
                    members default;
                }
                storm-control default;
            }
        }
    }
    ge-0/0/20 {
        unit 0 {
            family ethernet-switching {
                vlan {
                    members default;
                }
                storm-control default;
            }
        }
    }
    ge-0/0/21 {
        unit 0 {
            family ethernet-switching {
                vlan {
                    members default;
                }
                storm-control default;
            }
        }
    }
    ge-0/0/22 {
        unit 0 {
            family ethernet-switching {
                vlan {
                    members default;
                }
                storm-control default;
            }
        }
    }
    ge-0/0/23 {
        unit 0 {
            family ethernet-switching {
                vlan {
                    members default;
                }
                storm-control default;
            }
        }
    }
    ge-0/2/0 {
        unit 0 {
            family ethernet-switching {
                vlan {
                    members default;
                }
                storm-control default;
            }
        }
    }
    xe-0/2/0 {
        unit 0 {
            family ethernet-switching {
                vlan {
                    members default;
                }
                storm-control default;
            }
        }
    }
    ge-0/2/1 {
        unit 0 {
            family ethernet-switching {
                vlan {
                    members default;
                }
                storm-control default;
            }
        }
    }
    xe-0/2/1 {
        unit 0 {
            family ethernet-switching {
                vlan {
                    members default;
                }
                storm-control default;
            }
        }
    }
    ge-0/2/2 {
        unit 0 {
            family ethernet-switching {
                vlan {
                    members default;
                }
                storm-control default;
            }
        }
    }
    xe-0/2/2 {
        unit 0 {
            family ethernet-switching {
                vlan {
                    members default;
                }
                storm-control default;
            }
        }
    }
    ge-0/2/3 {
        unit 0 {
            family ethernet-switching {
                vlan {
                    members default;
                }
                storm-control default;
            }
        }
    }
    xe-0/2/3 {
        unit 0 {
            family ethernet-switching {
                vlan {
                    members default;
                }
                storm-control default;
            }
        }
    }
    ge-1/0/0 {
        ether-options {
            802.3ad ae0;
        }
    }
    ge-1/0/1 {
        unit 0 {
            family ethernet-switching;
        }
    }
    ge-1/0/2 {
        ether-options {
            802.3ad ae2;
        }
    }
    ge-1/0/3 {
        unit 0 {
            family ethernet-switching;
        }
    }
    ge-1/0/4 {
        unit 0 {
            family ethernet-switching;
        }
    }
    ge-1/0/5 {
        unit 0 {
            family ethernet-switching;
        }
    }
    ge-1/0/6 {
        unit 0 {
            family ethernet-switching;
        }
    }
    ge-1/0/7 {
        ether-options {
            802.3ad ae7;
        }
    }
    ge-1/0/8 {
        unit 0 {
            family ethernet-switching;
        }
    }
    ge-1/0/9 {
        unit 0 {
            family ethernet-switching;
        }
    }
    ge-1/0/10 {
        unit 0 {
            family ethernet-switching;
        }
    }
    ge-1/0/11 {
        unit 0 {
            family ethernet-switching;
        }
    }
    ge-1/0/12 {
        unit 0 {
            family ethernet-switching;
        }
    }
    ge-1/0/13 {
        unit 0 {
            family ethernet-switching;
        }
    }
    ge-1/0/14 {
        unit 0 {
            family ethernet-switching;
        }
    }
    ge-1/0/15 {
        unit 0 {
            family ethernet-switching;
        }
    }
    ge-1/0/16 {
        unit 0 {
            family ethernet-switching;
        }
    }
    ge-1/0/17 {
        unit 0 {
            family ethernet-switching;
        }
    }
    ge-1/0/18 {
        unit 0 {
            family ethernet-switching;
        }
    }
    ge-1/0/19 {
        unit 0 {
            family ethernet-switching;
        }
    }
    ge-1/0/20 {
        unit 0 {
            family ethernet-switching;
        }
    }
    ge-1/0/21 {
        unit 0 {
            family ethernet-switching;
        }
    }
    ge-1/0/22 {
        unit 0 {
            family ethernet-switching;
        }
    }
    ge-1/0/23 {
        unit 0 {
            family ethernet-switching;
        }
    }
    ae0 {
        aggregated-ether-options {
            lacp {
                active;
            }
        }
        unit 0 {
            family ethernet-switching {
                interface-mode access;
                vlan {
                    members default;
                }
            }
        }
    }
    ae2 {
        aggregated-ether-options {
            minimum-links 1;
            lacp {
                passive;
            }
        }
        unit 0 {
            family ethernet-switching {
                interface-mode access;
                vlan {
                    members default;
                }
            }
        }
    }
    ae7 {
        aggregated-ether-options {
            minimum-links 1;
            lacp {
                passive;
            }
        }
        unit 0 {
            family ethernet-switching {
                interface-mode access;
                vlan {
                    members default;
                }
            }
        }
    }
    irb {
        unit 0 {
            family inet {
                address 193.40.10.253/24;
            }

        }
    }
    vme {
        unit 0 {
            family inet {
                address 192.168.1.1/24;
            }
        }
    }
}
snmp {
    community juniper;
    trap-group space {
        targets {
            193.40.10.162;
        }
    }
}
forwarding-options {
    storm-control-profiles default {
        all;
    }
}
protocols {
    lldp {
        interface all;
    }
    lldp-med {
        interface all;
    }
    igmp-snooping {
        vlan default;
    }
    rstp {
        interface ge-0/0/1;
        interface ge-0/0/3;
        interface ge-0/0/4;
        interface ge-0/0/5;
        interface ge-0/0/6;
        interface ge-0/0/8;
        interface ge-0/0/9;
        interface ge-0/0/10;
        interface ge-0/0/11;
        interface ge-0/0/12;
        interface ge-0/0/13;
        interface ge-0/0/14;
        interface ge-0/0/15;
        interface ge-0/0/16;
        interface ge-0/0/17;
        interface ge-0/0/18;
        interface ge-0/0/19;
        interface ge-0/0/20;
        interface ge-0/0/21;
        interface ge-0/0/22;
        interface ge-0/0/23;
        interface ge-0/2/0;
        interface xe-0/2/0;
        interface ge-0/2/1;
        interface xe-0/2/1;
        interface ge-0/2/2;
        interface xe-0/2/2;
        interface ge-0/2/3;
        interface xe-0/2/3;
    }
}
vlans {
    default {
        vlan-id 1;
        l3-interface irb.0;
    }
}

{master:0}
root@DSADSHY-SCADA>

{master:0}
root@DSADSHY-SCADA> show configuration | no-more | display set
set version 14.1X53-D47.3
set system host-name DSADSHY-SCADA
set system auto-snapshot
set system root-authentication encrypted-password "$1$6st7EOV6$m0xn/dcqHvZY1ZZjghIa00"
set system login user jim uid 2000
set system login user jim class super-user
set system login user jim authentication encrypted-password "$1$taf5KEtW$qbCnnZonpp90OFoGMd8001"
set system services ftp
set system services ssh max-sessions-per-connection 32
set system services netconf ssh
set system services web-management http
set system syslog user * any emergency
set system syslog file messages any notice
set system syslog file messages authorization info
set system syslog file interactive-commands interactive-commands any
set system syslog file default-log-messages any any
set system syslog file default-log-messages match "(requested 'commit' operation)|(requested 'commit synchronize' operation)|(copying configuration to juniper.save)|(commit complete)|ifAdminStatus|(FRU power)|(FRU removal)|(FRU insertion)|(link UP)|transitioned|Transferred|transfer-file|(license add)|(license delete)|(package -X update)|(package -X delete)|(FRU Online)|(FRU Offline)|(plugged in)|(unplugged)|CFMD_CCM_DEFECT| LFMD_3AH | RPD_MPLS_PATH_BFD|(Master Unchanged, Members Changed)|(Master Changed, Members Changed)|(Master Detected, Members Changed)|(vc add)|(vc delete)|(Master detected)|(Master changed)|(Backup detected)|(Backup changed)|(interface vcp-)|BR_INFRA_DEVICE"
set system syslog file default-log-messages structured-data
set system commit synchronize
set system processes dhcp-service traceoptions file dhcp_logfile
set system processes dhcp-service traceoptions file size 10m
set system processes dhcp-service traceoptions level all
set system processes dhcp-service traceoptions flag all
set chassis aggregated-devices ethernet device-count 17
set chassis alarm management-ethernet link-down ignore
set interfaces ge-0/0/0 ether-options 802.3ad ae0
set interfaces ge-0/0/1 unit 0 family ethernet-switching vlan members default
set interfaces ge-0/0/1 unit 0 family ethernet-switching storm-control default
set interfaces ge-0/0/2 ether-options 802.3ad ae2
set interfaces ge-0/0/3 unit 0 family ethernet-switching vlan members default
set interfaces ge-0/0/3 unit 0 family ethernet-switching storm-control default
set interfaces ge-0/0/4 unit 0 family ethernet-switching vlan members default
set interfaces ge-0/0/4 unit 0 family ethernet-switching storm-control default
set interfaces ge-0/0/5 unit 0 family ethernet-switching vlan members default
set interfaces ge-0/0/5 unit 0 family ethernet-switching storm-control default
set interfaces ge-0/0/6 unit 0 family ethernet-switching vlan members default
set interfaces ge-0/0/6 unit 0 family ethernet-switching storm-control default
set interfaces ge-0/0/7 ether-options 802.3ad ae7
set interfaces ge-0/0/8 unit 0 family ethernet-switching vlan members default
set interfaces ge-0/0/8 unit 0 family ethernet-switching storm-control default
set interfaces ge-0/0/9 unit 0 family ethernet-switching vlan members default
set interfaces ge-0/0/9 unit 0 family ethernet-switching storm-control default
set interfaces ge-0/0/10 unit 0 family ethernet-switching vlan members default
set interfaces ge-0/0/10 unit 0 family ethernet-switching storm-control default
set interfaces ge-0/0/11 unit 0 family ethernet-switching vlan members default
set interfaces ge-0/0/11 unit 0 family ethernet-switching storm-control default
set interfaces ge-0/0/12 unit 0 family ethernet-switching vlan members default
set interfaces ge-0/0/12 unit 0 family ethernet-switching storm-control default
set interfaces ge-0/0/13 unit 0 family ethernet-switching vlan members default
set interfaces ge-0/0/13 unit 0 family ethernet-switching storm-control default
set interfaces ge-0/0/14 unit 0 family ethernet-switching vlan members default
set interfaces ge-0/0/14 unit 0 family ethernet-switching storm-control default
set interfaces ge-0/0/15 unit 0 family ethernet-switching vlan members default
set interfaces ge-0/0/15 unit 0 family ethernet-switching storm-control default
set interfaces ge-0/0/16 unit 0 family ethernet-switching vlan members default
set interfaces ge-0/0/16 unit 0 family ethernet-switching storm-control default
set interfaces ge-0/0/17 unit 0 family ethernet-switching vlan members default
set interfaces ge-0/0/17 unit 0 family ethernet-switching storm-control default
set interfaces ge-0/0/18 unit 0 family ethernet-switching vlan members default
set interfaces ge-0/0/18 unit 0 family ethernet-switching storm-control default
set interfaces ge-0/0/19 unit 0 family ethernet-switching vlan members default
set interfaces ge-0/0/19 unit 0 family ethernet-switching storm-control default
set interfaces ge-0/0/20 unit 0 family ethernet-switching vlan members default
set interfaces ge-0/0/20 unit 0 family ethernet-switching storm-control default
set interfaces ge-0/0/21 unit 0 family ethernet-switching vlan members default
set interfaces ge-0/0/21 unit 0 family ethernet-switching storm-control default
set interfaces ge-0/0/22 unit 0 family ethernet-switching vlan members default
set interfaces ge-0/0/22 unit 0 family ethernet-switching storm-control default
set interfaces ge-0/0/23 unit 0 family ethernet-switching vlan members default
set interfaces ge-0/0/23 unit 0 family ethernet-switching storm-control default
set interfaces ge-0/2/0 unit 0 family ethernet-switching vlan members default
set interfaces ge-0/2/0 unit 0 family ethernet-switching storm-control default
set interfaces xe-0/2/0 unit 0 family ethernet-switching vlan members default
set interfaces xe-0/2/0 unit 0 family ethernet-switching storm-control default
set interfaces ge-0/2/1 unit 0 family ethernet-switching vlan members default
set interfaces ge-0/2/1 unit 0 family ethernet-switching storm-control default
set interfaces xe-0/2/1 unit 0 family ethernet-switching vlan members default
set interfaces xe-0/2/1 unit 0 family ethernet-switching storm-control default
set interfaces ge-0/2/2 unit 0 family ethernet-switching vlan members default
set interfaces ge-0/2/2 unit 0 family ethernet-switching storm-control default
set interfaces xe-0/2/2 unit 0 family ethernet-switching vlan members default
set interfaces xe-0/2/2 unit 0 family ethernet-switching storm-control default
set interfaces ge-0/2/3 unit 0 family ethernet-switching vlan members default
set interfaces ge-0/2/3 unit 0 family ethernet-switching storm-control default
set interfaces xe-0/2/3 unit 0 family ethernet-switching vlan members default
set interfaces xe-0/2/3 unit 0 family ethernet-switching storm-control default
set interfaces ge-1/0/0 ether-options 802.3ad ae0
set interfaces ge-1/0/1 unit 0 family ethernet-switching
set interfaces ge-1/0/2 ether-options 802.3ad ae2
set interfaces ge-1/0/3 unit 0 family ethernet-switching
set interfaces ge-1/0/4 unit 0 family ethernet-switching
set interfaces ge-1/0/5 unit 0 family ethernet-switching
set interfaces ge-1/0/6 unit 0 family ethernet-switching
set interfaces ge-1/0/7 ether-options 802.3ad ae7
set interfaces ge-1/0/8 unit 0 family ethernet-switching
set interfaces ge-1/0/9 unit 0 family ethernet-switching
set interfaces ge-1/0/10 unit 0 family ethernet-switching
set interfaces ge-1/0/11 unit 0 family ethernet-switching
set interfaces ge-1/0/12 unit 0 family ethernet-switching
set interfaces ge-1/0/13 unit 0 family ethernet-switching
set interfaces ge-1/0/14 unit 0 family ethernet-switching
set interfaces ge-1/0/15 unit 0 family ethernet-switching
set interfaces ge-1/0/16 unit 0 family ethernet-switching
set interfaces ge-1/0/17 unit 0 family ethernet-switching
set interfaces ge-1/0/18 unit 0 family ethernet-switching
set interfaces ge-1/0/19 unit 0 family ethernet-switching
set interfaces ge-1/0/20 unit 0 family ethernet-switching
set interfaces ge-1/0/21 unit 0 family ethernet-switching
set interfaces ge-1/0/22 unit 0 family ethernet-switching
set interfaces ge-1/0/23 unit 0 family ethernet-switching
set interfaces ae0 aggregated-ether-options lacp active
set interfaces ae0 unit 0 family ethernet-switching interface-mode access
set interfaces ae0 unit 0 family ethernet-switching vlan members default
set interfaces ae2 aggregated-ether-options minimum-links 1
set interfaces ae2 aggregated-ether-options lacp passive
set interfaces ae2 unit 0 family ethernet-switching interface-mode access
set interfaces ae2 unit 0 family ethernet-switching vlan members default
set interfaces ae7 aggregated-ether-options minimum-links 1
set interfaces ae7 aggregated-ether-options lacp passive
set interfaces ae7 unit 0 family ethernet-switching interface-mode access
set interfaces ae7 unit 0 family ethernet-switching vlan members default
set interfaces irb unit 0 family inet address 193.40.10.253/24
set interfaces vme unit 0 family inet address 192.168.1.1/24
set snmp community juniper
set snmp trap-group space targets 193.40.10.162
set forwarding-options storm-control-profiles default all
set protocols lldp interface all
set protocols lldp-med interface all
set protocols igmp-snooping vlan default
set protocols rstp interface ge-0/0/1
set protocols rstp interface ge-0/0/3
set protocols rstp interface ge-0/0/4
set protocols rstp interface ge-0/0/5
set protocols rstp interface ge-0/0/6
set protocols rstp interface ge-0/0/8
set protocols rstp interface ge-0/0/9
set protocols rstp interface ge-0/0/10
set protocols rstp interface ge-0/0/11
set protocols rstp interface ge-0/0/12
set protocols rstp interface ge-0/0/13
set protocols rstp interface ge-0/0/14
set protocols rstp interface ge-0/0/15
set protocols rstp interface ge-0/0/16
set protocols rstp interface ge-0/0/17
set protocols rstp interface ge-0/0/18
set protocols rstp interface ge-0/0/19
set protocols rstp interface ge-0/0/20
set protocols rstp interface ge-0/0/21
set protocols rstp interface ge-0/0/22
set protocols rstp interface ge-0/0/23
set protocols rstp interface ge-0/2/0
set protocols rstp interface xe-0/2/0
set protocols rstp interface ge-0/2/1
set protocols rstp interface xe-0/2/1
set protocols rstp interface ge-0/2/2
set protocols rstp interface xe-0/2/2
set protocols rstp interface ge-0/2/3
set protocols rstp interface xe-0/2/3
set vlans default vlan-id 1
set vlans default l3-interface irb.0

{master:0}
