

set interfaces ge-0/0/0.0 family ethernet-switching vlan members vlan10
set interfaces ge-0/0/1.0 family ethernet-switching vlan members vlan10
set interfaces ge-0/0/2.0 family ethernet-switching vlan members vlan10
set interfaces ge-0/0/3.0 family ethernet-switching vlan members vlan10
set interfaces ge-0/0/4.0 family ethernet-switching vlan members vlan10
set interfaces ge-0/0/5.0 family ethernet-switching vlan members vlan10
set interfaces ge-0/0/6.0 family ethernet-switching vlan members vlan10
set interfaces ge-0/0/7.0 family ethernet-switching vlan members vlan10
set interfaces ge-0/0/8.0 family ethernet-switching vlan members vlan10
set interfaces ge-0/0/9.0 family ethernet-switching vlan members vlan10
set interfaces ge-0/0/10.0 family ethernet-switching vlan members vlan10
set interfaces ge-0/0/11.0 family ethernet-switching vlan members vlan10
set interfaces ge-0/0/12.0 family ethernet-switching vlan members vlan10
set interfaces ge-0/0/13.0 family ethernet-switching vlan members vlan10
set interfaces ge-0/0/14.0 family ethernet-switching vlan members vlan10
set interfaces ge-0/0/15.0 family ethernet-switching vlan members vlan10
set interfaces ge-0/0/16.0 family ethernet-switching vlan members vlan10
set interfaces ge-0/0/17.0 family ethernet-switching vlan members vlan10
set interfaces ge-0/0/18.0 family ethernet-switching vlan members vlan10
set interfaces ge-0/0/19.0 family ethernet-switching vlan members vlan10
set interfaces ge-0/0/20.0 family ethernet-switching vlan members vlan10
set interfaces ge-0/0/21.0 family ethernet-switching vlan members vlan10
set interfaces ge-0/0/22.0 family ethernet-switching vlan members vlan10
set interfaces ge-0/0/23.0 family ethernet-switching vlan members vlan10
set interfaces ge-1/0/0.0 family ethernet-switching vlan members vlan10
set interfaces ge-1/0/1.0 family ethernet-switching vlan members vlan10
set interfaces ge-1/0/2.0 family ethernet-switching vlan members vlan10
set interfaces ge-1/0/3.0 family ethernet-switching vlan members vlan10
set interfaces ge-1/0/4.0 family ethernet-switching vlan members vlan10
set interfaces ge-1/0/5.0 family ethernet-switching vlan members vlan10
set interfaces ge-1/0/6.0 family ethernet-switching vlan members vlan10
set interfaces ge-1/0/7.0 family ethernet-switching vlan members vlan10
set interfaces ge-1/0/8.0 family ethernet-switching vlan members vlan10
set interfaces ge-1/0/9.0 family ethernet-switching vlan members vlan10
set interfaces ge-1/0/10.0 family ethernet-switching vlan members vlan10
set interfaces ge-1/0/11.0 family ethernet-switching vlan members vlan10
set interfaces ge-1/0/12.0 family ethernet-switching vlan members vlan10
set interfaces ge-1/0/13.0 family ethernet-switching vlan members vlan10
set interfaces ge-1/0/14.0 family ethernet-switching vlan members vlan10
set interfaces ge-1/0/15.0 family ethernet-switching vlan members vlan10
set interfaces ge-1/0/16.0 family ethernet-switching vlan members vlan10
set interfaces ge-1/0/17.0 family ethernet-switching vlan members vlan10
set interfaces ge-1/0/18.0 family ethernet-switching vlan members vlan10
set interfaces ge-1/0/19.0 family ethernet-switching vlan members vlan10
set interfaces ge-1/0/20.0 family ethernet-switching vlan members vlan10
set interfaces ge-1/0/21.0 family ethernet-switching vlan members vlan10
set interfaces ge-1/0/22.0 family ethernet-switching vlan members vlan10
set interfaces ge-1/0/23.0 family ethernet-switching vlan members vlan10


delete interfaces ge-1/0/0.0 family ethernet-switching vlan members vlan10
delete interfaces ge-1/0/1.0 family ethernet-switching vlan members vlan10
delete interfaces ge-1/0/2.0 family ethernet-switching vlan members vlan10
delete interfaces ge-1/0/3.0 family ethernet-switching vlan members vlan10
delete interfaces ge-1/0/4.0 family ethernet-switching vlan members vlan10
delete interfaces ge-1/0/5.0 family ethernet-switching vlan members vlan10
delete interfaces ge-1/0/6.0 family ethernet-switching vlan members vlan10
delete interfaces ge-1/0/7.0 family ethernet-switching vlan members vlan10
delete interfaces ge-1/0/8.0 family ethernet-switching vlan members vlan10
delete interfaces ge-1/0/9.0 family ethernet-switching vlan members vlan10
delete interfaces ge-1/0/10.0 family ethernet-switching vlan members vlan10
delete interfaces ge-1/0/11.0 family ethernet-switching vlan members vlan10
delete interfaces ge-1/0/12.0 family ethernet-switching vlan members vlan10
delete interfaces ge-1/0/13.0 family ethernet-switching vlan members vlan10
delete interfaces ge-1/0/14.0 family ethernet-switching vlan members vlan10
delete interfaces ge-1/0/15.0 family ethernet-switching vlan members vlan10
delete interfaces ge-1/0/16.0 family ethernet-switching vlan members vlan10
delete interfaces ge-1/0/17.0 family ethernet-switching vlan members vlan10
delete interfaces ge-1/0/18.0 family ethernet-switching vlan members vlan10
delete interfaces ge-1/0/19.0 family ethernet-switching vlan members vlan10
delete interfaces ge-1/0/20.0 family ethernet-switching vlan members vlan10
delete interfaces ge-1/0/21.0 family ethernet-switching vlan members vlan10
delete interfaces ge-1/0/22.0 family ethernet-switching vlan members vlan10
delete interfaces ge-1/0/23.0 family ethernet-switching vlan members vlan10


delete interfaces ge-0/0/0 ether-options 802.3ad ae0
delete interfaces ge-0/0/1 ether-options 802.3ad ae1
delete interfaces ge-0/0/2 ether-options 802.3ad ae2
delete interfaces ge-0/0/3 ether-options 802.3ad ae3
delete interfaces ge-0/0/4 ether-options 802.3ad ae4
delete interfaces ge-0/0/5 ether-options 802.3ad ae5
delete interfaces ge-0/0/6 ether-options 802.3ad ae6
delete interfaces ge-0/0/7 ether-options 802.3ad ae7
delete interfaces ge-0/0/8 ether-options 802.3ad ae8
delete interfaces ge-0/0/9 ether-options 802.3ad ae9
delete interfaces ge-1/0/0 ether-options 802.3ad ae0
delete interfaces ge-1/0/1 ether-options 802.3ad ae1
delete interfaces ge-1/0/2 ether-options 802.3ad ae2
delete interfaces ge-1/0/3 ether-options 802.3ad ae3
delete interfaces ge-1/0/4 ether-options 802.3ad ae4
delete interfaces ge-1/0/5 ether-options 802.3ad ae5
delete interfaces ge-1/0/6 ether-options 802.3ad ae6
delete interfaces ge-1/0/7 ether-options 802.3ad ae7
delete interfaces ge-1/0/8 ether-options 802.3ad ae8
delete interfaces ge-1/0/9 ether-options 802.3ad ae9
set interfaces ae0 aggregated-ether-options minimum-links 1
set interfaces ae1 aggregated-ether-options minimum-links 1
set interfaces ae2 aggregated-ether-options minimum-links 1
set interfaces ae3 aggregated-ether-options minimum-links 1
set interfaces ae4 aggregated-ether-options minimum-links 1
set interfaces ae5 aggregated-ether-options minimum-links 1
set interfaces ae6 aggregated-ether-options minimum-links 1
set interfaces ae7 aggregated-ether-options minimum-links 1
set interfaces ae8 aggregated-ether-options minimum-links 1
set interfaces ae9 aggregated-ether-options minimum-links 1


delete interfaces ge-0/0/0.0
delete interfaces ge-0/0/1.0
delete interfaces ge-0/0/2.0
delete interfaces ge-0/0/3.0
delete interfaces ge-0/0/4.0
delete interfaces ge-0/0/5.0
delete interfaces ge-0/0/6.0
delete interfaces ge-0/0/7.0
delete interfaces ge-0/0/8.0
delete interfaces ge-0/0/9.0
delete interfaces ge-1/0/0.0
delete interfaces ge-1/0/1.0
delete interfaces ge-1/0/2.0
delete interfaces ge-1/0/3.0
delete interfaces ge-1/0/4.0
delete interfaces ge-1/0/5.0
delete interfaces ge-1/0/6.0
delete interfaces ge-1/0/7.0
delete interfaces ge-1/0/8.0
delete interfaces ge-1/0/9.0
delete protocols rstp interface ge-0/0/0
delete protocols rstp interface ge-0/0/1
delete protocols rstp interface ge-0/0/2
delete protocols rstp interface ge-0/0/3
delete protocols rstp interface ge-0/0/4
delete protocols rstp interface ge-0/0/5
delete protocols rstp interface ge-0/0/6
delete protocols rstp interface ge-0/0/7
delete protocols rstp interface ge-0/0/8
delete protocols rstp interface ge-0/0/9
delete protocols rstp interface ge-1/0/0
delete protocols rstp interface ge-1/0/1
delete protocols rstp interface ge-1/0/2
delete protocols rstp interface ge-1/0/3
delete protocols rstp interface ge-1/0/4
delete protocols rstp interface ge-1/0/5
delete protocols rstp interface ge-1/0/6
delete protocols rstp interface ge-1/0/7
delete protocols rstp interface ge-1/0/8
delete protocols rstp interface ge-1/0/9

delete interfaces ge-0/0/0
delete interfaces ge-0/0/1
delete interfaces ge-0/0/2
delete interfaces ge-0/0/3
delete interfaces ge-0/0/4
delete interfaces ge-0/0/5
delete interfaces ge-0/0/6
delete interfaces ge-0/0/7
delete interfaces ge-0/0/8
delete interfaces ge-0/0/9
delete interfaces ge-1/0/0
delete interfaces ge-1/0/1
delete interfaces ge-1/0/2
delete interfaces ge-1/0/3.0
delete interfaces ge-1/0/4.0
delete interfaces ge-1/0/5.0
delete interfaces ge-1/0/6.0
delete interfaces ge-1/0/7.0
delete interfaces ge-1/0/8.0
delete interfaces ge-1/0/9.0


delete interfaces ae0
delete interfaces ae1
delete interfaces ae2
delete interfaces ae3
delete interfaces ae4
delete interfaces ae5
delete interfaces ae6
delete interfaces ae7
delete interfaces ae8
delete interfaces ae9

delete interfaces ge-0/0/10 unit 0 family ethernet-switching vlan members default
delete interfaces ge-0/0/11 unit 0 family ethernet-switching vlan members default
delete interfaces ge-0/0/12 unit 0 family ethernet-switching vlan members default
delete interfaces ge-0/0/13 unit 0 family ethernet-switching vlan members default
delete interfaces ge-0/0/14 unit 0 family ethernet-switching vlan members default
delete interfaces ge-0/0/15 unit 0 family ethernet-switching vlan members default
delete interfaces ge-0/0/16 unit 0 family ethernet-switching vlan members default
delete interfaces ge-0/0/17 unit 0 family ethernet-switching vlan members default
delete interfaces ge-0/0/18 unit 0 family ethernet-switching vlan members default
delete interfaces ge-0/0/19 unit 0 family ethernet-switching vlan members default
delete interfaces ge-0/0/20 unit 0 family ethernet-switching vlan members default
delete interfaces ge-0/0/21 unit 0 family ethernet-switching vlan members default
delete interfaces ge-0/0/22 unit 0 family ethernet-switching vlan members default
delete interfaces ge-0/0/23 unit 0 family ethernet-switching vlan members default
delete interfaces ge-1/0/10 unit 0 family ethernet-switching vlan members default
delete interfaces ge-1/0/11 unit 0 family ethernet-switching vlan members default
delete interfaces ge-1/0/12 unit 0 family ethernet-switching vlan members default
delete interfaces ge-1/0/13 unit 0 family ethernet-switching vlan members default
delete interfaces ge-1/0/14 unit 0 family ethernet-switching vlan members default
delete interfaces ge-1/0/15 unit 0 family ethernet-switching vlan members default
delete interfaces ge-1/0/16 unit 0 family ethernet-switching vlan members default
delete interfaces ge-1/0/17 unit 0 family ethernet-switching vlan members default
delete interfaces ge-1/0/18 unit 0 family ethernet-switching vlan members default
delete interfaces ge-1/0/19 unit 0 family ethernet-switching vlan members default
delete interfaces ge-1/0/20 unit 0 family ethernet-switching vlan members default
delete interfaces ge-1/0/21 unit 0 family ethernet-switching vlan members default
delete interfaces ge-1/0/22 unit 0 family ethernet-switching vlan members default
delete interfaces ge-1/0/23 unit 0 family ethernet-switching vlan members default
