run show virtual-chassis
run show vlans

show interfaces terse | match (irb/vlan...)
show virtual-chassis
show virtual-chassis vc-port
show chassis fpc pic-status
show | display set
show chassis hardware

delete chassis auto-image-upgrade

set system root-authentication plain-text-password
set system host-name DSADSTC-SCADA
set interfaces irb.10 family inet address 193.30.10.253/24
set vlans vlan10 vlan-id 10
set vlans vlan10 l3-interface irb.10
set interfaces ge-1/0/0.0 family ethernet-switching vlan members vlan100

set interfaces ge-0/0/0 ether-options 802.3ad ae0
set interfaces ae0 aggregated-ether-options minimum-links 1 /aggregated-ether-options lacp passive


delete interfaces ge-0/0/0.0 family ethernet-switching vlan members default
delete interfaces ge-0/0/0.0
delete protocols rstp interface ge-0/0/0

commit and-quit
commit check

request system software add /var/tmp/jinstall-ex-4200-12.3R12.4-domestic-signed.tgz no-cpoy no-validate
request virtual-chassis vc-port set interface
request virtual-chassis vc-port set pic-slot 2 port 0
request system shutdown at now


edit interfaces

load set terminal     //used to import multiple lines



==========upgrade kit==================
mkdir /var/tmp/usb
mount_msdosfs /dev/da1s1 /var/tmp/usb
cp /var/tmp/usb/jinstall-ex-4200-12.3R12.4-domestic-signed.tgz /var/tmp
umount /var/tmp/usb
set system root-authentication plain-text-password
delete chassis auto-image-upgrade
commit and-quit
request system software add /var/tmp/jinstall-ex-4200-12.3R12.4-domestic-signed.tgz no-copy no-validate
========

set member 0 serial-number PG3717050012 role routing-engine/line-card
set member 1 serial-number PG3717050067 role routing-engine

set route 193.30.12.0/24 next-hop 172.30.12.2
set routing-options static route 0.0.0.0/0 next-hop 172.30.13.246

set date 201909031717.30

request virtual-chassis recycle member-id ?

request virtual-chassis vc-port set pic-slot 2 port 1
request virtual-chassis vc-port set pic-slot 2 port 0

set chassis aggregated-devices ethernet device-count 16

show lacp statistics interfaces
show lacp interfaces
==========Firewall=================

configure
configure shared


set groups node0 system host-name SRX550-3
set groups node0 interfaces fxp0 unit 0 family inet address 1.1.1.1/24
set groups node1 system host-name SRX550-2
set groups node1 interfaces fxp0 unit 0 family inet address 1.1.1.2/24
set apply-groups "${node}"
set chassis aggregated-devices ethernet device-count 2
set chassis cluster reth-count 12
set chassis cluster redundancy-group 0 node 0 priority 100
set chassis cluster redundancy-group 0 node 1 priority 1
set chassis cluster redundancy-group 1 node 0 priority 100
set chassis cluster redundancy-group 1 node 1 priority 1
set chassis cluster redundancy-group 1 preempt
delete system autoinstallation
delete system phone-home
delete interfaces ge-0/0/0
delete interfaces ge-0/0/1
delete interfaces ge-0/0/2
set interfaces fab0 fabric-options member-interfaces ge-0/0/2
set interfaces fab1 fabric-options member-interfaces ge-1/0/2

delete system autoinstallation
delete system services dhcp-local-server
delete interfaces
delete security zones security-zone trust interfaces
delete security zones security-zone untrust interfaces
delete system services web-management https



run show chassis cluster statistics
run show chassis cluster status

set interfaces ge-6/0/0 gigether-options redundant-parent reth0
set interfaces ge-15/0/0 gigether-options redundant-parent reth0
set interfaces reth0 redundant-ether-options redundancy-group 1
set interfaces reth0 unit 0 family ethernet-switching vlan members v10



set interfaces reth3 unit 0 family ethernet-switching

set security zones security-zone online interfaces reth0.0
set security zones security-zone eos interfaces reth1.0
set security zones security-zone ddcc interfaces reth2.0
set security zones security-zone ehv interfaces reth3.0

set security zones security-zone ehv interfaces irb.73

set security zones security-zone online host-inbound-traffic system-services/protocols all
set security zones security-zone online address-book address 193.30.10.10/32 193.30.10.10/3

set applications application RPCBIND term TCP111 protocol tcp
set applications application RPCBIND term TCP111 destination-port 111

set security policies from-zone online to-zone eos policy 1 match application junos
set security policies from-zone online to-zone eos policy 1 match source-address 193.30.10.10/32 destination-address 193.30.12.12/32


======set ha for FW
delete interfaces fe-0/0/5
delete interfaces fe-0/0/6
delete interfaces fe-0/0/7
commit
set chassis cluster cluster-id <cluster-id> node <node> reboot  #<cluster-id> range from 1~15，<node> from 0-1 #cluster-id> needed to be the same，<node>first 0 second 1
