## Last changed: 2019-11-07 16:53:32 UTC
version 18.1R3-S6.1;
system {
    host-name OSAOSTC;
    auto-snapshot;
    services {
        ssh {
            root-login allow;
        }
    }
    syslog {
        user * {
            any emergency;
        }
        file messages {
            any notice;
            authorization info;
        }
        file interactive-commands {
            interactive-commands any;
        }
    }
    processes {
        dhcp-service {
            traceoptions {
                file dhcp_logfile size 10m;
                level all;
                flag all;
            }
        }
    }
}
chassis {
    aggregated-devices {
        ethernet {
            device-count 30;
        }
    }
}
interfaces {
    ge-0/0/0 {
        ether-options {
            802.3ad ae0;
        }
    }
    ge-0/0/1 {
        ether-options {
            802.3ad ae1;
        }
    }
    ge-0/0/2 {
        ether-options {
            802.3ad ae2;
        }
    }
    ge-0/0/3 {
        ether-options {
            802.3ad ae3;
        }
    }
    ge-0/0/4 {
        ether-options {
            802.3ad ae4;
        }
    }
    ge-0/0/5 {
        ether-options {
            802.3ad ae5;
        }
    }
    ge-0/0/6 {
        ether-options {
            802.3ad ae6;
        }
    }
    ge-0/0/7 {
        ether-options {
            802.3ad ae7;
        }
    }
    ge-0/0/8 {
        ether-options {
            802.3ad ae8;
        }
    }
    ge-0/0/9 {
        ether-options {
            802.3ad ae9;
        }
    }
    ge-0/0/10 {
        ether-options {
            802.3ad ae10;
        }
    }
    ge-0/0/11 {
        ether-options {
            802.3ad ae11;
        }
    }
    ge-0/0/12 {
        ether-options {
            802.3ad ae12;
        }
    }
    ge-0/0/13 {
        unit 0 {
            family ethernet-switching {
                vlan {
                    members vl10;
                }
                storm-control default;
            }
        }
    }
    ge-0/0/14 {
        unit 0 {
            family ethernet-switching {
                storm-control default;
            }
        }
    }
    ge-0/0/15 {
        unit 0 {
            family ethernet-switching {
                storm-control default;
            }
        }
    }
    ge-0/0/16 {
        unit 0 {
            family ethernet-switching {
                storm-control default;
            }
        }
    }
    ge-0/0/17 {
        unit 0 {
            family ethernet-switching {
                storm-control default;
            }
        }
    }
    ge-0/0/18 {
        unit 0 {
            family ethernet-switching {
                storm-control default;
            }
        }
    }
    ge-0/0/19 {
        unit 0 {
            family ethernet-switching {
                storm-control default;
            }
        }
    }
    ge-0/0/20 {
        unit 0 {
            family ethernet-switching {
                storm-control default;
            }
        }
    }
    ge-0/0/21 {
        unit 0 {
            family ethernet-switching {
                storm-control default;
            }
        }
    }
    ge-0/0/22 {
        unit 0 {
            family ethernet-switching {
                storm-control default;
            }
        }
    }
    ge-0/0/23 {
        ether-options {
            802.3ad ae123;
        }
    }
    ge-0/2/0 {
        unit 0 {
            family ethernet-switching {
                storm-control default;
            }
        }
    }
    xe-0/2/0 {
        unit 0 {
            family ethernet-switching {
                storm-control default;
            }
        }
    }
    ge-0/2/1 {
        unit 0 {
            family ethernet-switching {
                storm-control default;
            }
        }
    }
    xe-0/2/1 {
        unit 0 {
            family ethernet-switching {
                storm-control default;
            }
        }
    }
    ge-0/2/2 {
        unit 0 {
            family ethernet-switching {
                storm-control default;
            }
        }
    }
    xe-0/2/2 {
        unit 0 {
            family ethernet-switching {
                storm-control default;
            }
        }
    }
    ge-0/2/3 {
        unit 0 {
            family ethernet-switching {
                storm-control default;
            }
        }
    }
    xe-0/2/3 {
        unit 0 {
            family ethernet-switching {
                storm-control default;
            }
        }
    }
    ge-1/0/0 {
        ether-options {
            802.3ad ae0;
        }
    }
    ge-1/0/1 {
        ether-options {
            802.3ad ae1;
        }
    }
    ge-1/0/2 {
        ether-options {
            802.3ad ae2;
        }
    }
    ge-1/0/3 {
        ether-options {
            802.3ad ae3;
        }
    }
    ge-1/0/4 {
        ether-options {
            802.3ad ae4;
        }
    }
    ge-1/0/5 {
        ether-options {
            802.3ad ae5;
        }
    }
    ge-1/0/6 {
        ether-options {
            802.3ad ae6;
        }
    }
    ge-1/0/7 {
        ether-options {
            802.3ad ae7;
        }
    }
    ge-1/0/8 {
        ether-options {
            802.3ad ae8;
        }
    }
    ge-1/0/9 {
        ether-options {
            802.3ad ae9;
        }
    }
    ge-1/0/10 {
        ether-options {
            802.3ad ae10;
        }
    }
    ge-1/0/11 {
        ether-options {
            802.3ad ae11;
        }
    }
    ge-1/0/12 {
        ether-options {
            802.3ad ae12;
        }
    }
    ge-1/0/13 {
        unit 0 {
            family ethernet-switching {
                vlan {
                    members vl10;
                }
            }
        }
    }
    ge-1/0/23 {
        ether-options {
            802.3ad ae123;
        }
    }
    ge-2/0/0 {
        ether-options {
            802.3ad ae13;
        }
    }
    ge-2/0/1 {
        ether-options {
            802.3ad ae14;
        }
    }
    ge-2/0/2 {
        ether-options {
            802.3ad ae15;
        }
    }
    ge-2/0/3 {
        ether-options {
            802.3ad ae16;
        }
    }
    ge-2/0/4 {
        ether-options {
            802.3ad ae17;
        }
    }
    ge-2/0/5 {
        ether-options {
            802.3ad ae18;
        }
    }
    ge-2/0/6 {
        ether-options {
            802.3ad ae19;
        }
    }
    ge-2/0/7 {
        ether-options {
            802.3ad ae20;
        }
    }
    ge-2/0/8 {
        ether-options {
            802.3ad ae21;
        }
    }
    ge-2/0/9 {
        ether-options {
            802.3ad ae22;
        }
    }
    ge-2/0/10 {
        ether-options {
            802.3ad ae23;
        }
    }
    ge-2/0/11 {
        ether-options {
            802.3ad ae24;
        }
    }
    ge-2/0/12 {
        ether-options {
            802.3ad ae25;
        }
    }
    ge-3/0/0 {
        ether-options {
            802.3ad ae13;
        }
    }
    ge-3/0/1 {
        ether-options {
            802.3ad ae14;
        }
    }
    ge-3/0/2 {
        ether-options {
            802.3ad ae15;
        }
    }
    ge-3/0/3 {
        ether-options {
            802.3ad ae16;
        }
    }
    ge-3/0/4 {
        ether-options {
            802.3ad ae17;
        }
    }
    ge-3/0/5 {
        ether-options {
            802.3ad ae18;
        }
    }
    ge-3/0/6 {
        ether-options {
            802.3ad ae19;
        }
    }
    ge-3/0/7 {
        ether-options {
            802.3ad ae20;
        }
    }
    ge-3/0/8 {
        ether-options {
            802.3ad ae21;
        }
    }
    ge-3/0/9 {
        ether-options {
            802.3ad ae22;
        }
    }
    ge-3/0/10 {
        ether-options {
            802.3ad ae23;
        }
    }
    ge-3/0/11 {
        ether-options {
            802.3ad ae24;
        }
    }
    ge-3/0/12 {
        ether-options {
            802.3ad ae25;
        }
    }
    ae0 {
        aggregated-ether-options {
            minimum-links 1;
            lacp {
                passive;
            }
        }
        unit 0 {
            family ethernet-switching {
                vlan {
                    members vl10;
                }
            }
        }
    }
    ae1 {
        aggregated-ether-options {
            minimum-links 1;
            lacp {
                passive;
            }
        }
        unit 0 {
            family ethernet-switching {
                vlan {
                    members vl112;
                }
            }
        }
    }
    ae2 {
        aggregated-ether-options {
            minimum-links 1;
            lacp {
                passive;
            }
        }
        unit 0 {
            family ethernet-switching {
                vlan {
                    members vl2;
                }
            }
        }
    }
    ae3 {
        aggregated-ether-options {
            minimum-links 1;
            lacp {
                passive;
            }
        }
        unit 0 {
            family ethernet-switching {
                vlan {
                    members vl3;
                }
            }
        }
    }
    ae4 {
        aggregated-ether-options {
            minimum-links 1;
            lacp {
                passive;
            }
        }
        unit 0 {
            family ethernet-switching {
                vlan {
                    members vl4;
                }
            }
        }
    }
    ae5 {
        aggregated-ether-options {
            minimum-links 1;
            lacp {
                passive;
            }
        }
        unit 0 {
            family ethernet-switching {
                vlan {
                    members vl11;
                }
            }
        }
    }
    ae6 {
        aggregated-ether-options {
            minimum-links 1;
            lacp {
                passive;
            }
        }
        unit 0 {
            family ethernet-switching {
                vlan {
                    members vl12;
                }
            }
        }
    }
    ae7 {
        aggregated-ether-options {
            minimum-links 1;
            lacp {
                passive;
            }
        }
        unit 0 {
            family ethernet-switching {
                vlan {
                    members vl13;
                }
            }
        }
    }
    ae8 {
        aggregated-ether-options {
            minimum-links 1;
            lacp {
                passive;
            }
        }
        unit 0 {
            family ethernet-switching {
                vlan {
                    members vl14;
                }
            }
        }
    }
    ae9 {
        aggregated-ether-options {
            minimum-links 1;
            lacp {
                active;
                periodic slow;
            }
        }
        unit 0 {
            family ethernet-switching {
                vlan {
                    members vl113;
                }
            }
        }
    }
    ae10 {
        aggregated-ether-options {
            minimum-links 1;
            lacp {
                passive;
            }
        }
        unit 0 {
            family ethernet-switching {
                vlan {
                    members vl10;
                }
            }
        }
    }
    ae11 {
        aggregated-ether-options {
            minimum-links 1;
            lacp {
                passive;
            }
        }
        unit 0 {
            family ethernet-switching {
                vlan {
                    members vl10;
                }
            }
        }
    }
    ae12 {
        aggregated-ether-options {
            minimum-links 1;
            lacp {
                passive;
            }
        }
        unit 0 {
            family ethernet-switching {
                vlan {
                    members vl10;
                }
            }
        }
    }
    ae123 {
        aggregated-ether-options {
            lacp {
                active;
                periodic slow;
            }
        }
        unit 0 {
            family ethernet-switching {
                vlan {
                    members vl113;
                }
            }
        }
    }
    ae13 {
        aggregated-ether-options {
            minimum-links 1;
            lacp {
                passive;
            }
        }
        unit 0 {
            family ethernet-switching {
                vlan {
                    members vl10;
                }
            }
        }
    }
    ae14 {
        aggregated-ether-options {
            minimum-links 1;
            lacp {
                passive;
            }
        }
        unit 0 {
            family ethernet-switching {
                vlan {
                    members vl10;
                }
            }
        }
    }
    ae15 {
        aggregated-ether-options {
            minimum-links 1;
            lacp {
                passive;
            }
        }
        unit 0 {
            family ethernet-switching {
                vlan {
                    members vl10;
                }
            }
        }
    }
    ae16 {
        aggregated-ether-options {
            minimum-links 1;
            lacp {
                passive;
            }
        }
        unit 0 {
            family ethernet-switching {
                vlan {
                    members vl10;
                }
            }
        }
    }
    ae17 {
        aggregated-ether-options {
            minimum-links 1;
            lacp {
                passive;
            }
        }
        unit 0 {
            family ethernet-switching {
                vlan {
                    members vl10;
                }
            }
        }
    }
    ae18 {
        aggregated-ether-options {
            minimum-links 1;
            lacp {
                passive;
            }
        }
        unit 0 {
            family ethernet-switching {
                vlan {
                    members vl10;
                }
            }
        }
    }
    ae19 {
        aggregated-ether-options {
            minimum-links 1;
        }
        unit 0 {
            family ethernet-switching {
                interface-mode trunk;
                vlan {
                    members vl10;
                }
            }
        }
    }
    ae20 {
        aggregated-ether-options {
            minimum-links 1;
        }
        unit 0 {
            family ethernet-switching {
                interface-mode trunk;
                vlan {
                    members vl10;
                }
            }
        }
    }
    ae21 {
        aggregated-ether-options {
            minimum-links 1;
            lacp {
                passive;
            }
        }
        unit 0 {
            family ethernet-switching {
                vlan {
                    members vl10;
                }
            }
        }
    }
    ae22 {
        aggregated-ether-options {
            minimum-links 1;
            lacp {
                passive;
            }
        }
        unit 0 {
            family ethernet-switching {
                vlan {
                    members vl10;
                }
            }
        }
    }
    ae23 {
        aggregated-ether-options {
            minimum-links 1;
            lacp {
                passive;
            }
        }
        unit 0 {
            family ethernet-switching {
                vlan {
                    members vl10;
                }
            }
        }
    }
    ae24 {
        aggregated-ether-options {
            minimum-links 1;
            lacp {
                passive;
            }
        }
        unit 0 {
            family ethernet-switching {
                vlan {
                    members vl10;
                }
            }
        }
    }
    ae25 {
        aggregated-ether-options {
            minimum-links 1;
            lacp {
                passive;
            }
        }
        unit 0 {
            family ethernet-switching {
                vlan {
                    members vl10;
                }
            }
        }
    }
    irb {
        unit 0 {
            family inet {
                dhcp {
                    vendor-id Juniper-ex4300-24t-PG3717080083;
                }
            }
        }
        unit 2 {
            family inet {
                address 172.30.51.1/30;
            }
        }
        unit 3 {
            family inet {
                address 172.30.52.1/30;
            }
        }
        unit 4 {
            family inet {
                address 172.30.53.1/30;
            }
        }
        unit 10 {
            family inet {
                address 193.30.10.254/24;
            }
        }
        unit 11 {
            family inet {
                address 172.30.71.1/30;
            }
        }
        unit 12 {
            family inet {
                address 172.30.72.1/30;
            }
        }
        unit 13 {
            family inet {
                address 172.30.73.1/30;
            }
        }
        unit 14 {
            family inet {
                address 172.30.74.1/30;
            }
        }
        unit 112 {
            family inet {
                address 172.30.12.1/30;
            }
        }
        unit 113 {
            family inet {
                address 172.30.13.245/30;
            }
        }
    }
    vme {
        unit 0 {
            family inet {
                dhcp {
                    vendor-id Juniper-ex4300-24t-PG3717080083;
                }
            }
        }
    }
}
snmp {
    description "OSTC Network Switch";
    location TC;
    community junossnmp {
        authorization read-only;
        clients {
            193.30.10.254/24;
        }
    }
    community public;
    trap-group ostc-tr-gr {
        version v2;
        categories {
            chassis;
            link;
            routing;
        }
        targets {
            193.30.10.254;
        }
    }
}
forwarding-options {
    storm-control-profiles default {
        all;
    }
}
routing-options {
    static {
        route 193.30.51.0/24 next-hop 172.30.51.2;
        route 193.30.52.0/24 next-hop 172.30.52.2;
        route 193.30.53.0/24 next-hop 172.30.53.2;
        route 193.30.71.0/24 next-hop 172.30.71.2;
        route 193.30.72.0/24 next-hop 172.30.72.2;
        route 193.30.73.0/24 next-hop 172.30.73.2;
        route 193.30.74.0/24 next-hop 172.30.74.2;
        route 193.30.13.0/24 next-hop 172.30.13.246;
        route 193.30.12.0/24 next-hop 172.30.12.2;
        route 172.30.13.248/30 next-hop 172.30.13.246;
    }
}
protocols {
    lldp {
        interface all;
    }
    lldp-med {
        interface all;
    }
    igmp-snooping {
        vlan default;
    }
    rstp {
        interface all;
    }
}
vlans {
    default {
        vlan-id 1;
        l3-interface irb.0;
    }
    vl10 {
        vlan-id 10;
        l3-interface irb.10;
    }
    vl11 {
        vlan-id 11;
        l3-interface irb.11;
    }
    vl112 {
        vlan-id 112;
        l3-interface irb.112;
    }
    vl113 {
        vlan-id 113;
        l3-interface irb.113;
    }
    vl12 {
        vlan-id 12;
        l3-interface irb.12;
    }
    vl13 {
        vlan-id 13;
        l3-interface irb.13;
    }
    vl14 {
        vlan-id 14;
        l3-interface irb.14;
    }
    vl2 {
        vlan-id 2;
        l3-interface irb.2;
    }
    vl3 {
        vlan-id 3;
        l3-interface irb.3;
    }
    vl4 {
        vlan-id 4;
        l3-interface irb.4;
    }
    vl8 {
        vlan-id 8;
        l3-interface irb.8;
    }
}
