root@DDSA1DD1TC> ping 193.30.51.254
PING 193.30.51.254 (193.30.51.254): 56 data bytes
64 bytes from 193.30.51.254: icmp_seq=0 ttl=64 time=0.194 ms
64 bytes from 193.30.51.254: icmp_seq=1 ttl=64 time=0.138 ms
64 bytes from 193.30.51.254: icmp_seq=2 ttl=64 time=0.178 ms
^C
--- 193.30.51.254 ping statistics ---
3 packets transmitted, 3 packets received, 0% packet loss
round-trip min/avg/max/stddev = 0.138/0.170/0.194/0.024 ms

^[[A{master:0}
root@DDSA1DD1TC> ping 193.30.51.168
PING 193.30.51.168 (193.30.51.168): 56 data bytes
64 bytes from 193.30.51.168: icmp_seq=0 ttl=128 time=1.242 ms
64 bytes from 193.30.51.168: icmp_seq=1 ttl=128 time=1.014 ms
64 bytes from 193.30.51.168: icmp_seq=2 ttl=128 time=1.006 ms
^C
--- 193.30.51.168 ping statistics ---
3 packets transmitted, 3 packets received, 0% packet loss
round-trip min/avg/max/stddev = 1.006/1.087/1.242/0.109 ms

^[[A{master:0}
root@DDSA1DD1TC> ping 193.30.10.254
PING 193.30.10.254 (193.30.10.254): 56 data bytes
64 bytes from 193.30.10.254: icmp_seq=0 ttl=64 time=2.597 ms
64 bytes from 193.30.10.254: icmp_seq=1 ttl=64 time=2.257 ms
64 bytes from 193.30.10.254: icmp_seq=2 ttl=64 time=3.554 ms
^C
--- 193.30.10.254 ping statistics ---
3 packets transmitted, 3 packets received, 0% packet loss
round-trip min/avg/max/stddev = 2.257/2.803/3.554/0.549 ms

^[[A{master:0}
root@DDSA1DD1TC> ping 193.30.10.253
PING 193.30.10.253 (193.30.10.253): 56 data bytes
64 bytes from 193.30.10.253: icmp_seq=0 ttl=63 time=4.124 ms
64 bytes from 193.30.10.253: icmp_seq=1 ttl=63 time=3.227 ms
64 bytes from 193.30.10.253: icmp_seq=2 ttl=63 time=2.297 ms
^C
--- 193.30.10.253 ping statistics ---
3 packets transmitted, 3 packets received, 0% packet loss
round-trip min/avg/max/stddev = 2.297/3.216/4.124/0.746 ms

{master:0}
root@DDSA1DD1TC> ping 193.30.12.254
PING 193.30.12.254 (193.30.12.254): 56 data bytes
64 bytes from 193.30.12.254: icmp_seq=0 ttl=63 time=1.786 ms
64 bytes from 193.30.12.254: icmp_seq=1 ttl=63 time=2.674 ms
64 bytes from 193.30.12.254: icmp_seq=2 ttl=63 time=1.769 ms
^C
--- 193.30.12.254 ping statistics ---
3 packets transmitted, 3 packets received, 0% packet loss
round-trip min/avg/max/stddev = 1.769/2.076/2.674/0.423 ms

^[[A{master:0}
root@DDSA1DD1TC> ping 193.30.12.167
PING 193.30.12.167 (193.30.12.167): 56 data bytes
64 bytes from 193.30.12.167: icmp_seq=0 ttl=126 time=1.656 ms
64 bytes from 193.30.12.167: icmp_seq=1 ttl=126 time=1.540 ms
64 bytes from 193.30.12.167: icmp_seq=2 ttl=126 time=1.461 ms
^C
--- 193.30.12.167 ping statistics ---
3 packets transmitted, 3 packets received, 0% packet loss
round-trip min/avg/max/stddev = 1.461/1.552/1.656/0.080 ms



================================================================================



{master:0}
root@DDSA1DD1TC> edit
Entering configuration mode

{master:0}[edit]
root@DDSA1DD1TC# show | nop
                        ^
syntax error, expecting <command>.
root@DDSA1DD1TC# show | no-more
## Last changed: 2016-01-20 08:04:43 UTC
version 12.3R12.4;
system {
    host-name DDSA1DD1TC;
    root-authentication {
        encrypted-password "$1$aetBFKYh$5oNJV2v7a6qOUpzP/mYm91"; ## SECRET-DATA
    }
    services {
        dhcp {
            traceoptions {
                file dhcp_logfile;
                level all;
                flag all;
            }
        }
    }
    syslog {
        user * {
            any emergency;
        }
        file messages {
            any notice;
            authorization info;
        }
        file interactive-commands {
            interactive-commands any;
        }
    }
}
chassis {
    aggregated-devices {
        ethernet {
            device-count 5;
        }
    }
}
interfaces {
    ge-0/0/0 {
        ether-options {
            802.3ad ae0;
        }
    }
    ge-0/0/1 {
        ether-options {
            802.3ad ae1;
        }
    }
    ge-0/0/2 {
        ether-options {
            802.3ad ae2;
        }
    }
    ge-0/0/3 {
        ether-options {
            802.3ad ae3;
        }
    }
    ge-0/0/4 {
        ether-options {
            802.3ad ae4;
        }
    }
    ge-0/0/5 {
        unit 0 {
            family ethernet-switching {
                vlan {
                    members vl51;
                }
            }
        }
    }
    ge-0/0/6 {
        unit 0 {
            family ethernet-switching;
        }
    }
    ge-0/0/7 {
        unit 0 {
            family ethernet-switching;
        }
    }
    ge-0/0/8 {
        unit 0 {
            family ethernet-switching;
        }
    }
    ge-0/0/9 {
        unit 0 {
            family ethernet-switching;
        }
    }
    ge-0/0/10 {
        unit 0 {
            family ethernet-switching;
        }
    }
    ge-0/0/11 {
        unit 0 {
            family ethernet-switching;
        }
    }
    ge-0/0/12 {
        unit 0 {
            family ethernet-switching;
        }
    }
    ge-0/0/13 {
        unit 0 {
            family ethernet-switching;
        }
    }
    ge-0/0/14 {
        unit 0 {
            family ethernet-switching;
        }
    }
    ge-0/0/15 {
        unit 0 {
            family ethernet-switching;
        }
    }
    ge-0/0/16 {
        unit 0 {
            family ethernet-switching;
        }
    }
    ge-0/0/17 {
        unit 0 {
            family ethernet-switching;
        }
    }
    ge-0/0/18 {
        unit 0 {
            family ethernet-switching;
        }
    }
    ge-0/0/19 {
        unit 0 {
            family ethernet-switching;
        }
    }
    ge-0/0/20 {
        unit 0 {
            family ethernet-switching;
        }
    }
    ge-0/0/21 {
        unit 0 {
            family ethernet-switching;
        }
    }
    ge-0/0/22 {
        unit 0 {
            family ethernet-switching;
        }
    }
    ge-0/0/23 {
        unit 0 {
            family ethernet-switching;
        }
    }
    ge-0/1/0 {
        unit 0 {
            family ethernet-switching;
        }
    }
    xe-0/1/0 {
        unit 0 {
            family ethernet-switching;
        }
    }
    ge-0/1/1 {
        unit 0 {
            family ethernet-switching;
        }
    }
    xe-0/1/1 {
        unit 0 {
            family ethernet-switching;
        }
    }
    ge-0/1/2 {
        unit 0 {
            family ethernet-switching;
        }
    }
    xe-0/1/2 {
        unit 0 {
            family ethernet-switching;
        }
    }
    ge-0/1/3 {
        unit 0 {
            family ethernet-switching;
        }
    }
    ge-1/0/0 {
        ether-options {
            802.3ad ae0;
        }
    }
    ge-1/0/1 {
        ether-options {
            802.3ad ae1;
        }
    }
    ge-1/0/2 {
        ether-options {
            802.3ad ae2;
        }
    }
    ge-1/0/3 {
        ether-options {
            802.3ad ae3;
        }
    }
    ge-1/0/4 {
        ether-options {
            802.3ad ae4;
        }
    }
    ae0 {
        aggregated-ether-options {
            minimum-links 1;
            lacp {
                active;
            }
        }
        unit 0 {
            family ethernet-switching {
                vlan {
                    members vl2;
                }
            }
        }
    }
    ae1 {
        aggregated-ether-options {
            minimum-links 1;
            lacp {
                passive;
            }
        }
        unit 0 {
            family ethernet-switching {
                vlan {
                    members vl51;
                }
            }
        }
    }
    ae2 {
        aggregated-ether-options {
            minimum-links 1;
            lacp {
                passive;
            }
        }
        unit 0 {
            family ethernet-switching {
                vlan {
                    members vl51;
                }
            }
        }
    }
    ae3 {
        aggregated-ether-options {
            minimum-links 1;
            lacp {
                passive;
            }
        }
        unit 0 {
            family ethernet-switching {
                vlan {
                    members vl51;
                }
            }
        }
    }
    ae4 {
        aggregated-ether-options {
            minimum-links 1;
            lacp {
                passive;
            }
        }
        unit 0 {
            family ethernet-switching {
                vlan {
                    members vl51;
                }
            }
        }
    }
    vlan {
        unit 0 {
            family inet {
                dhcp {
                    vendor-id Juniper-ex4200-24t;
                }
            }
        }
        unit 2 {
            family inet {
                address 172.30.51.2/30;
            }
        }
        unit 51 {
            family inet {
                address 193.30.51.254/24;
            }
        }
    }
    vme {
        unit 0 {
            family inet {
                dhcp {
                    vendor-id Juniper-ex4200-24t;
                }
            }
        }
    }
}
routing-options {
    static {
        route 0.0.0.0/0 next-hop 172.30.51.1;
    }
}
protocols {
    igmp-snooping {
        vlan all;
    }
    rstp;
    lldp {
        interface all;
    }
    lldp-med {
        interface all;
    }
}
ethernet-switching-options {
    storm-control {
        interface all;
    }
}
vlans {
    default {
        l3-interface vlan.0;
    }
    vl2 {
        vlan-id 2;
        l3-interface vlan.2;
    }
    vl51 {
        vlan-id 51;
        l3-interface vlan.51;
    }
}
poe {
    interface all;
}
virtual-chassis {
    preprovisioned;
    member 0 {
        role routing-engine;
        serial-number BM0217090051;
    }
    member 1 {
        role routing-engine;
        serial-number BM0217040001;
    }
}


================================================================================



{master:0}[edit]
root@DDSA1DD1TC# show | display set | no-more
set version 12.3R12.4
set system host-name DDSA1DD1TC
set system root-authentication encrypted-password "$1$aetBFKYh$5oNJV2v7a6qOUpzP/mYm91"
set system services dhcp traceoptions file dhcp_logfile
set system services dhcp traceoptions level all
set system services dhcp traceoptions flag all
set system syslog user * any emergency
set system syslog file messages any notice
set system syslog file messages authorization info
set system syslog file interactive-commands interactive-commands any
set chassis aggregated-devices ethernet device-count 5
set interfaces ge-0/0/0 ether-options 802.3ad ae0
set interfaces ge-0/0/1 ether-options 802.3ad ae1
set interfaces ge-0/0/2 ether-options 802.3ad ae2
set interfaces ge-0/0/3 ether-options 802.3ad ae3
set interfaces ge-0/0/4 ether-options 802.3ad ae4
set interfaces ge-0/0/5 unit 0 family ethernet-switching vlan members vl51
set interfaces ge-0/0/6 unit 0 family ethernet-switching
set interfaces ge-0/0/7 unit 0 family ethernet-switching
set interfaces ge-0/0/8 unit 0 family ethernet-switching
set interfaces ge-0/0/9 unit 0 family ethernet-switching
set interfaces ge-0/0/10 unit 0 family ethernet-switching
set interfaces ge-0/0/11 unit 0 family ethernet-switching
set interfaces ge-0/0/12 unit 0 family ethernet-switching
set interfaces ge-0/0/13 unit 0 family ethernet-switching
set interfaces ge-0/0/14 unit 0 family ethernet-switching
set interfaces ge-0/0/15 unit 0 family ethernet-switching
set interfaces ge-0/0/16 unit 0 family ethernet-switching
set interfaces ge-0/0/17 unit 0 family ethernet-switching
set interfaces ge-0/0/18 unit 0 family ethernet-switching
set interfaces ge-0/0/19 unit 0 family ethernet-switching
set interfaces ge-0/0/20 unit 0 family ethernet-switching
set interfaces ge-0/0/21 unit 0 family ethernet-switching
set interfaces ge-0/0/22 unit 0 family ethernet-switching
set interfaces ge-0/0/23 unit 0 family ethernet-switching
set interfaces ge-0/1/0 unit 0 family ethernet-switching
set interfaces xe-0/1/0 unit 0 family ethernet-switching
set interfaces ge-0/1/1 unit 0 family ethernet-switching
set interfaces xe-0/1/1 unit 0 family ethernet-switching
set interfaces ge-0/1/2 unit 0 family ethernet-switching
set interfaces xe-0/1/2 unit 0 family ethernet-switching
set interfaces ge-0/1/3 unit 0 family ethernet-switching
set interfaces ge-1/0/0 ether-options 802.3ad ae0
set interfaces ge-1/0/1 ether-options 802.3ad ae1
set interfaces ge-1/0/2 ether-options 802.3ad ae2
set interfaces ge-1/0/3 ether-options 802.3ad ae3
set interfaces ge-1/0/4 ether-options 802.3ad ae4
set interfaces ae0 aggregated-ether-options minimum-links 1
set interfaces ae0 aggregated-ether-options lacp active
set interfaces ae0 unit 0 family ethernet-switching vlan members vl2
set interfaces ae1 aggregated-ether-options minimum-links 1
set interfaces ae1 aggregated-ether-options lacp passive
set interfaces ae1 unit 0 family ethernet-switching vlan members vl51
set interfaces ae2 aggregated-ether-options minimum-links 1
set interfaces ae2 aggregated-ether-options lacp passive
set interfaces ae2 unit 0 family ethernet-switching vlan members vl51
set interfaces ae3 aggregated-ether-options minimum-links 1
set interfaces ae3 aggregated-ether-options lacp passive
set interfaces ae3 unit 0 family ethernet-switching vlan members vl51
set interfaces ae4 aggregated-ether-options minimum-links 1
set interfaces ae4 aggregated-ether-options lacp passive
set interfaces ae4 unit 0 family ethernet-switching vlan members vl51
set interfaces vlan unit 0 family inet dhcp vendor-id Juniper-ex4200-24t
set interfaces vlan unit 2 family inet address 172.30.51.2/30
set interfaces vlan unit 51 family inet address 193.30.51.254/24
set interfaces vme unit 0 family inet dhcp vendor-id Juniper-ex4200-24t
set routing-options static route 0.0.0.0/0 next-hop 172.30.51.1
set protocols igmp-snooping vlan all
set protocols rstp
set protocols lldp interface all
set protocols lldp-med interface all
set ethernet-switching-options storm-control interface all
set vlans default l3-interface vlan.0
set vlans vl2 vlan-id 2
set vlans vl2 l3-interface vlan.2
set vlans vl51 vlan-id 51
set vlans vl51 l3-interface vlan.51
set poe interface all
set virtual-chassis preprovisioned
set virtual-chassis member 0 role routing-engine
set virtual-chassis member 0 serial-number BM0217090051
set virtual-chassis member 1 role routing-engine
set virtual-chassis member 1 serial-number BM0217040001

{master:0}[edit]
root@DDSA1DD1TC#
