root@ES1OSTC:RE:0% cli
{master:0}
root@ES1OSTC> ping 193.30.220.254
PING 193.30.220.254 (193.30.220.254): 56 data bytes
64 bytes from 193.30.220.254: icmp_seq=0 ttl=64 time=2.658 ms
64 bytes from 193.30.220.254: icmp_seq=1 ttl=64 time=0.244 ms
64 bytes from 193.30.220.254: icmp_seq=2 ttl=64 time=0.506 ms
64 bytes from 193.30.220.254: icmp_seq=3 ttl=64 time=0.249 ms
^C
--- 193.30.220.254 ping statistics ---
4 packets transmitted, 4 packets received, 0% packet loss
round-trip min/avg/max/stddev = 0.244/0.914/2.658/1.012 ms

^[[A{master:0}
root@ES1OSTC> ping 193.30.100.254
PING 193.30.100.254 (193.30.100.254): 56 data bytes
64 bytes from 193.30.100.254: icmp_seq=0 ttl=64 time=2.702 ms
64 bytes from 193.30.100.254: icmp_seq=1 ttl=64 time=1.684 ms
64 bytes from 193.30.100.254: icmp_seq=2 ttl=64 time=1.723 ms
^C
--- 193.30.100.254 ping statistics ---
3 packets transmitted, 3 packets received, 0% packet loss
round-trip min/avg/max/stddev = 1.684/2.036/2.702/0.471 ms

{master:0}
root@ES1OSTC> ping 193.30.100.253
PING 193.30.100.253 (193.30.100.253): 56 data bytes
64 bytes from 193.30.100.253: icmp_seq=0 ttl=63 time=2.482 ms
64 bytes from 193.30.100.253: icmp_seq=1 ttl=63 time=1.777 ms
64 bytes from 193.30.100.253: icmp_seq=2 ttl=63 time=1.721 ms
^C
--- 193.30.100.253 ping statistics ---
3 packets transmitted, 3 packets received, 0% packet loss
round-trip min/avg/max/stddev = 1.721/1.993/2.482/0.346 ms

{master:0}
root@ES1OSTC> ping 193.30.202.254
PING 193.30.202.254 (193.30.202.254): 56 data bytes
64 bytes from 193.30.202.254: icmp_seq=0 ttl=64 time=2.770 ms
64 bytes from 193.30.202.254: icmp_seq=1 ttl=64 time=1.774 ms
64 bytes from 193.30.202.254: icmp_seq=2 ttl=64 time=1.816 ms
^C
--- 193.30.202.254 ping statistics ---
3 packets transmitted, 3 packets received, 0% packet loss
round-trip min/avg/max/stddev = 1.774/2.120/2.770/0.460 ms

================================================================================



{master:0}
root@ES1OSTC> edit
Entering configuration mode

{master:0}[edit]
root@ES1OSTC# show | no-more
## Last changed: 2016-01-21 05:21:04 UTC
version 12.3R12.4;
system {
    host-name ES1OSTC;
    root-authentication {
        encrypted-password "$1$Nlx2qRlC$RFqEsFCMCTfvgBO9zn/UX/"; ## SECRET-DATA
    }
    services {
        web-management {
            http;
        }
        dhcp {
            traceoptions {
                file dhcp_logfile;
                level all;
                flag all;
            }
        }
    }
    syslog {
        user * {
            any emergency;
        }
        file messages {
            any notice;
            authorization info;
        }
        file interactive-commands {
            interactive-commands any;
        }
    }
}
chassis {
    alarm {
        management-ethernet {
            link-down ignore;
        }
    }
}
interfaces {
    ge-0/0/0 {
        unit 0 {
            family ethernet-switching {
                vlan {
                    members v101;
                }
            }
        }
    }
    ge-0/0/1 {
        unit 0 {
            family ethernet-switching {
                vlan {
                    members v101;
                }
            }
        }
    }
    ge-0/0/2 {
        unit 0 {
            family ethernet-switching {
                vlan {
                    members 150;
                }
            }
        }
    }
    ge-0/0/3 {
        unit 0 {
            family ethernet-switching {
                vlan {
                    members 150;
                }
            }
        }
    }
    ge-0/0/4 {
        unit 0 {
            family ethernet-switching {
                vlan {
                    members 150;
                }
            }
        }
    }
    ge-0/0/5 {
        unit 0 {
            family ethernet-switching {
                vlan {
                    members 150;
                }
            }
        }
    }
    ge-0/0/6 {
        unit 0 {
            family ethernet-switching {
                vlan {
                    members 150;
                }
            }
        }
    }
    ge-0/0/7 {
        unit 0 {
            family ethernet-switching {
                vlan {
                    members 150;
                }
            }
        }
    }
    ge-0/0/8 {
        unit 0 {
            family ethernet-switching {
                vlan {
                    members 150;
                }
            }
        }
    }
    ge-0/0/9 {
        unit 0 {
            family ethernet-switching {
                vlan {
                    members 150;
                }
            }
        }
    }
    ge-0/0/10 {
        unit 0 {
            family ethernet-switching {
                vlan {
                    members 150;
                }
            }
        }
    }
    ge-0/0/11 {
        unit 0 {
            family ethernet-switching {
                vlan {
                    members 150;
                }
            }
        }
    }
    ge-0/0/12 {
        unit 0 {
            family ethernet-switching {
                vlan {
                    members 150;
                }
            }
        }
    }
    ge-0/0/13 {
        unit 0 {
            family ethernet-switching {
                vlan {
                    members 150;
                }
            }
        }
    }
    ge-0/0/14 {
        unit 0 {
            family ethernet-switching {
                vlan {
                    members 150;
                }
            }
        }
    }
    ge-0/0/15 {
        unit 0 {
            family ethernet-switching {
                vlan {
                    members 150;
                }
            }
        }
    }
    ge-0/0/16 {
        unit 0 {
            family ethernet-switching {
                vlan {
                    members 150;
                }
            }
        }
    }
    ge-0/0/17 {
        unit 0 {
            family ethernet-switching {
                vlan {
                    members 150;
                }
            }
        }
    }
    ge-0/0/18 {
        unit 0 {
            family ethernet-switching {
                vlan {
                    members 150;
                }
            }
        }
    }
    ge-0/0/19 {
        unit 0 {
            family ethernet-switching {
                vlan {
                    members 150;
                }
            }
        }
    }
    ge-0/0/20 {
        unit 0 {
            family ethernet-switching {
                vlan {
                    members 150;
                }
            }
        }
    }
    ge-0/0/21 {
        unit 0 {
            family ethernet-switching {
                vlan {
                    members 150;
                }
            }
        }
    }
    ge-0/0/22 {
        unit 0 {
            family ethernet-switching {
                vlan {
                    members 150;
                }
            }
        }
    }
    ge-0/0/23 {
        unit 0 {
            family ethernet-switching {
                vlan {
                    members 150;
                }
            }
        }
    }
    ge-0/1/0 {
        unit 0 {
            family ethernet-switching;
        }
    }
    xe-0/1/0 {
        unit 0 {
            family ethernet-switching;
        }
    }
    ge-0/1/1 {
        unit 0 {
            family ethernet-switching;
        }
    }
    xe-0/1/1 {
        unit 0 {
            family ethernet-switching;
        }
    }
    ge-0/1/2 {
        unit 0 {
            family ethernet-switching;
        }
    }
    xe-0/1/2 {
        unit 0 {
            family ethernet-switching;
        }
    }
    ge-0/1/3 {
        unit 0 {
            family ethernet-switching;
        }
    }
    vlan {
        unit 0 {
            family inet;
        }
        unit 101 {
            family inet {
                address 172.30.220.3/24;
            }
        }
        unit 150 {
            family inet {
                address 193.30.220.254/24;
            }
        }
        unit 201 {
            family inet {
                address 172.30.220.6/30;
            }
        }
    }
    vme {
        unit 0 {
            family inet {
                dhcp {
                    vendor-id Juniper-ex4200-24t;
                }
            }
        }
    }
}
routing-options {
    static {
        route 193.30.100.0/24 {
            next-hop 172.30.220.1;
            qualified-next-hop 172.30.220.5 {
                preference 25;
            }
        }
        route 193.30.202.0/24 {
            next-hop 172.30.220.2;
            qualified-next-hop 172.30.220.1 {
                preference 25;
            }
        }
    }
}
protocols {
    igmp-snooping {
        vlan all;
    }
    rstp;
    lldp {
        interface all;
    }
    lldp-med {
        interface all;
    }
}
ethernet-switching-options {
    storm-control {
        interface all;
    }
}
vlans {
    default {
        l3-interface vlan.0;
    }
    v101 {
        vlan-id 101;
        l3-interface vlan.101;
    }
    v150 {
        vlan-id 150;
        l3-interface vlan.150;
    }
    v201 {
        vlan-id 201;
        l3-interface vlan.201;
    }
}
poe {
    interface all;
}

================================================================================


root@ES1OSTC# show | display set |no-more
set version 12.3R12.4
set system host-name ES1OSTC
set system root-authentication encrypted-password "$1$Nlx2qRlC$RFqEsFCMCTfvgBO9zn/UX/"
set system services web-management http
set system services dhcp traceoptions file dhcp_logfile
set system services dhcp traceoptions level all
set system services dhcp traceoptions flag all
set system syslog user * any emergency
set system syslog file messages any notice
set system syslog file messages authorization info
set system syslog file interactive-commands interactive-commands any
set chassis alarm management-ethernet link-down ignore
set interfaces ge-0/0/0 unit 0 family ethernet-switching vlan members v101
set interfaces ge-0/0/1 unit 0 family ethernet-switching vlan members v101
set interfaces ge-0/0/2 unit 0 family ethernet-switching vlan members 150
set interfaces ge-0/0/3 unit 0 family ethernet-switching vlan members 150
set interfaces ge-0/0/4 unit 0 family ethernet-switching vlan members 150
set interfaces ge-0/0/5 unit 0 family ethernet-switching vlan members 150
set interfaces ge-0/0/6 unit 0 family ethernet-switching vlan members 150
set interfaces ge-0/0/7 unit 0 family ethernet-switching vlan members 150
set interfaces ge-0/0/8 unit 0 family ethernet-switching vlan members 150
set interfaces ge-0/0/9 unit 0 family ethernet-switching vlan members 150
set interfaces ge-0/0/10 unit 0 family ethernet-switching vlan members 150
set interfaces ge-0/0/11 unit 0 family ethernet-switching vlan members 150
set interfaces ge-0/0/12 unit 0 family ethernet-switching vlan members 150
set interfaces ge-0/0/13 unit 0 family ethernet-switching vlan members 150
set interfaces ge-0/0/14 unit 0 family ethernet-switching vlan members 150
set interfaces ge-0/0/15 unit 0 family ethernet-switching vlan members 150
set interfaces ge-0/0/16 unit 0 family ethernet-switching vlan members 150
set interfaces ge-0/0/17 unit 0 family ethernet-switching vlan members 150
set interfaces ge-0/0/18 unit 0 family ethernet-switching vlan members 150
set interfaces ge-0/0/19 unit 0 family ethernet-switching vlan members 150
set interfaces ge-0/0/20 unit 0 family ethernet-switching vlan members 150
set interfaces ge-0/0/21 unit 0 family ethernet-switching vlan members 150
set interfaces ge-0/0/22 unit 0 family ethernet-switching vlan members 150
set interfaces ge-0/0/23 unit 0 family ethernet-switching vlan members 150
set interfaces ge-0/1/0 unit 0 family ethernet-switching
set interfaces xe-0/1/0 unit 0 family ethernet-switching
set interfaces ge-0/1/1 unit 0 family ethernet-switching
set interfaces xe-0/1/1 unit 0 family ethernet-switching
set interfaces ge-0/1/2 unit 0 family ethernet-switching
set interfaces xe-0/1/2 unit 0 family ethernet-switching
set interfaces ge-0/1/3 unit 0 family ethernet-switching
set interfaces vlan unit 0 family inet
set interfaces vlan unit 101 family inet address 172.30.220.3/24
set interfaces vlan unit 150 family inet address 193.30.220.254/24
set interfaces vlan unit 201 family inet address 172.30.220.6/30
set interfaces vme unit 0 family inet dhcp vendor-id Juniper-ex4200-24t
set routing-options static route 193.30.100.0/24 next-hop 172.30.220.1
set routing-options static route 193.30.100.0/24 qualified-next-hop 172.30.220.5 preference 25
set routing-options static route 193.30.202.0/24 next-hop 172.30.220.2
set routing-options static route 193.30.202.0/24 qualified-next-hop 172.30.220.1 preference 25
set protocols igmp-snooping vlan all
set protocols rstp
set protocols lldp interface all
set protocols lldp-med interface all
set ethernet-switching-options storm-control interface all
set vlans default l3-interface vlan.0
set vlans v101 vlan-id 101
set vlans v101 l3-interface vlan.101
set vlans v150 vlan-id 150
set vlans v150 l3-interface vlan.150
set vlans v201 vlan-id 201
set vlans v201 l3-interface vlan.201
set poe interface all

{master:0}[edit]
root@ES1OSTC#
