
PING 193.30.13.16 (193.30.13.16): 56 data bytes
^C
--- 193.30.13.16 ping statistics ---
2 packets transmitted, 0 packets received, 100% packet loss

{primary:node0}
root@SRX550-1> ping 172.30.13.245
PING 172.30.13.245 (172.30.13.245): 56 data bytes
64 bytes from 172.30.13.245: icmp_seq=0 ttl=64 time=6.078 ms
64 bytes from 172.30.13.245: ic^C
--- 172.30.13.245 ping statistics ---
2 packets transmitted, 2 packets received, 0% packet loss
round-trip min/avg/max/stddev = 2.566/4.322/6.078/1.756 ms

{primary:node0}
root@SRX550-1> ping 172.30.13.246
PING 172.30.13.246 (172.30.13.246): 56 data bytes
64 bytes from 172.30.13.246: icmp_seq=0 ttl=64 time=0.153 ms
64 bytes from 172.30.13.246: icmp_seq=1 ttl=64 time=0.134 ms
^C
--- 172.30.13.246 ping statistics ---
2 packets transmitted, 2 packets received, 0% packet loss
round-trip min/avg/max/stddev = 0.134/0.144/0.153/0.009 ms

{primary:node0}
root@SRX550-1> ping 172.30.13.249
PING 172.30.13.249 (172.30.13.249): 56 data bytes
64 bytes from 172.30.13.249: icmp_seq=0 ttl=64 time=1.457 ms
64 bytes from 172.30.13.249: icmp_seq=1 ttl=64 time=1.415 ms
^C
--- 172.30.13.249 ping statistics ---
2 packets transmitted, 2 packets received, 0% packet loss
round-trip min/avg/max/stddev = 1.415/1.436/1.457/0.021 ms

{primary:node0}
root@SRX550-1> ping 172.30.13.250.
ping: cannot resolve 172.30.13.250.: Host name lookup failure

{primary:node0}
root@SRX550-1> ping 172.30.13.250.
ping: cannot resolve 172.30.13.250.: Host name lookup failure

{primary:node0}
root@SRX550-1> ping 172.30.13.250
PING 172.30.13.250 (172.30.13.250): 56 data bytes
64 bytes from 172.30.13.250: icmp_seq=0 ttl=64 time=0.166 ms
64 bytes from 172.30.13.250: icmp_seq=1 ttl=64 time=0.104 ms
^C
--- 172.30.13.250 ping statistics ---
2 packets transmitted, 2 packets received, 0% packet loss
round-trip min/avg/max/stddev = 0.104/0.135/0.166/0.031 ms

{primary:node0}
root@SRX550-1> ping 193.30.10.254
PING 193.30.10.254 (193.30.10.254): 56 data bytes
64 bytes from 193.30.10.254: icmp_seq=0 ttl=64 time=1.624 ms
64 bytes from 193.30.10.254: icmp_seq=1 ttl=64 time=2.640 ms
64 bytes from 193.30.10.254: icmp_seq=2 ttl=64 time=2.696 ms
^C
--- 193.30.10.254 ping statistics ---
3 packets transmitted, 3 packets received, 0% packet loss
round-trip min/avg/max/stddev = 1.624/2.320/2.696/0.493 ms

{primary:node0}
root@SRX550-1> ping 193.30.13.254
PING 193.30.13.254 (193.30.13.254): 56 data bytes
64 bytes from 193.30.13.254: icmp_seq=0 ttl=64 time=1.446 ms
64 bytes from 193.30.13.254: icmp_seq=1 ttl=64 time=1.491 ms
64 bytes from 193.30.13.254: icmp_seq=2 ttl=64 time=42.757 ms
^C
--- 193.30.13.254 ping statistics ---
3 packets transmitted, 3 packets received, 0% packet loss
round-trip min/avg/max/stddev = 1.446/15.231/42.757/19.464 ms

{primary:node0}
root@SRX550-1> edit
warning: Clustering enabled; using private edit
warning: uncommitted changes will be discarded on exit
Entering configuration mode

{primary:node0}[edit]
root@SRX550-1# show | no-more
## Last changed: 2019-11-11 07:22:32 UTC
version 15.1X49-D170.4;
groups {
    node0 {
        system {
            host-name SRX550-1;
        }
        interfaces {
            fxp0 {
                unit 0 {
                    family inet {
                        address 1.1.1.1/24;
                    }
                }
            }
        }
    }
    node1 {
        system {
            host-name SRX550-2;
        }
        interfaces {
            fxp0 {
                unit 0 {
                    family inet {
                        address 1.1.1.2/24;
                    }
                }
            }
        }
    }
}
apply-groups "${node}";
system {
    root-authentication {
        encrypted-password "$5$F1zRSKRf$upVgar5pNSygmrjIrwFMFyBoZjwWjyjWalRm5tuuI53"; ## SECRET-DATA
    }
    name-server {
        8.8.8.8;
        8.8.4.4;
    }
    services {
        ssh;
        netconf {
            ssh;
        }
        web-management {
            https {
                system-generated-certificate;
            }
        }
    }
    syslog {
        archive size 100k files 3;
        user * {
            any emergency;
        }
        file messages {
            any notice;
            authorization info;
        }
        file interactive-commands {
            interactive-commands any;
        }
    }
    max-configurations-on-flash 49;
    max-configuration-rollbacks 49;
    license {
        autoupdate {
            url https://ae1.juniper.net/junos/key_retrieval;
        }
    }
}
chassis {
    aggregated-devices {
        ethernet {
            device-count 2;
        }
    }
    cluster {
        reth-count 12;
        redundancy-group 0 {
            node 0 priority 100;
            node 1 priority 1;
        }
        redundancy-group 1 {
            node 0 priority 100;
            node 1 priority 1;
            preempt;
            interface-monitor {
                ge-6/0/0 weight 255;
                ge-15/0/0 weight 255;
            }
        }
        redundancy-group 2 {
            node 0 priority 100;
            node 1 priority 1;
            preempt;
            interface-monitor {
                ge-6/0/1 weight 255;
                ge-15/0/1 weight 255;
            }
        }
    }
}
security {
    log {
        mode stream;
        report;
    }
    screen {
        ids-option untrust-screen {
            icmp {
                ping-death;
            }
            ip {
                source-route-option;
                tear-drop;
            }
            tcp {
                syn-flood {
                    alarm-threshold 1024;
                    attack-threshold 200;
                    source-threshold 1024;
                    destination-threshold 2048;
                    timeout 20;
                }
                land;
            }
        }
    }
    policies {
        from-zone online to-zone dmz {
            policy o-d {
                match {
                    source-address any;
                    destination-address any;
                    application any;
                }
                then {
                    permit;
                }
            }
        }
        from-zone dmz to-zone online {
            policy d-o {
                match {
                    source-address any;
                    destination-address any;
                    application any;
                }
                then {
                    permit;
                }
            }
        }
    }
    zones {
        security-zone online {
            host-inbound-traffic {
                system-services {
                    all;
                }
                protocols {
                    all;
                }
            }
            interfaces {
                reth0.0;
            }
        }
        security-zone dmz {
            host-inbound-traffic {
                system-services {
                    all;
                }
                protocols {
                    all;
                }
            }
            interfaces {
                reth1.0;
            }
        }
    }
}
interfaces {
    ge-6/0/0 {
        gigether-options {
            redundant-parent reth0;
        }
    }
    ge-6/0/1 {
        gigether-options {
            redundant-parent reth1;
        }
    }
    ge-6/0/2 {
        gigether-options {
            redundant-parent reth2;
        }
    }
    ge-6/0/3 {
        gigether-options {
            redundant-parent reth3;
        }
    }
    ge-15/0/0 {
        gigether-options {
            redundant-parent reth0;
        }
    }
    ge-15/0/1 {
        gigether-options {
            redundant-parent reth1;
        }
    }
    ge-15/0/2 {
        gigether-options {
            redundant-parent reth2;
        }
    }
    ge-15/0/3 {
        gigether-options {
            redundant-parent reth3;
        }
    }
    fab0 {
        fabric-options {
            member-interfaces {
                ge-0/0/2;
            }
        }
    }
    fab1 {
        fabric-options {
            member-interfaces {
                ge-9/0/2;
            }
        }
    }
    reth0 {
        redundant-ether-options {
            redundancy-group 1;
            lacp {
                active;
            }
        }
        unit 0 {
            family inet {
                address 172.30.13.246/30;
            }
        }
    }
    reth1 {
        redundant-ether-options {
            redundancy-group 2;
            lacp {
                active;
            }
        }
        unit 0 {
            family inet {
                address 172.30.13.250/30;
            }
        }
    }
    reth2 {
        redundant-ether-options {
            redundancy-group 1;
        }
        unit 0;
    }
    reth3 {
        redundant-ether-options {
            redundancy-group 1;
        }
        unit 0;
    }
}
routing-options {
    static {
        route 193.30.13.0/24 next-hop 172.30.13.249;
        route 193.30.10.0/24 next-hop 172.30.13.245;
    }
}
protocols {
    l2-learning {
        global-mode switching;
    }
    rstp {
        interface all;
    }
}
access {
    address-assignment {
        pool junosDHCPPool1 {
            family inet {
                network 192.168.1.0/24;
                range junosRange {
                    low 192.168.1.2;
                    high 192.168.1.254;
                }
                dhcp-attributes {
                    router {
                        192.168.1.1;
                    }
                    propagate-settings ge-0/0/0.0;
                }
            }
        }
        pool junosDHCPPool2 {
            family inet {
                network 192.168.2.0/24;
                range junosRange {
                    low 192.168.2.2;
                    high 192.168.2.254;
                }
                dhcp-attributes {
                    router {
                        192.168.2.1;
                    }
                    propagate-settings ge-0/0/0.0;
                }
            }
        }
        pool junosDHCPPool3 {
            family inet {
                network 192.168.3.0/24;
                range junosRange {
                    low 192.168.3.2;
                    high 192.168.3.254;
                }
                dhcp-attributes {
                    router {
                        192.168.3.1;
                    }
                    propagate-settings ge-0/0/0.0;
                }
            }
        }
        pool junosDHCPPool4 {
            family inet {
                network 192.168.4.0/24;
                range junosRange {
                    low 192.168.4.2;
                    high 192.168.4.254;
                }
                dhcp-attributes {
                    router {
                        192.168.4.1;
                    }
                    propagate-settings ge-0/0/0.0;
                }
            }
        }
        pool junosDHCPPool5 {
            family inet {
                network 192.168.5.0/24;
                range junosRange {
                    low 192.168.5.2;
                    high 192.168.5.254;
                }
                dhcp-attributes {
                    router {
                        192.168.5.1;
                    }
                    propagate-settings ge-0/0/0.0;
                }
            }
        }
    }
}
applications {
    application RPCBIND {
        term TCP111 protocol tcp destination-port 111;
    }
    application NUFI {
        term TCP9710 protocol tcp destination-port 9710;
    }
    application BULS {
        term TCP9711 protocol tcp destination-port 9711;
    }
    application NFS {
        term TCP2049 protocol tcp destination-port 2049;
    }
}

{primary:node0}[edit]
root@SRX550-1# show | display set | no-more
set version 15.1X49-D170.4
set groups node0 system host-name SRX550-1
set groups node0 interfaces fxp0 unit 0 family inet address 1.1.1.1/24
set groups node1 system host-name SRX550-2
set groups node1 interfaces fxp0 unit 0 family inet address 1.1.1.2/24
set apply-groups "${node}"
set system root-authentication encrypted-password "$5$F1zRSKRf$upVgar5pNSygmrjIrwFMFyBoZjwWjyjWalRm5tuuI53"
set system name-server 8.8.8.8
set system name-server 8.8.4.4
set system services ssh
set system services netconf ssh
set system services web-management https system-generated-certificate
set system syslog archive size 100k
set system syslog archive files 3
set system syslog user * any emergency
set system syslog file messages any notice
set system syslog file messages authorization info
set system syslog file interactive-commands interactive-commands any
set system max-configurations-on-flash 49
set system max-configuration-rollbacks 49
set system license autoupdate url https://ae1.juniper.net/junos/key_retrieval
set chassis aggregated-devices ethernet device-count 2
set chassis cluster reth-count 12
set chassis cluster redundancy-group 0 node 0 priority 100
set chassis cluster redundancy-group 0 node 1 priority 1
set chassis cluster redundancy-group 1 node 0 priority 100
set chassis cluster redundancy-group 1 node 1 priority 1
set chassis cluster redundancy-group 1 preempt
set chassis cluster redundancy-group 1 interface-monitor ge-6/0/0 weight 255
set chassis cluster redundancy-group 1 interface-monitor ge-15/0/0 weight 255
set chassis cluster redundancy-group 2 node 0 priority 100
set chassis cluster redundancy-group 2 node 1 priority 1
set chassis cluster redundancy-group 2 preempt
set chassis cluster redundancy-group 2 interface-monitor ge-6/0/1 weight 255
set chassis cluster redundancy-group 2 interface-monitor ge-15/0/1 weight 255
set security log mode stream
set security log report
set security screen ids-option untrust-screen icmp ping-death
set security screen ids-option untrust-screen ip source-route-option
set security screen ids-option untrust-screen ip tear-drop
set security screen ids-option untrust-screen tcp syn-flood alarm-threshold 1024
set security screen ids-option untrust-screen tcp syn-flood attack-threshold 200
set security screen ids-option untrust-screen tcp syn-flood source-threshold 1024
set security screen ids-option untrust-screen tcp syn-flood destination-threshold 2048
set security screen ids-option untrust-screen tcp syn-flood timeout 20
set security screen ids-option untrust-screen tcp land
set security policies from-zone online to-zone dmz policy o-d match source-address any
set security policies from-zone online to-zone dmz policy o-d match destination-address any
set security policies from-zone online to-zone dmz policy o-d match application any
set security policies from-zone online to-zone dmz policy o-d then permit
set security policies from-zone dmz to-zone online policy d-o match source-address any
set security policies from-zone dmz to-zone online policy d-o match destination-address any
set security policies from-zone dmz to-zone online policy d-o match application any
set security policies from-zone dmz to-zone online policy d-o then permit
set security zones security-zone online host-inbound-traffic system-services all
set security zones security-zone online host-inbound-traffic protocols all
set security zones security-zone online interfaces reth0.0
set security zones security-zone dmz host-inbound-traffic system-services all
set security zones security-zone dmz host-inbound-traffic protocols all
set security zones security-zone dmz interfaces reth1.0
set interfaces ge-6/0/0 gigether-options redundant-parent reth0
set interfaces ge-6/0/1 gigether-options redundant-parent reth1
set interfaces ge-6/0/2 gigether-options redundant-parent reth2
set interfaces ge-6/0/3 gigether-options redundant-parent reth3
set interfaces ge-15/0/0 gigether-options redundant-parent reth0
set interfaces ge-15/0/1 gigether-options redundant-parent reth1
set interfaces ge-15/0/2 gigether-options redundant-parent reth2
set interfaces ge-15/0/3 gigether-options redundant-parent reth3
set interfaces fab0 fabric-options member-interfaces ge-0/0/2
set interfaces fab1 fabric-options member-interfaces ge-9/0/2
set interfaces reth0 redundant-ether-options redundancy-group 1
set interfaces reth0 redundant-ether-options lacp active
set interfaces reth0 unit 0 family inet address 172.30.13.246/30
set interfaces reth1 redundant-ether-options redundancy-group 2
set interfaces reth1 redundant-ether-options lacp active
set interfaces reth1 unit 0 family inet address 172.30.13.250/30
set interfaces reth2 redundant-ether-options redundancy-group 1
set interfaces reth2 unit 0
set interfaces reth3 redundant-ether-options redundancy-group 1
set interfaces reth3 unit 0
set routing-options static route 193.30.13.0/24 next-hop 172.30.13.249
set routing-options static route 193.30.10.0/24 next-hop 172.30.13.245
set protocols l2-learning global-mode switching
set protocols rstp interface all
set access address-assignment pool junosDHCPPool1 family inet network 192.168.1.0/24
set access address-assignment pool junosDHCPPool1 family inet range junosRange low 192.168.1.2
set access address-assignment pool junosDHCPPool1 family inet range junosRange high 192.168.1.254
set access address-assignment pool junosDHCPPool1 family inet dhcp-attributes router 192.168.1.1
set access address-assignment pool junosDHCPPool1 family inet dhcp-attributes propagate-settings ge-0/0/0.0
set access address-assignment pool junosDHCPPool2 family inet network 192.168.2.0/24
set access address-assignment pool junosDHCPPool2 family inet range junosRange low 192.168.2.2
set access address-assignment pool junosDHCPPool2 family inet range junosRange high 192.168.2.254
set access address-assignment pool junosDHCPPool2 family inet dhcp-attributes router 192.168.2.1
set access address-assignment pool junosDHCPPool2 family inet dhcp-attributes propagate-settings ge-0/0/0.0
set access address-assignment pool junosDHCPPool3 family inet network 192.168.3.0/24
set access address-assignment pool junosDHCPPool3 family inet range junosRange low 192.168.3.2
set access address-assignment pool junosDHCPPool3 family inet range junosRange high 192.168.3.254
set access address-assignment pool junosDHCPPool3 family inet dhcp-attributes router 192.168.3.1
set access address-assignment pool junosDHCPPool3 family inet dhcp-attributes propagate-settings ge-0/0/0.0
set access address-assignment pool junosDHCPPool4 family inet network 192.168.4.0/24
set access address-assignment pool junosDHCPPool4 family inet range junosRange low 192.168.4.2
set access address-assignment pool junosDHCPPool4 family inet range junosRange high 192.168.4.254
set access address-assignment pool junosDHCPPool4 family inet dhcp-attributes router 192.168.4.1
set access address-assignment pool junosDHCPPool4 family inet dhcp-attributes propagate-settings ge-0/0/0.0
set access address-assignment pool junosDHCPPool5 family inet network 192.168.5.0/24
set access address-assignment pool junosDHCPPool5 family inet range junosRange low 192.168.5.2
set access address-assignment pool junosDHCPPool5 family inet range junosRange high 192.168.5.254
set access address-assignment pool junosDHCPPool5 family inet dhcp-attributes router 192.168.5.1
set access address-assignment pool junosDHCPPool5 family inet dhcp-attributes propagate-settings ge-0/0/0.0
set applications application RPCBIND term TCP111 protocol tcp
set applications application RPCBIND term TCP111 destination-port 111
set applications application NUFI term TCP9710 protocol tcp
set applications application NUFI term TCP9710 destination-port 9710
set applications application BULS term TCP9711 protocol tcp
set applications application BULS term TCP9711 destination-port 9711
set applications application NFS term TCP2049 protocol tcp
set applications application NFS term TCP2049 destination-port 2049

{primary:node0}[edit]
root@SRX550-1#
