
PING 193.30.10.16 (193.30.10.16): 56 data bytes
^C
--- 193.30.10.16 ping statistics ---
2 packets transmitted, 0 packets received, 100% packet loss

{master:0}
root@OSAOSTC> pinh
              ^
unknown command.
root@OSAOSTC> ping 193.30.10.254
PING 193.30.10.254 (193.30.10.254): 56 data bytes
64 bytes from 193.30.10.254: icmp_seq=0 ttl=64 time=0.180 ms
64 bytes from 193.30.10.254: icmp_seq=1 ttl=64 time=1.605 ms
64 bytes from 193.30.^C
--- 193.30.10.254 ping statistics ---
3 packets transmitted, 3 packets received, 0% packet loss
round-trip min/avg/max/stddev = 0.180/0.686/1.605/0.651 ms

{master:0}
root@OSAOSTC> ping 193.30.10.167
PING 193.30.10.167 (193.30.10.167): 56 data bytes
64 bytes from 193.30.10.167: icmp_seq=0 ttl=128 time=2.392 ms
64 bytes from 193.30.10.167: icmp_seq=1 ttl=128 time=2.483 ms
64 bytes from 193.30.10.167: icmp_seq=2 ttl=128 time=2.335 ms
^C
--- 193.30.10.167 ping statistics ---
3 packets transmitted, 3 packets received, 0% packet loss
round-trip min/avg/max/stddev = 2.335/2.403/2.483/0.061 ms

{master:0}
root@OSAOSTC> ping 172.30.13.245
PING 172.30.13.245 (172.30.13.245): 56 data bytes
64 bytes from 172.30.13.245: icmp_seq=0 ttl=64 time=0.404 ms
64 bytes from 172.30.13.245: icmp_seq=1 ttl=64 time=0.111 ms
64 bytes from 172.30.13.245: icmp_seq=2 ttl=64 time=0.315 ms
^C
--- 172.30.13.245 ping statistics ---
3 packets transmitted, 3 packets received, 0% packet loss
round-trip min/avg/max/stddev = 0.111/0.277/0.404/0.123 ms

{master:0}
root@OSAOSTC> ping 172.30.13.246
PING 172.30.13.246 (172.30.13.246): 56 data bytes
64 bytes from 172.30.13.246: icmp_seq=0 ttl=64 time=1.336 ms
64 bytes from 172.30.13.246: icmp_seq=1 ttl=64 time=0.884 ms
64 bytes from 172.30.13.246: icmp_seq=2 ttl=64 time=1.159 ms
^C
--- 172.30.13.246 ping statistics ---
3 packets transmitted, 3 packets received, 0% packet loss
round-trip min/avg/max/stddev = 0.884/1.126/1.336/0.186 ms

{master:0}
root@OSAOSTC> ping 193.30.13.254
PING 193.30.13.254 (193.30.13.254): 56 data bytes
64 bytes from 193.30.13.254: icmp_seq=0 ttl=63 time=3.061 ms
64 bytes from 193.30.13.254: icmp_seq=1 ttl=63 time=2.182 ms
64 bytes from 193.30.13.254: icmp_seq=2 ttl=63 time=1.553 ms
^C
--- 193.30.13.254 ping statistics ---
3 packets transmitted, 3 packets received, 0% packet loss
round-trip min/avg/max/stddev = 1.553/2.265/3.061/0.618 ms

{master:0}
root@OSAOSTC>

{master:0}
root@OSAOSTC>

{master:0}
root@OSAOSTC> show |
                   ^
syntax error, expecting <command>.
root@OSAOSTC> edit
Entering configuration mode

{master:0}[edit]
root@OSAOSTC# show | display set | no-more
set version 18.1R3-S6.1
set system host-name OSAOSTC
set system auto-snapshot
set system root-authentication encrypted-password "$6$a/4w9hhz$J116V43XbyngDO/h15squzRv4szf9/cxA8oGpGF7hQnZB72wtw0hewjs5SnJJP0KauAvS2UC0alJ8bmKdpRIr1"
set system syslog user * any emergency
set system syslog file messages any notice
set system syslog file messages authorization info
set system syslog file interactive-commands interactive-commands any
set system processes dhcp-service traceoptions file dhcp_logfile
set system processes dhcp-service traceoptions file size 10m
set system processes dhcp-service traceoptions level all
set system processes dhcp-service traceoptions flag all
set chassis aggregated-devices ethernet device-count 26
set interfaces ge-0/0/0 ether-options 802.3ad ae0
set interfaces ge-0/0/1 ether-options 802.3ad ae1
set interfaces ge-0/0/2 ether-options 802.3ad ae2
set interfaces ge-0/0/3 ether-options 802.3ad ae3
set interfaces ge-0/0/4 ether-options 802.3ad ae4
set interfaces ge-0/0/5 ether-options 802.3ad ae5
set interfaces ge-0/0/6 ether-options 802.3ad ae6
set interfaces ge-0/0/7 ether-options 802.3ad ae7
set interfaces ge-0/0/8 ether-options 802.3ad ae8
set interfaces ge-0/0/9 ether-options 802.3ad ae9
set interfaces ge-0/0/10 ether-options 802.3ad ae10
set interfaces ge-0/0/11 ether-options 802.3ad ae11
set interfaces ge-0/0/12 ether-options 802.3ad ae12
set interfaces ge-0/0/13 unit 0 family ethernet-switching vlan members vl10
set interfaces ge-0/0/13 unit 0 family ethernet-switching storm-control default
set interfaces ge-0/0/14 unit 0 family ethernet-switching storm-control default
set interfaces ge-0/0/15 unit 0 family ethernet-switching storm-control default
set interfaces ge-0/0/16 unit 0 family ethernet-switching storm-control default
set interfaces ge-0/0/17 unit 0 family ethernet-switching storm-control default
set interfaces ge-0/0/18 unit 0 family ethernet-switching storm-control default
set interfaces ge-0/0/19 unit 0 family ethernet-switching storm-control default
set interfaces ge-0/0/20 unit 0 family ethernet-switching storm-control default
set interfaces ge-0/0/21 unit 0 family ethernet-switching storm-control default
set interfaces ge-0/0/22 unit 0 family ethernet-switching storm-control default
set interfaces ge-0/0/23 unit 0 family ethernet-switching storm-control default
set interfaces ge-0/2/0 unit 0 family ethernet-switching storm-control default
set interfaces xe-0/2/0 unit 0 family ethernet-switching storm-control default
set interfaces ge-0/2/1 unit 0 family ethernet-switching storm-control default
set interfaces xe-0/2/1 unit 0 family ethernet-switching storm-control default
set interfaces ge-0/2/2 unit 0 family ethernet-switching storm-control default
set interfaces xe-0/2/2 unit 0 family ethernet-switching storm-control default
set interfaces ge-0/2/3 unit 0 family ethernet-switching storm-control default
set interfaces xe-0/2/3 unit 0 family ethernet-switching storm-control default
set interfaces ge-1/0/0 ether-options 802.3ad ae0
set interfaces ge-1/0/1 ether-options 802.3ad ae1
set interfaces ge-1/0/2 ether-options 802.3ad ae2
set interfaces ge-1/0/3 ether-options 802.3ad ae3
set interfaces ge-1/0/4 ether-options 802.3ad ae4
set interfaces ge-1/0/5 ether-options 802.3ad ae5
set interfaces ge-1/0/6 ether-options 802.3ad ae6
set interfaces ge-1/0/7 ether-options 802.3ad ae7
set interfaces ge-1/0/8 ether-options 802.3ad ae8
set interfaces ge-1/0/9 ether-options 802.3ad ae9
set interfaces ge-1/0/10 ether-options 802.3ad ae10
set interfaces ge-1/0/11 ether-options 802.3ad ae11
set interfaces ge-1/0/12 ether-options 802.3ad ae12
set interfaces ge-1/0/13 unit 0 family ethernet-switching vlan members vl10
set interfaces ge-2/0/0 ether-options 802.3ad ae13
set interfaces ge-2/0/1 ether-options 802.3ad ae14
set interfaces ge-2/0/2 ether-options 802.3ad ae15
set interfaces ge-2/0/3 ether-options 802.3ad ae16
set interfaces ge-2/0/4 ether-options 802.3ad ae17
set interfaces ge-2/0/5 ether-options 802.3ad ae18
set interfaces ge-2/0/6 ether-options 802.3ad ae19
set interfaces ge-2/0/7 ether-options 802.3ad ae20
set interfaces ge-2/0/8 ether-options 802.3ad ae21
set interfaces ge-2/0/9 ether-options 802.3ad ae22
set interfaces ge-2/0/10 ether-options 802.3ad ae23
set interfaces ge-2/0/11 ether-options 802.3ad ae24
set interfaces ge-2/0/12 ether-options 802.3ad ae25
set interfaces ge-3/0/0 ether-options 802.3ad ae13
set interfaces ge-3/0/1 ether-options 802.3ad ae14
set interfaces ge-3/0/2 ether-options 802.3ad ae15
set interfaces ge-3/0/3 ether-options 802.3ad ae16
set interfaces ge-3/0/4 ether-options 802.3ad ae17
set interfaces ge-3/0/5 ether-options 802.3ad ae18
set interfaces ge-3/0/6 ether-options 802.3ad ae19
set interfaces ge-3/0/7 ether-options 802.3ad ae20
set interfaces ge-3/0/8 ether-options 802.3ad ae21
set interfaces ge-3/0/9 ether-options 802.3ad ae22
set interfaces ge-3/0/10 ether-options 802.3ad ae23
set interfaces ge-3/0/11 ether-options 802.3ad ae24
set interfaces ge-3/0/12 ether-options 802.3ad ae25
set interfaces ae0 aggregated-ether-options minimum-links 1
set interfaces ae0 aggregated-ether-options lacp passive
set interfaces ae0 unit 0 family ethernet-switching vlan members vl10
set interfaces ae1 aggregated-ether-options minimum-links 1
set interfaces ae1 aggregated-ether-options lacp passive
set interfaces ae1 unit 0 family ethernet-switching vlan members vl8
set interfaces ae2 aggregated-ether-options minimum-links 1
set interfaces ae2 aggregated-ether-options lacp passive
set interfaces ae2 unit 0 family ethernet-switching vlan members vl2
set interfaces ae3 aggregated-ether-options minimum-links 1
set interfaces ae3 aggregated-ether-options lacp passive
set interfaces ae3 unit 0 family ethernet-switching vlan members vl3
set interfaces ae4 aggregated-ether-options minimum-links 1
set interfaces ae4 aggregated-ether-options lacp passive
set interfaces ae4 unit 0 family ethernet-switching vlan members vl4
set interfaces ae5 aggregated-ether-options minimum-links 1
set interfaces ae5 aggregated-ether-options lacp passive
set interfaces ae5 unit 0 family ethernet-switching vlan members vl11
set interfaces ae6 aggregated-ether-options minimum-links 1
set interfaces ae6 aggregated-ether-options lacp passive
set interfaces ae6 unit 0 family ethernet-switching vlan members vl12
set interfaces ae7 aggregated-ether-options minimum-links 1
set interfaces ae7 aggregated-ether-options lacp passive
set interfaces ae7 unit 0 family ethernet-switching vlan members vl13
set interfaces ae8 aggregated-ether-options minimum-links 1
set interfaces ae8 aggregated-ether-options lacp passive
set interfaces ae8 unit 0 family ethernet-switching vlan members vl14
set interfaces ae9 aggregated-ether-options minimum-links 1
set interfaces ae9 aggregated-ether-options lacp passive
set interfaces ae9 unit 0 family inet address 172.30.13.245/30
set interfaces ae10 aggregated-ether-options minimum-links 1
set interfaces ae10 aggregated-ether-options lacp passive
set interfaces ae10 unit 0 family ethernet-switching vlan members vl10
set interfaces ae11 aggregated-ether-options minimum-links 1
set interfaces ae11 aggregated-ether-options lacp passive
set interfaces ae11 unit 0 family ethernet-switching vlan members vl10
set interfaces ae12 aggregated-ether-options minimum-links 1
set interfaces ae12 aggregated-ether-options lacp passive
set interfaces ae12 unit 0 family ethernet-switching vlan members vl10
set interfaces ae13 aggregated-ether-options minimum-links 1
set interfaces ae13 aggregated-ether-options lacp passive
set interfaces ae13 unit 0 family ethernet-switching vlan members vl10
set interfaces ae14 aggregated-ether-options minimum-links 1
set interfaces ae14 aggregated-ether-options lacp passive
set interfaces ae14 unit 0 family ethernet-switching vlan members vl10
set interfaces ae15 aggregated-ether-options minimum-links 1
set interfaces ae15 aggregated-ether-options lacp passive
set interfaces ae15 unit 0 family ethernet-switching vlan members vl10
set interfaces ae16 aggregated-ether-options minimum-links 1
set interfaces ae16 aggregated-ether-options lacp passive
set interfaces ae16 unit 0 family ethernet-switching vlan members vl10
set interfaces ae17 aggregated-ether-options minimum-links 1
set interfaces ae17 aggregated-ether-options lacp passive
set interfaces ae17 unit 0 family ethernet-switching vlan members vl10
set interfaces ae18 aggregated-ether-options minimum-links 1
set interfaces ae18 aggregated-ether-options lacp passive
set interfaces ae18 unit 0 family ethernet-switching vlan members vl10
set interfaces ae19 aggregated-ether-options minimum-links 1
set interfaces ae19 aggregated-ether-options lacp passive
set interfaces ae19 unit 0 family ethernet-switching vlan members vl10
set interfaces ae20 aggregated-ether-options minimum-links 1
set interfaces ae20 aggregated-ether-options lacp passive
set interfaces ae20 unit 0 family ethernet-switching vlan members vl10
set interfaces ae21 aggregated-ether-options minimum-links 1
set interfaces ae21 aggregated-ether-options lacp passive
set interfaces ae21 unit 0 family ethernet-switching vlan members vl10
set interfaces ae22 aggregated-ether-options minimum-links 1
set interfaces ae22 aggregated-ether-options lacp passive
set interfaces ae22 unit 0 family ethernet-switching vlan members vl10
set interfaces ae23 aggregated-ether-options minimum-links 1
set interfaces ae23 aggregated-ether-options lacp passive
set interfaces ae23 unit 0 family ethernet-switching vlan members vl10
set interfaces ae24 aggregated-ether-options minimum-links 1
set interfaces ae24 aggregated-ether-options lacp passive
set interfaces ae24 unit 0 family ethernet-switching vlan members vl10
set interfaces ae25 aggregated-ether-options minimum-links 1
set interfaces ae25 aggregated-ether-options lacp passive
set interfaces ae25 unit 0 family ethernet-switching vlan members vl10
set interfaces irb unit 0 family inet dhcp vendor-id Juniper-ex4300-24t-PG3717080083
set interfaces irb unit 2 family inet address 172.30.51.1/30
set interfaces irb unit 3 family inet address 172.30.52.1/30
set interfaces irb unit 4 family inet address 172.30.53.1/30
set interfaces irb unit 8 family inet address 172.30.12.1/30
set interfaces irb unit 10 family inet address 193.30.10.254/24
set interfaces irb unit 11 family inet address 172.30.71.1/30
set interfaces irb unit 12 family inet address 172.30.72.1/30
set interfaces irb unit 13 family inet address 172.30.73.1/30
set interfaces irb unit 14 family inet address 172.30.74.1/30
set interfaces vme unit 0 family inet dhcp vendor-id Juniper-ex4300-24t-PG3717080083
set forwarding-options storm-control-profiles default all
set routing-options static route 193.30.12.0/24 next-hop 172.30.12.2
set routing-options static route 193.30.51.0/24 next-hop 172.30.51.2
set routing-options static route 193.30.52.0/24 next-hop 172.30.52.2
set routing-options static route 193.30.53.0/24 next-hop 172.30.53.2
set routing-options static route 193.30.71.0/24 next-hop 172.30.71.2
set routing-options static route 193.30.72.0/24 next-hop 172.30.72.2
set routing-options static route 193.30.73.0/24 next-hop 172.30.73.2
set routing-options static route 193.30.74.0/24 next-hop 172.30.74.2
set routing-options static route 193.30.13.0/24 next-hop 172.30.13.246
set protocols lldp interface all
set protocols lldp-med interface all
set protocols igmp-snooping vlan default
set protocols rstp interface all
set virtual-chassis preprovisioned
set virtual-chassis member 0 role routing-engine
set virtual-chassis member 0 serial-number PG3717080083
set virtual-chassis member 1 role routing-engine
set virtual-chassis member 1 serial-number PG3717080094
set virtual-chassis member 2 role line-card
set virtual-chassis member 2 serial-number PG3717050012
set virtual-chassis member 3 role line-card
set virtual-chassis member 3 serial-number PG3717050067
set vlans default vlan-id 1
set vlans default l3-interface irb.0
set vlans vl10 vlan-id 10
set vlans vl10 l3-interface irb.10
set vlans vl11 vlan-id 11
set vlans vl11 l3-interface irb.11
set vlans vl12 vlan-id 12
set vlans vl12 l3-interface irb.12
set vlans vl13 vlan-id 13
set vlans vl13 l3-interface irb.13
set vlans vl14 vlan-id 14
set vlans vl14 l3-interface irb.14
set vlans vl2 vlan-id 2
set vlans vl2 l3-interface irb.2
set vlans vl3 vlan-id 3
set vlans vl3 l3-interface irb.3
set vlans vl4 vlan-id 4
set vlans vl4 l3-interface irb.4
set vlans vl8 vlan-id 8
set vlans vl8 l3-interface irb.8

{master:0}[edit]
root@OSAOSTC#

{master:0}[edit]
root@OSAOSTC#

{master:0}[edit]
root@OSAOSTC# show | no-more
## Last changed: 2019-06-11 14:23:25 UTC
version 18.1R3-S6.1;
system {
    host-name OSAOSTC;
    auto-snapshot;
    root-authentication {
        encrypted-password "$6$a/4w9hhz$J116V43XbyngDO/h15squzRv4szf9/cxA8oGpGF7hQnZB72wtw0hewjs5SnJJP0KauAvS2UC0alJ8bmKdpRIr1"; ## SECRET-DATA
    }
    syslog {
        user * {
            any emergency;
        }
        file messages {
            any notice;
            authorization info;
        }
        file interactive-commands {
            interactive-commands any;
        }
    }
    processes {
        dhcp-service {
            traceoptions {
                file dhcp_logfile size 10m;
                level all;
                flag all;
            }
        }
    }
}
chassis {
    aggregated-devices {
        ethernet {
            device-count 26;
        }
    }
}
interfaces {
    ge-0/0/0 {
        ether-options {
            802.3ad ae0;
        }
    }
    ge-0/0/1 {
        ether-options {
            802.3ad ae1;
        }
    }
    ge-0/0/2 {
        ether-options {
            802.3ad ae2;
        }
    }
    ge-0/0/3 {
        ether-options {
            802.3ad ae3;
        }
    }
    ge-0/0/4 {
        ether-options {
            802.3ad ae4;
        }
    }
    ge-0/0/5 {
        ether-options {
            802.3ad ae5;
        }
    }
    ge-0/0/6 {
        ether-options {
            802.3ad ae6;
        }
    }
    ge-0/0/7 {
        ether-options {
            802.3ad ae7;
        }
    }
    ge-0/0/8 {
        ether-options {
            802.3ad ae8;
        }
    }
    ge-0/0/9 {
        ether-options {
            802.3ad ae9;
        }
    }
    ge-0/0/10 {
        ether-options {
            802.3ad ae10;
        }
    }
    ge-0/0/11 {
        ether-options {
            802.3ad ae11;
        }
    }
    ge-0/0/12 {
        ether-options {
            802.3ad ae12;
        }
    }
    ge-0/0/13 {
        unit 0 {
            family ethernet-switching {
                vlan {
                    members vl10;
                }
                storm-control default;
            }
        }
    }
    ge-0/0/14 {
        unit 0 {
            family ethernet-switching {
                storm-control default;
            }
        }
    }
    ge-0/0/15 {
        unit 0 {
            family ethernet-switching {
                storm-control default;
            }
        }
    }
    ge-0/0/16 {
        unit 0 {
            family ethernet-switching {
                storm-control default;
            }
        }
    }
    ge-0/0/17 {
        unit 0 {
            family ethernet-switching {
                storm-control default;
            }
        }
    }
    ge-0/0/18 {
        unit 0 {
            family ethernet-switching {
                storm-control default;
            }
        }
    }
    ge-0/0/19 {
        unit 0 {
            family ethernet-switching {
                storm-control default;
            }
        }
    }
    ge-0/0/20 {
        unit 0 {
            family ethernet-switching {
                storm-control default;
            }
        }
    }
    ge-0/0/21 {
        unit 0 {
            family ethernet-switching {
                storm-control default;
            }
        }
    }
    ge-0/0/22 {
        unit 0 {
            family ethernet-switching {
                storm-control default;
            }
        }
    }
    ge-0/0/23 {
        unit 0 {
            family ethernet-switching {
                storm-control default;
            }
        }
    }
    ge-0/2/0 {
        unit 0 {
            family ethernet-switching {
                storm-control default;
            }
        }
    }
    xe-0/2/0 {
        unit 0 {
            family ethernet-switching {
                storm-control default;
            }
        }
    }
    ge-0/2/1 {
        unit 0 {
            family ethernet-switching {
                storm-control default;
            }
        }
    }
    xe-0/2/1 {
        unit 0 {
            family ethernet-switching {
                storm-control default;
            }
        }
    }
    ge-0/2/2 {
        unit 0 {
            family ethernet-switching {
                storm-control default;
            }
        }
    }
    xe-0/2/2 {
        unit 0 {
            family ethernet-switching {
                storm-control default;
            }
        }
    }
    ge-0/2/3 {
        unit 0 {
            family ethernet-switching {
                storm-control default;
            }
        }
    }
    xe-0/2/3 {
        unit 0 {
            family ethernet-switching {
                storm-control default;
            }
        }
    }
    ge-1/0/0 {
        ether-options {
            802.3ad ae0;
        }
    }
    ge-1/0/1 {
        ether-options {
            802.3ad ae1;
        }
    }
    ge-1/0/2 {
        ether-options {
            802.3ad ae2;
        }
    }
    ge-1/0/3 {
        ether-options {
            802.3ad ae3;
        }
    }
    ge-1/0/4 {
        ether-options {
            802.3ad ae4;
        }
    }
    ge-1/0/5 {
        ether-options {
            802.3ad ae5;
        }
    }
    ge-1/0/6 {
        ether-options {
            802.3ad ae6;
        }
    }
    ge-1/0/7 {
        ether-options {
            802.3ad ae7;
        }
    }
    ge-1/0/8 {
        ether-options {
            802.3ad ae8;
        }
    }
    ge-1/0/9 {
        ether-options {
            802.3ad ae9;
        }
    }
    ge-1/0/10 {
        ether-options {
            802.3ad ae10;
        }
    }
    ge-1/0/11 {
        ether-options {
            802.3ad ae11;
        }
    }
    ge-1/0/12 {
        ether-options {
            802.3ad ae12;
        }
    }
    ge-1/0/13 {
        unit 0 {
            family ethernet-switching {
                vlan {
                    members vl10;
                }
            }
        }
    }
    ge-2/0/0 {
        ether-options {
            802.3ad ae13;
        }
    }
    ge-2/0/1 {
        ether-options {
            802.3ad ae14;
        }
    }
    ge-2/0/2 {
        ether-options {
            802.3ad ae15;
        }
    }
    ge-2/0/3 {
        ether-options {
            802.3ad ae16;
        }
    }
    ge-2/0/4 {
        ether-options {
            802.3ad ae17;
        }
    }
    ge-2/0/5 {
        ether-options {
            802.3ad ae18;
        }
    }
    ge-2/0/6 {
        ether-options {
            802.3ad ae19;
        }
    }
    ge-2/0/7 {
        ether-options {
            802.3ad ae20;
        }
    }
    ge-2/0/8 {
        ether-options {
            802.3ad ae21;
        }
    }
    ge-2/0/9 {
        ether-options {
            802.3ad ae22;
        }
    }
    ge-2/0/10 {
        ether-options {
            802.3ad ae23;
        }
    }
    ge-2/0/11 {
        ether-options {
            802.3ad ae24;
        }
    }
    ge-2/0/12 {
        ether-options {
            802.3ad ae25;
        }
    }
    ge-3/0/0 {
        ether-options {
            802.3ad ae13;
        }
    }
    ge-3/0/1 {
        ether-options {
            802.3ad ae14;
        }
    }
    ge-3/0/2 {
        ether-options {
            802.3ad ae15;
        }
    }
    ge-3/0/3 {
        ether-options {
            802.3ad ae16;
        }
    }
    ge-3/0/4 {
        ether-options {
            802.3ad ae17;
        }
    }
    ge-3/0/5 {
        ether-options {
            802.3ad ae18;
        }
    }
    ge-3/0/6 {
        ether-options {
            802.3ad ae19;
        }
    }
    ge-3/0/7 {
        ether-options {
            802.3ad ae20;
        }
    }
    ge-3/0/8 {
        ether-options {
            802.3ad ae21;
        }
    }
    ge-3/0/9 {
        ether-options {
            802.3ad ae22;
        }
    }
    ge-3/0/10 {
        ether-options {
            802.3ad ae23;
        }
    }
    ge-3/0/11 {
        ether-options {
            802.3ad ae24;
        }
    }
    ge-3/0/12 {
        ether-options {
            802.3ad ae25;
        }
    }
    ae0 {
        aggregated-ether-options {
            minimum-links 1;
            lacp {
                passive;
            }
        }
        unit 0 {
            family ethernet-switching {
                vlan {
                    members vl10;
                }
            }
        }
    }
    ae1 {
        aggregated-ether-options {
            minimum-links 1;
            lacp {
                passive;
            }
        }
        unit 0 {
            family ethernet-switching {
                vlan {
                    members vl8;
                }
            }
        }
    }
    ae2 {
        aggregated-ether-options {
            minimum-links 1;
            lacp {
                passive;
            }
        }
        unit 0 {
            family ethernet-switching {
                vlan {
                    members vl2;
                }
            }
        }
    }
    ae3 {
        aggregated-ether-options {
            minimum-links 1;
            lacp {
                passive;
            }
        }
        unit 0 {
            family ethernet-switching {
                vlan {
                    members vl3;
                }
            }
        }
    }
    ae4 {
        aggregated-ether-options {
            minimum-links 1;
            lacp {
                passive;
            }
        }
        unit 0 {
            family ethernet-switching {
                vlan {
                    members vl4;
                }
            }
        }
    }
    ae5 {
        aggregated-ether-options {
            minimum-links 1;
            lacp {
                passive;
            }
        }
        unit 0 {
            family ethernet-switching {
                vlan {
                    members vl11;
                }
            }
        }
    }
    ae6 {
        aggregated-ether-options {
            minimum-links 1;
            lacp {
                passive;
            }
        }
        unit 0 {
            family ethernet-switching {
                vlan {
                    members vl12;
                }
            }
        }
    }
    ae7 {
        aggregated-ether-options {
            minimum-links 1;
            lacp {
                passive;
            }
        }
        unit 0 {
            family ethernet-switching {
                vlan {
                    members vl13;
                }
            }
        }
    }
    ae8 {
        aggregated-ether-options {
            minimum-links 1;
            lacp {
                passive;
            }
        }
        unit 0 {
            family ethernet-switching {
                vlan {
                    members vl14;
                }
            }
        }
    }
    ae9 {
        aggregated-ether-options {
            minimum-links 1;
            lacp {
                passive;
            }
        }
        unit 0 {
            family inet {
                address 172.30.13.245/30;
            }
        }
    }
    ae10 {
        aggregated-ether-options {
            minimum-links 1;
            lacp {
                passive;
            }
        }
        unit 0 {
            family ethernet-switching {
                vlan {
                    members vl10;
                }
            }
        }
    }
    ae11 {
        aggregated-ether-options {
            minimum-links 1;
            lacp {
                passive;
            }
        }
        unit 0 {
            family ethernet-switching {
                vlan {
                    members vl10;
                }
            }
        }
    }
    ae12 {
        aggregated-ether-options {
            minimum-links 1;
            lacp {
                passive;
            }
        }
        unit 0 {
            family ethernet-switching {
                vlan {
                    members vl10;
                }
            }
        }
    }
    ae13 {
        aggregated-ether-options {
            minimum-links 1;
            lacp {
                passive;
            }
        }
        unit 0 {
            family ethernet-switching {
                vlan {
                    members vl10;
                }
            }
        }
    }
    ae14 {
        aggregated-ether-options {
            minimum-links 1;
            lacp {
                passive;
            }
        }
        unit 0 {
            family ethernet-switching {
                vlan {
                    members vl10;
                }
            }
        }
    }
    ae15 {
        aggregated-ether-options {
            minimum-links 1;
            lacp {
                passive;
            }
        }
        unit 0 {
            family ethernet-switching {
                vlan {
                    members vl10;
                }
            }
        }
    }
    ae16 {
        aggregated-ether-options {
            minimum-links 1;
            lacp {
                passive;
            }
        }
        unit 0 {
            family ethernet-switching {
                vlan {
                    members vl10;
                }
            }
        }
    }
    ae17 {
        aggregated-ether-options {
            minimum-links 1;
            lacp {
                passive;
            }
        }
        unit 0 {
            family ethernet-switching {
                vlan {
                    members vl10;
                }
            }
        }
    }
    ae18 {
        aggregated-ether-options {
            minimum-links 1;
            lacp {
                passive;
            }
        }
        unit 0 {
            family ethernet-switching {
                vlan {
                    members vl10;
                }
            }
        }
    }
    ae19 {
        aggregated-ether-options {
            minimum-links 1;
            lacp {
                passive;
            }
        }
        unit 0 {
            family ethernet-switching {
                vlan {
                    members vl10;
                }
            }
        }
    }
    ae20 {
        aggregated-ether-options {
            minimum-links 1;
            lacp {
                passive;
            }
        }
        unit 0 {
            family ethernet-switching {
                vlan {
                    members vl10;
                }
            }
        }
    }
    ae21 {
        aggregated-ether-options {
            minimum-links 1;
            lacp {
                passive;
            }
        }
        unit 0 {
            family ethernet-switching {
                vlan {
                    members vl10;
                }
            }
        }
    }
    ae22 {
        aggregated-ether-options {
            minimum-links 1;
            lacp {
                passive;
            }
        }
        unit 0 {
            family ethernet-switching {
                vlan {
                    members vl10;
                }
            }
        }
    }
    ae23 {
        aggregated-ether-options {
            minimum-links 1;
            lacp {
                passive;
            }
        }
        unit 0 {
            family ethernet-switching {
                vlan {
                    members vl10;
                }
            }
        }
    }
    ae24 {
        aggregated-ether-options {
            minimum-links 1;
            lacp {
                passive;
            }
        }
        unit 0 {
            family ethernet-switching {
                vlan {
                    members vl10;
                }
            }
        }
    }
    ae25 {
        aggregated-ether-options {
            minimum-links 1;
            lacp {
                passive;
            }
        }
        unit 0 {
            family ethernet-switching {
                vlan {
                    members vl10;
                }
            }
        }
    }
    irb {
        unit 0 {
            family inet {
                dhcp {
                    vendor-id Juniper-ex4300-24t-PG3717080083;
                }
            }
        }
        unit 2 {
            family inet {
                address 172.30.51.1/30;
            }
        }
        unit 3 {
            family inet {
                address 172.30.52.1/30;
            }
        }
        unit 4 {
            family inet {
                address 172.30.53.1/30;
            }
        }
        unit 8 {
            family inet {
                address 172.30.12.1/30;
            }
        }
        unit 10 {
            family inet {
                address 193.30.10.254/24;
            }
        }
        unit 11 {
            family inet {
                address 172.30.71.1/30;
            }
        }
        unit 12 {
            family inet {
                address 172.30.72.1/30;
            }
        }
        unit 13 {
            family inet {
                address 172.30.73.1/30;
            }
        }
        unit 14 {
            family inet {
                address 172.30.74.1/30;
            }
        }
    }
    vme {
        unit 0 {
            family inet {
                dhcp {
                    vendor-id Juniper-ex4300-24t-PG3717080083;
                }
            }
        }
    }
}
forwarding-options {
    storm-control-profiles default {
        all;
    }
}
routing-options {
    static {
        route 193.30.12.0/24 next-hop 172.30.12.2;
        route 193.30.51.0/24 next-hop 172.30.51.2;
        route 193.30.52.0/24 next-hop 172.30.52.2;
        route 193.30.53.0/24 next-hop 172.30.53.2;
        route 193.30.71.0/24 next-hop 172.30.71.2;
        route 193.30.72.0/24 next-hop 172.30.72.2;
        route 193.30.73.0/24 next-hop 172.30.73.2;
        route 193.30.74.0/24 next-hop 172.30.74.2;
        route 193.30.13.0/24 next-hop 172.30.13.246;
    }
}
protocols {
    lldp {
        interface all;
    }
    lldp-med {
        interface all;
    }
    igmp-snooping {
        vlan default;
    }
    rstp {
        interface all;
    }
}
virtual-chassis {
    preprovisioned;
    member 0 {
        role routing-engine;
        serial-number PG3717080083;
    }
    member 1 {
        role routing-engine;
        serial-number PG3717080094;
    }
    member 2 {
        role line-card;
        serial-number PG3717050012;
    }
    member 3 {
        role line-card;
        serial-number PG3717050067;
    }
}
vlans {
    default {
        vlan-id 1;
        l3-interface irb.0;
    }
    vl10 {
        vlan-id 10;
        l3-interface irb.10;
    }
    vl11 {
        vlan-id 11;
        l3-interface irb.11;
    }
    vl12 {
        vlan-id 12;
        l3-interface irb.12;
    }
    vl13 {
        vlan-id 13;
        l3-interface irb.13;
    }
    vl14 {
        vlan-id 14;
        l3-interface irb.14;
    }
    vl2 {
        vlan-id 2;
        l3-interface irb.2;
    }
    vl3 {
        vlan-id 3;
        l3-interface irb.3;
    }
    vl4 {
        vlan-id 4;
        l3-interface irb.4;
    }
    vl8 {
        vlan-id 8;
        l3-interface irb.8;
    }
}

{master:0}[edit]
root@OSAOSTC#




















================================================================================
================================================================================


{master:0}
root@OSAOSTC>

{master:0}
root@OSAOSTC> ping 193.30.10.254
PING 193.30.10.254 (193.30.10.254): 56 data bytes
64 bytes from 193.30.10.254: icmp_seq=0 ttl=64 time=3.189 ms
64 bytes from 193.30.10.254: icmp_seq=1 ttl=64 time=0.241 ms
64 bytes from 193.30.10.254: icmp_seq=2 ttl=64 time=0.096 ms
64 bytes from 193.30.10.254: icmp_seq=3 ttl=64 time=0.099^C
--- 193.30.10.254 ping statistics ---
4 packets transmitted, 4 packets received, 0% packet loss
round-trip min/avg/max/stddev = 0.096/0.906/3.189/1.319 ms

{master:0}
root@OSAOSTC> ping 193.30.10.253
PING 193.30.10.253 (193.30.10.253): 56 data bytes
64 bytes from 193.30.10.253: icmp_seq=0 ttl=64 time=2.755 ms
64 bytes from 193.30.10.253: icmp_seq=1 ttl=64 time=3.552 ms
64 bytes from 193.30.10.253: icmp_seq=2 ttl=64 time=3.156 ms
^C
--- 193.30.10.253 ping statistics ---
3 packets transmitted, 3 packets received, 0% packet loss
round-trip min/avg/max/stddev = 2.755/3.154/3.552/0.325 ms

{master:0}
root@OSAOSTC> ping 193.30.12.254
PING 193.30.12.254 (193.30.12.254): 56 data bytes
64 bytes from 193.30.12.254: icmp_seq=0 ttl=64 time=2.055 ms
64 bytes from 193.30.12.254: icmp_seq=1 ttl=64 time=1.487 ms
64 bytes from 193.30.12.254: icmp_seq=2 ttl=64 time=2.396 ms
^C
--- 193.30.12.254 ping statistics ---
3 packets transmitted, 3 packets received, 0% packet loss
round-trip min/avg/max/stddev = 1.487/1.979/2.396/0.375 ms

{master:0}
root@OSAOSTC> ping 193.30.12.167
PING 193.30.12.167 (193.30.12.167): 56 data bytes
64 bytes from 193.30.12.167: icmp_seq=0 ttl=127 time=3.929 ms
64 bytes from 193.30.12.167: icmp_seq=1 ttl=127 time=1.834 ms
64 bytes from 193.30.12.167: icmp_seq=2 ttl=127 time=2.752 ms
^C
--- 193.30.12.167 ping statistics ---
3 packets transmitted, 3 packets received, 0% packet loss
round-trip min/avg/max/stddev = 1.834/2.838/3.929/0.857 ms

{master:0}
root@OSAOSTC> edit
Entering configuration mode

{master:0}[edit]
root@OSAOSTC# show | no-more
## Last changed: 2019-06-11 14:23:25 UTC
version 18.1R3-S6.1;
system {
    host-name OSAOSTC;
    auto-snapshot;
    root-authentication {
        encrypted-password "$6$a/4w9hhz$J116V43XbyngDO/h15squzRv4szf9/cxA8oGpGF7hQnZB72wtw0hewjs5SnJJP0KauAvS2UC0alJ8bmKdpRIr1"; ## SECRET-DATA
    }
    syslog {
        user * {
            any emergency;
        }
        file messages {
            any notice;
            authorization info;
        }
        file interactive-commands {
            interactive-commands any;
        }
    }
    processes {
        dhcp-service {
            traceoptions {
                file dhcp_logfile size 10m;
                level all;
                flag all;
            }
        }
    }
}
chassis {
    aggregated-devices {
        ethernet {
            device-count 26;
        }
    }
}
interfaces {
    ge-0/0/0 {
        ether-options {
            802.3ad ae0;
        }
    }
    ge-0/0/1 {
        ether-options {
            802.3ad ae1;
        }
    }
    ge-0/0/2 {
        ether-options {
            802.3ad ae2;
        }
    }
    ge-0/0/3 {
        ether-options {
            802.3ad ae3;
        }
    }
    ge-0/0/4 {
        ether-options {
            802.3ad ae4;
        }
    }
    ge-0/0/5 {
        ether-options {
            802.3ad ae5;
        }
    }
    ge-0/0/6 {
        ether-options {
            802.3ad ae6;
        }
    }
    ge-0/0/7 {
        ether-options {
            802.3ad ae7;
        }
    }
    ge-0/0/8 {
        ether-options {
            802.3ad ae8;
        }
    }
    ge-0/0/9 {
        ether-options {
            802.3ad ae9;
        }
    }
    ge-0/0/10 {
        ether-options {
            802.3ad ae10;
        }
    }
    ge-0/0/11 {
        ether-options {
            802.3ad ae11;
        }
    }
    ge-0/0/12 {
        ether-options {
            802.3ad ae12;
        }
    }
    ge-0/0/13 {
        unit 0 {
            family ethernet-switching {
                vlan {
                    members vl10;
                }
                storm-control default;
            }
        }
    }
    ge-0/0/14 {
        unit 0 {
            family ethernet-switching {
                storm-control default;
            }
        }
    }
    ge-0/0/15 {
        unit 0 {
            family ethernet-switching {
                storm-control default;
            }
        }
    }
    ge-0/0/16 {
        unit 0 {
            family ethernet-switching {
                storm-control default;
            }
        }
    }
    ge-0/0/17 {
        unit 0 {
            family ethernet-switching {
                storm-control default;
            }
        }
    }
    ge-0/0/18 {
        unit 0 {
            family ethernet-switching {
                storm-control default;
            }
        }
    }
    ge-0/0/19 {
        unit 0 {
            family ethernet-switching {
                storm-control default;
            }
        }
    }
    ge-0/0/20 {
        unit 0 {
            family ethernet-switching {
                storm-control default;
            }
        }
    }
    ge-0/0/21 {
        unit 0 {
            family ethernet-switching {
                storm-control default;
            }
        }
    }
    ge-0/0/22 {
        unit 0 {
            family ethernet-switching {
                storm-control default;
            }
        }
    }
    ge-0/0/23 {
        unit 0 {
            family ethernet-switching {
                storm-control default;
            }
        }
    }
    ge-0/2/0 {
        unit 0 {
            family ethernet-switching {
                storm-control default;
            }
        }
    }
    xe-0/2/0 {
        unit 0 {
            family ethernet-switching {
                storm-control default;
            }
        }
    }
    ge-0/2/1 {
        unit 0 {
            family ethernet-switching {
                storm-control default;
            }
        }
    }
    xe-0/2/1 {
        unit 0 {
            family ethernet-switching {
                storm-control default;
            }
        }
    }
    ge-0/2/2 {
        unit 0 {
            family ethernet-switching {
                storm-control default;
            }
        }
    }
    xe-0/2/2 {
        unit 0 {
            family ethernet-switching {
                storm-control default;
            }
        }
    }
    ge-0/2/3 {
        unit 0 {
            family ethernet-switching {
                storm-control default;
            }
        }
    }
    xe-0/2/3 {
        unit 0 {
            family ethernet-switching {
                storm-control default;
            }
        }
    }
    ge-1/0/0 {
        ether-options {
            802.3ad ae0;
        }
    }
    ge-1/0/1 {
        ether-options {
            802.3ad ae1;
        }
    }
    ge-1/0/2 {
        ether-options {
            802.3ad ae2;
        }
    }
    ge-1/0/3 {
        ether-options {
            802.3ad ae3;
        }
    }
    ge-1/0/4 {
        ether-options {
            802.3ad ae4;
        }
    }
    ge-1/0/5 {
        ether-options {
            802.3ad ae5;
        }
    }
    ge-1/0/6 {
        ether-options {
            802.3ad ae6;
        }
    }
    ge-1/0/7 {
        ether-options {
            802.3ad ae7;
        }
    }
    ge-1/0/8 {
        ether-options {
            802.3ad ae8;
        }
    }
    ge-1/0/9 {
        ether-options {
            802.3ad ae9;
        }
    }
    ge-1/0/10 {
        ether-options {
            802.3ad ae10;
        }
    }
    ge-1/0/11 {
        ether-options {
            802.3ad ae11;
        }
    }
    ge-1/0/12 {
        ether-options {
            802.3ad ae12;
        }
    }
    ge-1/0/13 {
        unit 0 {
            family ethernet-switching {
                vlan {
                    members vl10;
                }
            }
        }
    }
    ge-2/0/0 {
        ether-options {
            802.3ad ae13;
        }
    }
    ge-2/0/1 {
        ether-options {
            802.3ad ae14;
        }
    }
    ge-2/0/2 {
        ether-options {
            802.3ad ae15;
        }
    }
    ge-2/0/3 {
        ether-options {
            802.3ad ae16;
        }
    }
    ge-2/0/4 {
        ether-options {
            802.3ad ae17;
        }
    }
    ge-2/0/5 {
        ether-options {
            802.3ad ae18;
        }
    }
    ge-2/0/6 {
        ether-options {
            802.3ad ae19;
        }
    }
    ge-2/0/7 {
        ether-options {
            802.3ad ae20;
        }
    }
    ge-2/0/8 {
        ether-options {
            802.3ad ae21;
        }
    }
    ge-2/0/9 {
        ether-options {
            802.3ad ae22;
        }
    }
    ge-2/0/10 {
        ether-options {
            802.3ad ae23;
        }
    }
    ge-2/0/11 {
        ether-options {
            802.3ad ae24;
        }
    }
    ge-2/0/12 {
        ether-options {
            802.3ad ae25;
        }
    }
    ge-3/0/0 {
        ether-options {
            802.3ad ae13;
        }
    }
    ge-3/0/1 {
        ether-options {
            802.3ad ae14;
        }
    }
    ge-3/0/2 {
        ether-options {
            802.3ad ae15;
        }
    }
    ge-3/0/3 {
        ether-options {
            802.3ad ae16;
        }
    }
    ge-3/0/4 {
        ether-options {
            802.3ad ae17;
        }
    }
    ge-3/0/5 {
        ether-options {
            802.3ad ae18;
        }
    }
    ge-3/0/6 {
        ether-options {
            802.3ad ae19;
        }
    }
    ge-3/0/7 {
        ether-options {
            802.3ad ae20;
        }
    }
    ge-3/0/8 {
        ether-options {
            802.3ad ae21;
        }
    }
    ge-3/0/9 {
        ether-options {
            802.3ad ae22;
        }
    }
    ge-3/0/10 {
        ether-options {
            802.3ad ae23;
        }
    }
    ge-3/0/11 {
        ether-options {
            802.3ad ae24;
        }
    }
    ge-3/0/12 {
        ether-options {
            802.3ad ae25;
        }
    }
    ae0 {
        aggregated-ether-options {
            minimum-links 1;
            lacp {
                passive;
            }
        }
        unit 0 {
            family ethernet-switching {
                vlan {
                    members vl10;
                }
            }
        }
    }
    ae1 {
        aggregated-ether-options {
            minimum-links 1;
            lacp {
                passive;
            }
        }
        unit 0 {
            family ethernet-switching {
                vlan {
                    members vl8;
                }
            }
        }
    }
    ae2 {
        aggregated-ether-options {
            minimum-links 1;
            lacp {
                passive;
            }
        }
        unit 0 {
            family ethernet-switching {
                vlan {
                    members vl2;
                }
            }
        }
    }
    ae3 {
        aggregated-ether-options {
            minimum-links 1;
            lacp {
                passive;
            }
        }
        unit 0 {
            family ethernet-switching {
                vlan {
                    members vl3;
                }
            }
        }
    }
    ae4 {
        aggregated-ether-options {
            minimum-links 1;
            lacp {
                passive;
            }
        }
        unit 0 {
            family ethernet-switching {
                vlan {
                    members vl4;
                }
            }
        }
    }
    ae5 {
        aggregated-ether-options {
            minimum-links 1;
            lacp {
                passive;
            }
        }
        unit 0 {
            family ethernet-switching {
                vlan {
                    members vl11;
                }
            }
        }
    }
    ae6 {
        aggregated-ether-options {
            minimum-links 1;
            lacp {
                passive;
            }
        }
        unit 0 {
            family ethernet-switching {
                vlan {
                    members vl12;
                }
            }
        }
    }
    ae7 {
        aggregated-ether-options {
            minimum-links 1;
            lacp {
                passive;
            }
        }
        unit 0 {
            family ethernet-switching {
                vlan {
                    members vl13;
                }
            }
        }
    }
    ae8 {
        aggregated-ether-options {
            minimum-links 1;
            lacp {
                passive;
            }
        }
        unit 0 {
            family ethernet-switching {
                vlan {
                    members vl14;
                }
            }
        }
    }
    ae9 {
        aggregated-ether-options {
            minimum-links 1;
            lacp {
                passive;
            }
        }
        unit 0 {
            family inet {
                address 172.30.13.245/30;
            }
        }
    }
    ae10 {
        aggregated-ether-options {
            minimum-links 1;
            lacp {
                passive;
            }
        }
        unit 0 {
            family ethernet-switching {
                vlan {
                    members vl10;
                }
            }
        }
    }
    ae11 {
        aggregated-ether-options {
            minimum-links 1;
            lacp {
                passive;
            }
        }
        unit 0 {
            family ethernet-switching {
                vlan {
                    members vl10;
                }
            }
        }
    }
    ae12 {
        aggregated-ether-options {
            minimum-links 1;
            lacp {
                passive;
            }
        }
        unit 0 {
            family ethernet-switching {
                vlan {
                    members vl10;
                }
            }
        }
    }
    ae13 {
        aggregated-ether-options {
            minimum-links 1;
            lacp {
                passive;
            }
        }
        unit 0 {
            family ethernet-switching {
                vlan {
                    members vl10;
                }
            }
        }
    }
    ae14 {
        aggregated-ether-options {
            minimum-links 1;
            lacp {
                passive;
            }
        }
        unit 0 {
            family ethernet-switching {
                vlan {
                    members vl10;
                }
            }
        }
    }
    ae15 {
        aggregated-ether-options {
            minimum-links 1;
            lacp {
                passive;
            }
        }
        unit 0 {
            family ethernet-switching {
                vlan {
                    members vl10;
                }
            }
        }
    }
    ae16 {
        aggregated-ether-options {
            minimum-links 1;
            lacp {
                passive;
            }
        }
        unit 0 {
            family ethernet-switching {
                vlan {
                    members vl10;
                }
            }
        }
    }
    ae17 {
        aggregated-ether-options {
            minimum-links 1;
            lacp {
                passive;
            }
        }
        unit 0 {
            family ethernet-switching {
                vlan {
                    members vl10;
                }
            }
        }
    }
    ae18 {
        aggregated-ether-options {
            minimum-links 1;
            lacp {
                passive;
            }
        }
        unit 0 {
            family ethernet-switching {
                vlan {
                    members vl10;
                }
            }
        }
    }
    ae19 {
        aggregated-ether-options {
            minimum-links 1;
            lacp {
                passive;
            }
        }
        unit 0 {
            family ethernet-switching {
                vlan {
                    members vl10;
                }
            }
        }
    }
    ae20 {
        aggregated-ether-options {
            minimum-links 1;
            lacp {
                passive;
            }
        }
        unit 0 {
            family ethernet-switching {
                vlan {
                    members vl10;
                }
            }
        }
    }
    ae21 {
        aggregated-ether-options {
            minimum-links 1;
            lacp {
                passive;
            }
        }
        unit 0 {
            family ethernet-switching {
                vlan {
                    members vl10;
                }
            }
        }
    }
    ae22 {
        aggregated-ether-options {
            minimum-links 1;
            lacp {
                passive;
            }
        }
        unit 0 {
            family ethernet-switching {
                vlan {
                    members vl10;
                }
            }
        }
    }
    ae23 {
        aggregated-ether-options {
            minimum-links 1;
            lacp {
                passive;
            }
        }
        unit 0 {
            family ethernet-switching {
                vlan {
                    members vl10;
                }
            }
        }
    }
    ae24 {
        aggregated-ether-options {
            minimum-links 1;
            lacp {
                passive;
            }
        }
        unit 0 {
            family ethernet-switching {
                vlan {
                    members vl10;
                }
            }
        }
    }
    ae25 {
        aggregated-ether-options {
            minimum-links 1;
            lacp {
                passive;
            }
        }
        unit 0 {
            family ethernet-switching {
                vlan {
                    members vl10;
                }
            }
        }
    }
    irb {
        unit 0 {
            family inet {
                dhcp {
                    vendor-id Juniper-ex4300-24t-PG3717080083;
                }
            }
        }
        unit 2 {
            family inet {
                address 172.30.51.1/30;
            }
        }
        unit 3 {
            family inet {
                address 172.30.52.1/30;
            }
        }
        unit 4 {
            family inet {
                address 172.30.53.1/30;
            }
        }
        unit 8 {
            family inet {
                address 172.30.12.1/30;
            }
        }
        unit 10 {
            family inet {
                address 193.30.10.254/24;
            }
        }
        unit 11 {
            family inet {
                address 172.30.71.1/30;
            }
        }
        unit 12 {
            family inet {
                address 172.30.72.1/30;
            }
        }
        unit 13 {
            family inet {
                address 172.30.73.1/30;
            }
        }
        unit 14 {
            family inet {
                address 172.30.74.1/30;
            }
        }
    }
    vme {
        unit 0 {
            family inet {
                dhcp {
                    vendor-id Juniper-ex4300-24t-PG3717080083;
                }
            }
        }
    }
}
forwarding-options {
    storm-control-profiles default {
        all;
    }
}
routing-options {
    static {
        route 193.30.12.0/24 next-hop 172.30.12.2;
        route 193.30.51.0/24 next-hop 172.30.51.2;
        route 193.30.52.0/24 next-hop 172.30.52.2;
        route 193.30.53.0/24 next-hop 172.30.53.2;
        route 193.30.71.0/24 next-hop 172.30.71.2;
        route 193.30.72.0/24 next-hop 172.30.72.2;
        route 193.30.73.0/24 next-hop 172.30.73.2;
        route 193.30.74.0/24 next-hop 172.30.74.2;
        route 193.30.13.0/24 next-hop 172.30.13.246;
    }
}
protocols {
    lldp {
        interface all;
    }
    lldp-med {
        interface all;
    }
    igmp-snooping {
        vlan default;
    }
    rstp {
        interface all;
    }
}
virtual-chassis {
    preprovisioned;
    member 0 {
        role routing-engine;
        serial-number PG3717080083;
    }
    member 1 {
        role routing-engine;
        serial-number PG3717080094;
    }
    member 2 {
        role line-card;
        serial-number PG3717050012;
    }
    member 3 {
        role line-card;
        serial-number PG3717050067;
    }
}
vlans {
    default {
        vlan-id 1;
        l3-interface irb.0;
    }
    vl10 {
        vlan-id 10;
        l3-interface irb.10;
    }
    vl11 {
        vlan-id 11;
        l3-interface irb.11;
    }
    vl12 {
        vlan-id 12;
        l3-interface irb.12;
    }
    vl13 {
        vlan-id 13;
        l3-interface irb.13;
    }
    vl14 {
        vlan-id 14;
        l3-interface irb.14;
    }
    vl2 {
        vlan-id 2;
        l3-interface irb.2;
    }
    vl3 {
        vlan-id 3;
        l3-interface irb.3;
    }
    vl4 {
        vlan-id 4;
        l3-interface irb.4;
    }
    vl8 {
        vlan-id 8;
        l3-interface irb.8;
    }
}

{master:0}[edit]
root@OSAOSTC# show | display set
set version 18.1R3-S6.1
set system host-name OSAOSTC
set system auto-snapshot
set system root-authentication encrypted-password "$6$a/4w9hhz$J116V43XbyngDO/h15squzRv4szf9/cxA8oGpGF7hQnZB72wtw0hewjs5SnJJP0KauAvS2UC0alJ8bmKdpRIr1"
set system syslog user * any emergency
set system syslog file messages any notice
set system syslog file messages authorization info
set system syslog file interactive-commands interactive-commands any
set system processes dhcp-service traceoptions file dhcp_logfile
set system processes dhcp-service traceoptions file size 10m
set system processes dhcp-service traceoptions level all
set system processes dhcp-service traceoptions flag all
set chassis aggregated-devices ethernet device-count 26
set interfaces ge-0/0/0 ether-options 802.3ad ae0
set interfaces ge-0/0/1 ether-options 802.3ad ae1
set interfaces ge-0/0/2 ether-options 802.3ad ae2
set interfaces ge-0/0/3 ether-options 802.3ad ae3
set interfaces ge-0/0/4 ether-options 802.3ad ae4
set interfaces ge-0/0/5 ether-options 802.3ad ae5
set interfaces ge-0/0/6 ether-options 802.3ad ae6
set interfaces ge-0/0/7 ether-options 802.3ad ae7
set interfaces ge-0/0/8 ether-options 802.3ad ae8
set interfaces ge-0/0/9 ether-options 802.3ad ae9
set interfaces ge-0/0/10 ether-options 802.3ad ae10
set interfaces ge-0/0/11 ether-options 802.3ad ae11
set interfaces ge-0/0/12 ether-options 802.3ad ae12
set interfaces ge-0/0/13 unit 0 family ethernet-switching vlan members vl10
set interfaces ge-0/0/13 unit 0 family ethernet-switching storm-control default
set interfaces ge-0/0/14 unit 0 family ethernet-switching storm-control default
set interfaces ge-0/0/15 unit 0 family ethernet-switching storm-control default
set interfaces ge-0/0/16 unit 0 family ethernet-switching storm-control default
set interfaces ge-0/0/17 unit 0 family ethernet-switching storm-control default
set interfaces ge-0/0/18 unit 0 family ethernet-switching storm-control default
set interfaces ge-0/0/19 unit 0 family ethernet-switching storm-control default
set interfaces ge-0/0/20 unit 0 family ethernet-switching storm-control default
set interfaces ge-0/0/21 unit 0 family ethernet-switching storm-control default
set interfaces ge-0/0/22 unit 0 family ethernet-switching storm-control default
set interfaces ge-0/0/23 unit 0 family ethernet-switching storm-control default
set interfaces ge-0/2/0 unit 0 family ethernet-switching storm-control default
set interfaces xe-0/2/0 unit 0 family ethernet-switching storm-control default
set interfaces ge-0/2/1 unit 0 family ethernet-switching storm-control default
set interfaces xe-0/2/1 unit 0 family ethernet-switching storm-control default
set interfaces ge-0/2/2 unit 0 family ethernet-switching storm-control default
set interfaces xe-0/2/2 unit 0 family ethernet-switching storm-control default
set interfaces ge-0/2/3 unit 0 family ethernet-switching storm-control default
set interfaces xe-0/2/3 unit 0 family ethernet-switching storm-control default
set interfaces ge-1/0/0 ether-options 802.3ad ae0
set interfaces ge-1/0/1 ether-options 802.3ad ae1
set interfaces ge-1/0/2 ether-options 802.3ad ae2
set interfaces ge-1/0/3 ether-options 802.3ad ae3
set interfaces ge-1/0/4 ether-options 802.3ad ae4
set interfaces ge-1/0/5 ether-options 802.3ad ae5
set interfaces ge-1/0/6 ether-options 802.3ad ae6
set interfaces ge-1/0/7 ether-options 802.3ad ae7
set interfaces ge-1/0/8 ether-options 802.3ad ae8
set interfaces ge-1/0/9 ether-options 802.3ad ae9
set interfaces ge-1/0/10 ether-options 802.3ad ae10
set interfaces ge-1/0/11 ether-options 802.3ad ae11
set interfaces ge-1/0/12 ether-options 802.3ad ae12
set interfaces ge-1/0/13 unit 0 family ethernet-switching vlan members vl10
set interfaces ge-2/0/0 ether-options 802.3ad ae13
set interfaces ge-2/0/1 ether-options 802.3ad ae14
set interfaces ge-2/0/2 ether-options 802.3ad ae15
set interfaces ge-2/0/3 ether-options 802.3ad ae16
set interfaces ge-2/0/4 ether-options 802.3ad ae17
set interfaces ge-2/0/5 ether-options 802.3ad ae18
set interfaces ge-2/0/6 ether-options 802.3ad ae19
set interfaces ge-2/0/7 ether-options 802.3ad ae20
set interfaces ge-2/0/8 ether-options 802.3ad ae21
set interfaces ge-2/0/9 ether-options 802.3ad ae22
set interfaces ge-2/0/10 ether-options 802.3ad ae23
set interfaces ge-2/0/11 ether-options 802.3ad ae24
set interfaces ge-2/0/12 ether-options 802.3ad ae25
set interfaces ge-3/0/0 ether-options 802.3ad ae13
set interfaces ge-3/0/1 ether-options 802.3ad ae14
set interfaces ge-3/0/2 ether-options 802.3ad ae15
set interfaces ge-3/0/3 ether-options 802.3ad ae16
set interfaces ge-3/0/4 ether-options 802.3ad ae17
set interfaces ge-3/0/5 ether-options 802.3ad ae18
set interfaces ge-3/0/6 ether-options 802.3ad ae19
set interfaces ge-3/0/7 ether-options 802.3ad ae20
set interfaces ge-3/0/8 ether-options 802.3ad ae21
set interfaces ge-3/0/9 ether-options 802.3ad ae22
set interfaces ge-3/0/10 ether-options 802.3ad ae23
set interfaces ge-3/0/11 ether-options 802.3ad ae24
set interfaces ge-3/0/12 ether-options 802.3ad ae25
set interfaces ae0 aggregated-ether-options minimum-links 1
set interfaces ae0 aggregated-ether-options lacp passive
set interfaces ae0 unit 0 family ethernet-switching vlan members vl10
set interfaces ae1 aggregated-ether-options minimum-links 1
set interfaces ae1 aggregated-ether-options lacp passive
set interfaces ae1 unit 0 family ethernet-switching vlan members vl8
set interfaces ae2 aggregated-ether-options minimum-links 1
set interfaces ae2 aggregated-ether-options lacp passive
set interfaces ae2 unit 0 family ethernet-switching vlan members vl2
set interfaces ae3 aggregated-ether-options minimum-links 1
set interfaces ae3 aggregated-ether-options lacp passive
set interfaces ae3 unit 0 family ethernet-switching vlan members vl3
set interfaces ae4 aggregated-ether-options minimum-links 1
set interfaces ae4 aggregated-ether-options lacp passive
set interfaces ae4 unit 0 family ethernet-switching vlan members vl4
set interfaces ae5 aggregated-ether-options minimum-links 1
set interfaces ae5 aggregated-ether-options lacp passive
set interfaces ae5 unit 0 family ethernet-switching vlan members vl11
set interfaces ae6 aggregated-ether-options minimum-links 1
set interfaces ae6 aggregated-ether-options lacp passive
set interfaces ae6 unit 0 family ethernet-switching vlan members vl12
set interfaces ae7 aggregated-ether-options minimum-links 1
set interfaces ae7 aggregated-ether-options lacp passive
set interfaces ae7 unit 0 family ethernet-switching vlan members vl13
set interfaces ae8 aggregated-ether-options minimum-links 1
set interfaces ae8 aggregated-ether-options lacp passive
set interfaces ae8 unit 0 family ethernet-switching vlan members vl14
set interfaces ae9 aggregated-ether-options minimum-links 1
set interfaces ae9 aggregated-ether-options lacp passive
set interfaces ae9 unit 0 family inet address 172.30.13.245/30
set interfaces ae10 aggregated-ether-options minimum-links 1
set interfaces ae10 aggregated-ether-options lacp passive
set interfaces ae10 unit 0 family ethernet-switching vlan members vl10
set interfaces ae11 aggregated-ether-options minimum-links 1
set interfaces ae11 aggregated-ether-options lacp passive
set interfaces ae11 unit 0 family ethernet-switching vlan members vl10
set interfaces ae12 aggregated-ether-options minimum-links 1
set interfaces ae12 aggregated-ether-options lacp passive
set interfaces ae12 unit 0 family ethernet-switching vlan members vl10
set interfaces ae13 aggregated-ether-options minimum-links 1
set interfaces ae13 aggregated-ether-options lacp passive
set interfaces ae13 unit 0 family ethernet-switching vlan members vl10
set interfaces ae14 aggregated-ether-options minimum-links 1
set interfaces ae14 aggregated-ether-options lacp passive
set interfaces ae14 unit 0 family ethernet-switching vlan members vl10
set interfaces ae15 aggregated-ether-options minimum-links 1
set interfaces ae15 aggregated-ether-options lacp passive
set interfaces ae15 unit 0 family ethernet-switching vlan members vl10
set interfaces ae16 aggregated-ether-options minimum-links 1
set interfaces ae16 aggregated-ether-options lacp passive
set interfaces ae16 unit 0 family ethernet-switching vlan members vl10
set interfaces ae17 aggregated-ether-options minimum-links 1
set interfaces ae17 aggregated-ether-options lacp passive
set interfaces ae17 unit 0 family ethernet-switching vlan members vl10
set interfaces ae18 aggregated-ether-options minimum-links 1
set interfaces ae18 aggregated-ether-options lacp passive
set interfaces ae18 unit 0 family ethernet-switching vlan members vl10
set interfaces ae19 aggregated-ether-options minimum-links 1
set interfaces ae19 aggregated-ether-options lacp passive
set interfaces ae19 unit 0 family ethernet-switching vlan members vl10
set interfaces ae20 aggregated-ether-options minimum-links 1
set interfaces ae20 aggregated-ether-options lacp passive
set interfaces ae20 unit 0 family ethernet-switching vlan members vl10
set interfaces ae21 aggregated-ether-options minimum-links 1
set interfaces ae21 aggregated-ether-options lacp passive
set interfaces ae21 unit 0 family ethernet-switching vlan members vl10
set interfaces ae22 aggregated-ether-options minimum-links 1
set interfaces ae22 aggregated-ether-options lacp passive
set interfaces ae22 unit 0 family ethernet-switching vlan members vl10
set interfaces ae23 aggregated-ether-options minimum-links 1
set interfaces ae23 aggregated-ether-options lacp passive
set interfaces ae23 unit 0 family ethernet-switching vlan members vl10
set interfaces ae24 aggregated-ether-options minimum-links 1
set interfaces ae24 aggregated-ether-options lacp passive
set interfaces ae24 unit 0 family ethernet-switching vlan members vl10
set interfaces ae25 aggregated-ether-options minimum-links 1
set interfaces ae25 aggregated-ether-options lacp passive
set interfaces ae25 unit 0 family ethernet-switching vlan members vl10
set interfaces irb unit 0 family inet dhcp vendor-id Juniper-ex4300-24t-PG3717080083
set interfaces irb unit 2 family inet address 172.30.51.1/30
set interfaces irb unit 3 family inet address 172.30.52.1/30
set interfaces irb unit 4 family inet address 172.30.53.1/30
set interfaces irb unit 8 family inet address 172.30.12.1/30
set interfaces irb unit 10 family inet address 193.30.10.254/24
set interfaces irb unit 11 family inet address 172.30.71.1/30
set interfaces irb unit 12 family inet address 172.30.72.1/30
set interfaces irb unit 13 family inet address 172.30.73.1/30
set interfaces irb unit 14 family inet address 172.30.74.1/30
set interfaces vme unit 0 family inet dhcp vendor-id Juniper-ex4300-24t-PG3717080083
set forwarding-options storm-control-profiles default all
set routing-options static route 193.30.12.0/24 next-hop 172.30.12.2
set routing-options static route 193.30.51.0/24 next-hop 172.30.51.2
set routing-options static route 193.30.52.0/24 next-hop 172.30.52.2
set routing-options static route 193.30.53.0/24 next-hop 172.30.53.2
set routing-options static route 193.30.71.0/24 next-hop 172.30.71.2
set routing-options static route 193.30.72.0/24 next-hop 172.30.72.2
set routing-options static route 193.30.73.0/24 next-hop 172.30.73.2
set routing-options static route 193.30.74.0/24 next-hop 172.30.74.2
set routing-options static route 193.30.13.0/24 next-hop 172.30.13.246
set protocols lldp interface all
set protocols lldp-med interface all
set protocols igmp-snooping vlan default
set protocols rstp interface all
set virtual-chassis preprovisioned
set virtual-chassis member 0 role routing-engine
set virtual-chassis member 0 serial-number PG3717080083
set virtual-chassis member 1 role routing-engine
set virtual-chassis member 1 serial-number PG3717080094
set virtual-chassis member 2 role line-card
set virtual-chassis member 2 serial-number PG3717050012
set virtual-chassis member 3 role line-card
set virtual-chassis member 3 serial-number PG3717050067
set vlans default vlan-id 1
set vlans default l3-interface irb.0
set vlans vl10 vlan-id 10
set vlans vl10 l3-interface irb.10
set vlans vl11 vlan-id 11
set vlans vl11 l3-interface irb.11
set vlans vl12 vlan-id 12
set vlans vl12 l3-interface irb.12
set vlans vl13 vlan-id 13
set vlans vl13 l3-interface irb.13
set vlans vl14 vlan-id 14
set vlans vl14 l3-interface irb.14
set vlans vl2 vlan-id 2
set vlans vl2 l3-interface irb.2
set vlans vl3 vlan-id 3
set vlans vl3 l3-interface irb.3
set vlans vl4 vlan-id 4
set vlans vl4 l3-interface irb.4
set vlans vl8 vlan-id 8
set vlans vl8 l3-interface irb.8

{master:0}[edit]
root@OSAOSTC#
