

{master:0}
root@EHSA1EH1TC> ping 193.30.71.254
PING 193.30.71.254 (193.30.71.254): 56 data bytes
64 bytes from 193.30.71.254: icmp_seq=0 ttl=64 time=0.196 ms
64 bytes from 193.30.71.254: icmp_seq=1 ttl=64 time=0.132 ms
64 bytes from 193.30.71.254: icmp_seq=2 ttl=64 time=0.177 ms
^C
--- 193.30.71.254 ping statistics ---
3 packets transmitted, 3 packets received, 0% packet loss
round-trip min/avg/max/stddev = 0.132/0.168/0.196/0.027 ms

^[[A{master:0}
root@EHSA1EH1TC> ping 193.30.71.168
PING 193.30.71.168 (193.30.71.168): 56 data bytes
64 bytes from 193.30.71.168: icmp_seq=0 ttl=128 time=1.345 ms
64 bytes from 193.30.71.168: icmp_seq=1 ttl=128 time=1.049 ms
64 bytes from 193.30.71.168: icmp_seq=2 ttl=128 time=1.001 ms
^C
--- 193.30.71.168 ping statistics ---
3 packets transmitted, 3 packets received, 0% packet loss
round-trip min/avg/max/stddev = 1.001/1.132/1.345/0.152 ms

{master:0}
root@EHSA1EH1TC> ping 172.30.71.2
PING 172.30.71.2 (172.30.71.2): 56 data bytes
64 bytes from 172.30.71.2: icmp_seq=0 ttl=64 time=0.322 ms
64 bytes from 172.30.71.2: icmp_seq=1 ttl=64 time=0.191 ms
64 bytes from 172.30.71.2: icmp_seq=2 ttl=64 time=0.136 ms
^C
--- 172.30.71.2 ping statistics ---
3 packets transmitted, 3 packets received, 0% packet loss
round-trip min/avg/max/stddev = 0.136/0.216/0.322/0.078 ms

^[[A{master:0}
root@EHSA1EH1TC> ping 172.30.71.1
PING 172.30.71.1 (172.30.71.1): 56 data bytes
64 bytes from 172.30.71.1: icmp_seq=0 ttl=64 time=2.818 ms
64 bytes from 172.30.71.1: icmp_seq=1 ttl=64 time=13.027 ms
64 bytes from 172.30.71.1: icmp_seq=2 ttl=64 time=2.061 ms
^C
--- 172.30.71.1 ping statistics ---
3 packets transmitted, 3 packets received, 0% packet loss
round-trip min/avg/max/stddev = 2.061/5.969/13.027/5.001 ms

{master:0}
root@EHSA1EH1TC> ping 193.30.10.254
PING 193.30.10.254 (193.30.10.254): 56 data bytes
64 bytes from 193.30.10.254: icmp_seq=0 ttl=64 time=2.475 ms
64 bytes from 193.30.10.254: icmp_seq=1 ttl=64 time=3.070 ms
64 bytes from 193.30.10.254: icmp_seq=2 ttl=64 time=3.256 ms
^C
--- 193.30.10.254 ping statistics ---
3 packets transmitted, 3 packets received, 0% packet loss
round-trip min/avg/max/stddev = 2.475/2.934/3.256/0.333 ms

{master:0}
root@EHSA1EH1TC> ping 193.30.10.253
PING 193.30.10.253 (193.30.10.253): 56 data bytes
64 bytes from 193.30.10.253: icmp_seq=0 ttl=63 time=2.958 ms
64 bytes from 193.30.10.253: icmp_seq=1 ttl=63 time=3.390 ms
64 bytes from 193.30.10.253: icmp_seq=2 ttl=63 time=1.437 ms
^C
--- 193.30.10.253 ping statistics ---
3 packets transmitted, 3 packets received, 0% packet loss
round-trip min/avg/max/stddev = 1.437/2.595/3.390/0.838 ms

{master:0}
root@EHSA1EH1TC> ping 193.30.12.254
PING 193.30.12.254 (193.30.12.254): 56 data bytes
64 bytes from 193.30.12.254: icmp_seq=0 ttl=63 time=2.424 ms
64 bytes from 193.30.12.254: icmp_seq=1 ttl=63 time=2.567 ms
64 bytes from 193.30.12.254: icmp_seq=2 ttl=63 time=1.698 ms
^C
--- 193.30.12.254 ping statistics ---
3 packets transmitted, 3 packets received, 0% packet loss
round-trip min/avg/max/stddev = 1.698/2.230/2.567/0.380 ms



================================================================================





{master:0}
root@EHSA1EH1TC> edit
Entering configuration mode

{master:0}[edit]
root@EHSA1EH1TC# show | no-more
## Last changed: 2016-01-20 15:04:14 UTC
version 12.3R12.4;
system {
    host-name EHSA1EH1TC;
    root-authentication {
        encrypted-password "$1$tLeQ7Bag$M1zM8eOYzdwEWZiFOHINX0"; ## SECRET-DATA
    }
    services {
        dhcp {
            traceoptions {
                file dhcp_logfile;
                level all;
                flag all;
            }
        }
    }
    syslog {
        user * {
            any emergency;
        }
        file messages {
            any notice;
            authorization info;
        }
        file interactive-commands {
            interactive-commands any;
        }
    }
}
chassis {
    aggregated-devices {
        ethernet {
            device-count 3;
        }
    }
}
interfaces {
    ge-0/0/0 {
        ether-options {
            802.3ad ae0;
        }
    }
    ge-0/0/1 {
        ether-options {
            802.3ad ae1;
        }
    }
    ge-0/0/2 {
        ether-options {
            802.3ad ae2;
        }
    }
    ge-0/0/3 {
        unit 0 {
            family ethernet-switching {
                vlan {
                    members vl71;
                }
            }
        }
    }
    ge-0/0/4 {
        unit 0 {
            family ethernet-switching;
        }
    }
    ge-0/0/5 {
        unit 0 {
            family ethernet-switching;
        }
    }
    ge-0/0/6 {
        unit 0 {
            family ethernet-switching;
        }
    }
    ge-0/0/7 {
        unit 0 {
            family ethernet-switching;
        }
    }
    ge-0/0/8 {
        unit 0 {
            family ethernet-switching;
        }
    }
    ge-0/0/9 {
        unit 0 {
            family ethernet-switching;
        }
    }
    ge-0/0/10 {
        unit 0 {
            family ethernet-switching;
        }
    }
    ge-0/0/11 {
        unit 0 {
            family ethernet-switching;
        }
    }
    ge-0/0/12 {
        unit 0 {
            family ethernet-switching;
        }
    }
    ge-0/0/13 {
        unit 0 {
            family ethernet-switching;
        }
    }
    ge-0/0/14 {
        unit 0 {
            family ethernet-switching;
        }
    }
    ge-0/0/15 {
        unit 0 {
            family ethernet-switching;
        }
    }
    ge-0/0/16 {
        unit 0 {
            family ethernet-switching;
        }
    }
    ge-0/0/17 {
        unit 0 {
            family ethernet-switching;
        }
    }
    ge-0/0/18 {
        unit 0 {
            family ethernet-switching;
        }
    }
    ge-0/0/19 {
        unit 0 {
            family ethernet-switching;
        }
    }
    ge-0/0/20 {
        unit 0 {
            family ethernet-switching;
        }
    }
    ge-0/0/21 {
        unit 0 {
            family ethernet-switching;
        }
    }
    ge-0/0/22 {
        unit 0 {
            family ethernet-switching;
        }
    }
    ge-0/0/23 {
        unit 0 {
            family ethernet-switching;
        }
    }
    ge-0/1/0 {
        unit 0 {
            family ethernet-switching;
        }
    }
    xe-0/1/0 {
        unit 0 {
            family ethernet-switching;
        }
    }
    ge-0/1/1 {
        unit 0 {
            family ethernet-switching;
        }
    }
    xe-0/1/1 {
        unit 0 {
            family ethernet-switching;
        }
    }
    ge-0/1/2 {
        unit 0 {
            family ethernet-switching;
        }
    }
    xe-0/1/2 {
        unit 0 {
            family ethernet-switching;
        }
    }
    ge-0/1/3 {
        unit 0 {
            family ethernet-switching;
        }
    }
    ge-1/0/0 {
        ether-options {
            802.3ad ae0;
        }
    }
    ge-1/0/1 {
        ether-options {
            802.3ad ae1;
        }
    }
    ge-1/0/2 {
        ether-options {
            802.3ad ae2;
        }
    }
    ae0 {
        aggregated-ether-options {
            minimum-links 1;
            lacp {
                active;
            }
        }
        unit 0 {
            family ethernet-switching {
                vlan {
                    members vl11;
                }
            }
        }
    }
    ae1 {
        aggregated-ether-options {
            minimum-links 1;
            lacp {
                passive;
            }
        }
        unit 0 {
            family ethernet-switching {
                vlan {
                    members vl71;
                }
            }
        }
    }
    ae2 {
        aggregated-ether-options {
            minimum-links 1;
            lacp {
                passive;
            }
        }
        unit 0 {
            family ethernet-switching {
                vlan {
                    members vl71;
                }
            }
        }
    }
    vlan {
        unit 0 {
            family inet {
                dhcp {
                    vendor-id Juniper-ex4200-24t;
                }
            }
        }
        unit 11 {
            family inet {
                address 172.30.71.2/30;
            }
        }
        unit 71 {
            family inet {
                address 193.30.71.254/24;
            }
        }
    }
    vme {
        unit 0 {
            family inet {
                dhcp {
                    vendor-id Juniper-ex4200-24t;
                }
            }
        }
    }
}
routing-options {
    static {
        route 0.0.0.0/0 next-hop 172.30.71.1;
    }
}
protocols {
    igmp-snooping {
        vlan all;
    }
    rstp;
    lldp {
        interface all;
    }
    lldp-med {
        interface all;
    }
}
ethernet-switching-options {
    storm-control {
        interface all;
    }
}
vlans {
    default {
        l3-interface vlan.0;
    }
    vl11 {
        vlan-id 11;
        l3-interface vlan.11;
    }
    vl71 {
        vlan-id 71;
        l3-interface vlan.71;
    }
}
poe {
    interface all;
}
virtual-chassis {
    preprovisioned;
    member 0 {
        role routing-engine;
        serial-number BM0217040081;
    }
    member 1 {
        role routing-engine;
        serial-number BM0217090123;
    }
}



================================================================================




{master:0}[edit]
root@EHSA1EH1TC# show | display set | no-more
set version 12.3R12.4
set system host-name EHSA1EH1TC
set system root-authentication encrypted-password "$1$tLeQ7Bag$M1zM8eOYzdwEWZiFOHINX0"
set system services dhcp traceoptions file dhcp_logfile
set system services dhcp traceoptions level all
set system services dhcp traceoptions flag all
set system syslog user * any emergency
set system syslog file messages any notice
set system syslog file messages authorization info
set system syslog file interactive-commands interactive-commands any
set chassis aggregated-devices ethernet device-count 3
set interfaces ge-0/0/0 ether-options 802.3ad ae0
set interfaces ge-0/0/1 ether-options 802.3ad ae1
set interfaces ge-0/0/2 ether-options 802.3ad ae2
set interfaces ge-0/0/3 unit 0 family ethernet-switching vlan members vl71
set interfaces ge-0/0/4 unit 0 family ethernet-switching
set interfaces ge-0/0/5 unit 0 family ethernet-switching
set interfaces ge-0/0/6 unit 0 family ethernet-switching
set interfaces ge-0/0/7 unit 0 family ethernet-switching
set interfaces ge-0/0/8 unit 0 family ethernet-switching
set interfaces ge-0/0/9 unit 0 family ethernet-switching
set interfaces ge-0/0/10 unit 0 family ethernet-switching
set interfaces ge-0/0/11 unit 0 family ethernet-switching
set interfaces ge-0/0/12 unit 0 family ethernet-switching
set interfaces ge-0/0/13 unit 0 family ethernet-switching
set interfaces ge-0/0/14 unit 0 family ethernet-switching
set interfaces ge-0/0/15 unit 0 family ethernet-switching
set interfaces ge-0/0/16 unit 0 family ethernet-switching
set interfaces ge-0/0/17 unit 0 family ethernet-switching
set interfaces ge-0/0/18 unit 0 family ethernet-switching
set interfaces ge-0/0/19 unit 0 family ethernet-switching
set interfaces ge-0/0/20 unit 0 family ethernet-switching
set interfaces ge-0/0/21 unit 0 family ethernet-switching
set interfaces ge-0/0/22 unit 0 family ethernet-switching
set interfaces ge-0/0/23 unit 0 family ethernet-switching
set interfaces ge-0/1/0 unit 0 family ethernet-switching
set interfaces xe-0/1/0 unit 0 family ethernet-switching
set interfaces ge-0/1/1 unit 0 family ethernet-switching
set interfaces xe-0/1/1 unit 0 family ethernet-switching
set interfaces ge-0/1/2 unit 0 family ethernet-switching
set interfaces xe-0/1/2 unit 0 family ethernet-switching
set interfaces ge-0/1/3 unit 0 family ethernet-switching
set interfaces ge-1/0/0 ether-options 802.3ad ae0
set interfaces ge-1/0/1 ether-options 802.3ad ae1
set interfaces ge-1/0/2 ether-options 802.3ad ae2
set interfaces ae0 aggregated-ether-options minimum-links 1
set interfaces ae0 aggregated-ether-options lacp active
set interfaces ae0 unit 0 family ethernet-switching vlan members vl11
set interfaces ae1 aggregated-ether-options minimum-links 1
set interfaces ae1 aggregated-ether-options lacp passive
set interfaces ae1 unit 0 family ethernet-switching vlan members vl71
set interfaces ae2 aggregated-ether-options minimum-links 1
set interfaces ae2 aggregated-ether-options lacp passive
set interfaces ae2 unit 0 family ethernet-switching vlan members vl71
set interfaces vlan unit 0 family inet dhcp vendor-id Juniper-ex4200-24t
set interfaces vlan unit 11 family inet address 172.30.71.2/30
set interfaces vlan unit 71 family inet address 193.30.71.254/24
set interfaces vme unit 0 family inet dhcp vendor-id Juniper-ex4200-24t
set routing-options static route 0.0.0.0/0 next-hop 172.30.71.1
set protocols igmp-snooping vlan all
set protocols rstp
set protocols lldp interface all
set protocols lldp-med interface all
set ethernet-switching-options storm-control interface all
set vlans default l3-interface vlan.0
set vlans vl11 vlan-id 11
set vlans vl11 l3-interface vlan.11
set vlans vl71 vlan-id 71
set vlans vl71 l3-interface vlan.71
set poe interface all
set virtual-chassis preprovisioned
set virtual-chassis member 0 role routing-engine
set virtual-chassis member 0 serial-number BM0217040081
set virtual-chassis member 1 role routing-engine
set virtual-chassis member 1 serial-number BM0217090123

{master:0}[edit]
root@EHSA1EH1TC#
