

{master:1}
root@ESAESTC> ping 193.30.12.167
PING 193.30.12.167 (193.30.12.167): 56 data bytes
64 bytes from 193.30.12.167: icmp_seq=0 ttl=128 time=2.143 ms
64 bytes from 193.30.12.167: icmp_seq=1 ttl=128 time=1.319 ms
^C
--- 193.30.12.167 ping statistics ---
2 packets transmitted, 2 packets received, 0% packet loss
round-trip min/avg/max/stddev = 1.319/1.731/2.143/0.412 ms

{master:1}
root@ESAESTC> ping 193.30.12.254
PING 193.30.12.254 (193.30.12.254): 56 data bytes
64 bytes from 193.30.12.254: icmp_seq=0 ttl=64 time=0.153 ms
64 bytes from 193.30.12.254: icmp_seq=1 ttl=64 time=0.093 ms
^C
--- 193.30.12.254 ping statistics ---
2 packets transmitted, 2 packets received, 0% packet loss
round-trip min/avg/max/stddev = 0.093/0.123/0.153/0.030 ms

{master:1}
root@ESAESTC> ping 193.30.10.254
PING 193.30.10.254 (193.30.10.254): 56 data bytes
64 bytes from 193.30.10.254: icmp_seq=0 ttl=64 time=4.062 ms
64 bytes from 193.30.10.254: icmp_seq=1 ttl=64 time=3.192 ms
64 bytes from 193.30.10.254: icmp_seq=2 ttl=64 time=3.182 ms
^C
--- 193.30.10.254 ping statistics ---
3 packets transmitted, 3 packets received, 0% packet loss
round-trip min/avg/max/stddev = 3.182/3.479/4.062/0.412 ms

{master:1}
root@ESAESTC> ping 193.30.10.253
PING 193.30.10.253 (193.30.10.253): 56 data bytes
64 bytes from 193.30.10.253: icmp_seq=0 ttl=63 time=2.781 ms
64 bytes from 193.30.10.253: icmp_seq=1 ttl=63 time=3.147 ms
64 bytes from 193.30.10.253: icmp_seq=2 ttl=63 time=2.213 ms
^C
--- 193.30.10.253 ping statistics ---
3 packets transmitted, 3 packets received, 0% packet loss
round-trip min/avg/max/stddev = 2.213/2.714/3.147/0.384 ms

{master:1}
root@ESAESTC> edit
Entering configuration mode

{master:1}[edit]
root@ESAESTC# whoe
              ^
unknown command.
root@ESAESTC# show | no-more
## Last changed: 2019-05-31 15:02:29 UTC
version 14.1X53-D47.3;
system {
    host-name ESAESTC;
    auto-snapshot;
    root-authentication {
        encrypted-password "$1$R09vWUTV$6oT0QS/TbYpV8FzT3UY9m/"; ## SECRET-DATA
    }
    syslog {
        user * {
            any emergency;
        }
        file messages {
            any notice;
            authorization info;
        }
        file interactive-commands {
            interactive-commands any;
        }
    }
    processes {
        dhcp-service {
            traceoptions {
                file dhcp_logfile size 10m;
                level all;
                flag all;
            }
        }
    }
}
chassis {
    aggregated-devices {
        ethernet {
            device-count 9;
        }
    }
}
interfaces {
    ge-0/0/0 {
        ether-options {
            802.3ad ae0;
        }
    }
    ge-0/0/1 {
        ether-options {
            802.3ad ae1;
        }
    }
    ge-0/0/2 {
        ether-options {
            802.3ad ae2;
        }
    }
    ge-0/0/3 {
        ether-options {
            802.3ad ae3;
        }
    }
    ge-0/0/4 {
        ether-options {
            802.3ad ae4;
        }
    }
    ge-0/0/5 {
        ether-options {
            802.3ad ae5;
        }
    }
    ge-0/0/6 {
        ether-options {
            802.3ad ae6;
        }
    }
    ge-0/0/7 {
        ether-options {
            802.3ad ae7;
        }
    }
    ge-0/0/8 {
        ether-options {
            802.3ad ae8;
        }
    }
    ge-0/0/9 {
        unit 0 {
            family ethernet-switching {
                vlan {
                    members vl30;
                }
                storm-control default;
            }
        }
    }
    ge-0/0/10 {
        unit 0 {
            family ethernet-switching {
                storm-control default;
            }
        }
    }
    ge-0/0/11 {
        unit 0 {
            family ethernet-switching {
                storm-control default;
            }
        }
    }
    ge-0/0/12 {
        unit 0 {
            family ethernet-switching {
                storm-control default;
            }
        }
    }
    ge-0/0/13 {
        unit 0 {
            family ethernet-switching {
                storm-control default;
            }
        }
    }
    ge-0/0/14 {
        unit 0 {
            family ethernet-switching {
                storm-control default;
            }
        }
    }
    ge-0/0/15 {
        unit 0 {
            family ethernet-switching {
                storm-control default;
            }
        }
    }
    ge-0/0/16 {
        unit 0 {
            family ethernet-switching {
                storm-control default;
            }
        }
    }
    ge-0/0/17 {
        unit 0 {
            family ethernet-switching {
                storm-control default;
            }
        }
    }
    ge-0/0/18 {
        unit 0 {
            family ethernet-switching {
                storm-control default;
            }
        }
    }
    ge-0/0/19 {
        unit 0 {
            family ethernet-switching {
                storm-control default;
            }
        }
    }
    ge-0/0/20 {
        unit 0 {
            family ethernet-switching {
                storm-control default;
            }
        }
    }
    ge-0/0/21 {
        unit 0 {
            family ethernet-switching {
                storm-control default;
            }
        }
    }
    ge-0/0/22 {
        unit 0 {
            family ethernet-switching {
                storm-control default;
            }
        }
    }
    ge-0/0/23 {
        unit 0 {
            family ethernet-switching {
                storm-control default;
            }
        }
    }
    ge-0/2/0 {
        unit 0 {
            family ethernet-switching {
                storm-control default;
            }
        }
    }
    xe-0/2/0 {
        unit 0 {
            family ethernet-switching {
                storm-control default;
            }
        }
    }
    ge-0/2/1 {
        unit 0 {
            family ethernet-switching {
                storm-control default;
            }
        }
    }
    xe-0/2/1 {
        unit 0 {
            family ethernet-switching {
                storm-control default;
            }
        }
    }
    ge-0/2/2 {
        unit 0 {
            family ethernet-switching {
                storm-control default;
            }
        }
    }
    xe-0/2/2 {
        unit 0 {
            family ethernet-switching {
                storm-control default;
            }
        }
    }
    ge-0/2/3 {
        unit 0 {
            family ethernet-switching {
                storm-control default;
            }
        }
    }
    xe-0/2/3 {
        unit 0 {
            family ethernet-switching {
                storm-control default;
            }
        }
    }
    ge-1/0/0 {
        ether-options {
            802.3ad ae0;
        }
    }
    ge-1/0/1 {
        ether-options {
            802.3ad ae1;
        }
    }
    ge-1/0/2 {
        ether-options {
            802.3ad ae2;
        }
    }
    ge-1/0/3 {
        ether-options {
            802.3ad ae3;
        }
    }
    ge-1/0/4 {
        ether-options {
            802.3ad ae4;
        }
    }
    ge-1/0/5 {
        ether-options {
            802.3ad ae5;
        }
    }
    ge-1/0/6 {
        ether-options {
            802.3ad ae6;
        }
    }
    ge-1/0/7 {
        ether-options {
            802.3ad ae7;
        }
    }
    ge-1/0/8 {
        ether-options {
            802.3ad ae8;
        }
    }
    ge-1/0/9 {
        unit 0 {
            family ethernet-switching {
                vlan {
                    members vl30;
                }
            }
        }
    }
    ae0 {
        aggregated-ether-options {
            minimum-links 1;
            lacp {
                active;
            }
        }
        unit 0 {
            family ethernet-switching {
                vlan {
                    members vl8;
                }
            }
        }
    }
    ae1 {
        aggregated-ether-options {
            minimum-links 1;
            lacp {
                passive;
            }
        }
        unit 0 {
            family ethernet-switching {
                vlan {
                    members vl30;
                }
            }
        }
    }
    ae2 {
        aggregated-ether-options {
            minimum-links 1;
            lacp {
                passive;
            }
        }
        unit 0 {
            family ethernet-switching {
                vlan {
                    members vl30;
                }
            }
        }
    }
    ae3 {
        aggregated-ether-options {
            minimum-links 1;
            lacp {
                passive;
            }
        }
        unit 0 {
            family ethernet-switching {
                vlan {
                    members vl30;
                }
            }
        }
    }
    ae4 {
        aggregated-ether-options {
            minimum-links 1;
            lacp {
                passive;
            }
        }
        unit 0 {
            family ethernet-switching {
                vlan {
                    members vl30;
                }
            }
        }
    }
    ae5 {
        aggregated-ether-options {
            minimum-links 1;
            lacp {
                passive;
            }
        }
        unit 0 {
            family ethernet-switching {
                vlan {
                    members vl30;
                }
            }
        }
    }
    ae6 {
        aggregated-ether-options {
            minimum-links 1;
            lacp {
                passive;
            }
        }
        unit 0 {
            family ethernet-switching {
                vlan {
                    members vl30;
                }
            }
        }
    }
    ae7 {
        aggregated-ether-options {
            minimum-links 1;
            lacp {
                passive;
            }
        }
        unit 0 {
            family ethernet-switching {
                vlan {
                    members vl30;
                }
            }
        }
    }
    ae8 {
        aggregated-ether-options {
            minimum-links 1;
            lacp {
                passive;
            }
        }
        unit 0 {
            family ethernet-switching {
                vlan {
                    members vl30;
                }
            }
        }
    }
    irb {
        unit 0 {
            family inet {
                dhcp {
                    vendor-id Juniper-ex4300-24t;
                }
            }
        }
        unit 8 {
            family inet {
                address 172.30.12.2/30;
            }
        }
        unit 30 {
            family inet {
                address 193.30.12.254/24;
            }
        }
    }
    vme {
        unit 0 {
            family inet {
                dhcp {
                    vendor-id Juniper-ex4300-24t;
                }
            }
        }
    }
}
forwarding-options {
    storm-control-profiles default {
        all;
    }
}
routing-options {
    static {
        route 193.30.10.0/24 next-hop 172.30.12.1;
    }
}
protocols {
    lldp {
        interface all;
    }
    lldp-med {
        interface all;
    }
    igmp-snooping {
        vlan default;
    }
    rstp {
        interface ge-0/0/9;
        interface ge-0/0/10;
        interface ge-0/0/11;
        interface ge-0/0/12;
        interface ge-0/0/13;
        interface ge-0/0/14;
        interface ge-0/0/15;
        interface ge-0/0/16;
        interface ge-0/0/17;
        interface ge-0/0/18;
        interface ge-0/0/19;
        interface ge-0/0/20;
        interface ge-0/0/21;
        interface ge-0/0/22;
        interface ge-0/0/23;
        interface ge-0/2/0;
        interface xe-0/2/0;
        interface ge-0/2/1;
        interface xe-0/2/1;
        interface ge-0/2/2;
        interface xe-0/2/2;
        interface ge-0/2/3;
        interface xe-0/2/3;
    }
}
virtual-chassis {
    preprovisioned;
    member 0 {
        role routing-engine;
        serial-number PG3717050240;
    }
    member 1 {
        role routing-engine;
        serial-number PG3717080049;
    }
}
vlans {
    default {
        vlan-id 1;
        l3-interface irb.0;
    }
    vl30 {
        vlan-id 30;
        l3-interface irb.30;
    }
    vl8 {
        vlan-id 8;
        l3-interface irb.8;
    }
}

{master:1}[edit]
root@ESAESTC# show | display set |no-more
set version 14.1X53-D47.3
set system host-name ESAESTC
set system auto-snapshot
set system root-authentication encrypted-password "$1$R09vWUTV$6oT0QS/TbYpV8FzT3UY9m/"
set system syslog user * any emergency
set system syslog file messages any notice
set system syslog file messages authorization info
set system syslog file interactive-commands interactive-commands any
set system processes dhcp-service traceoptions file dhcp_logfile
set system processes dhcp-service traceoptions file size 10m
set system processes dhcp-service traceoptions level all
set system processes dhcp-service traceoptions flag all
set chassis aggregated-devices ethernet device-count 9
set interfaces ge-0/0/0 ether-options 802.3ad ae0
set interfaces ge-0/0/1 ether-options 802.3ad ae1
set interfaces ge-0/0/2 ether-options 802.3ad ae2
set interfaces ge-0/0/3 ether-options 802.3ad ae3
set interfaces ge-0/0/4 ether-options 802.3ad ae4
set interfaces ge-0/0/5 ether-options 802.3ad ae5
set interfaces ge-0/0/6 ether-options 802.3ad ae6
set interfaces ge-0/0/7 ether-options 802.3ad ae7
set interfaces ge-0/0/8 ether-options 802.3ad ae8
set interfaces ge-0/0/9 unit 0 family ethernet-switching vlan members vl30
set interfaces ge-0/0/9 unit 0 family ethernet-switching storm-control default
set interfaces ge-0/0/10 unit 0 family ethernet-switching storm-control default
set interfaces ge-0/0/11 unit 0 family ethernet-switching storm-control default
set interfaces ge-0/0/12 unit 0 family ethernet-switching storm-control default
set interfaces ge-0/0/13 unit 0 family ethernet-switching storm-control default
set interfaces ge-0/0/14 unit 0 family ethernet-switching storm-control default
set interfaces ge-0/0/15 unit 0 family ethernet-switching storm-control default
set interfaces ge-0/0/16 unit 0 family ethernet-switching storm-control default
set interfaces ge-0/0/17 unit 0 family ethernet-switching storm-control default
set interfaces ge-0/0/18 unit 0 family ethernet-switching storm-control default
set interfaces ge-0/0/19 unit 0 family ethernet-switching storm-control default
set interfaces ge-0/0/20 unit 0 family ethernet-switching storm-control default
set interfaces ge-0/0/21 unit 0 family ethernet-switching storm-control default
set interfaces ge-0/0/22 unit 0 family ethernet-switching storm-control default
set interfaces ge-0/0/23 unit 0 family ethernet-switching storm-control default
set interfaces ge-0/2/0 unit 0 family ethernet-switching storm-control default
set interfaces xe-0/2/0 unit 0 family ethernet-switching storm-control default
set interfaces ge-0/2/1 unit 0 family ethernet-switching storm-control default
set interfaces xe-0/2/1 unit 0 family ethernet-switching storm-control default
set interfaces ge-0/2/2 unit 0 family ethernet-switching storm-control default
set interfaces xe-0/2/2 unit 0 family ethernet-switching storm-control default
set interfaces ge-0/2/3 unit 0 family ethernet-switching storm-control default
set interfaces xe-0/2/3 unit 0 family ethernet-switching storm-control default
set interfaces ge-1/0/0 ether-options 802.3ad ae0
set interfaces ge-1/0/1 ether-options 802.3ad ae1
set interfaces ge-1/0/2 ether-options 802.3ad ae2
set interfaces ge-1/0/3 ether-options 802.3ad ae3
set interfaces ge-1/0/4 ether-options 802.3ad ae4
set interfaces ge-1/0/5 ether-options 802.3ad ae5
set interfaces ge-1/0/6 ether-options 802.3ad ae6
set interfaces ge-1/0/7 ether-options 802.3ad ae7
set interfaces ge-1/0/8 ether-options 802.3ad ae8
set interfaces ge-1/0/9 unit 0 family ethernet-switching vlan members vl30
set interfaces ae0 aggregated-ether-options minimum-links 1
set interfaces ae0 aggregated-ether-options lacp active
set interfaces ae0 unit 0 family ethernet-switching vlan members vl8
set interfaces ae1 aggregated-ether-options minimum-links 1
set interfaces ae1 aggregated-ether-options lacp passive
set interfaces ae1 unit 0 family ethernet-switching vlan members vl30
set interfaces ae2 aggregated-ether-options minimum-links 1
set interfaces ae2 aggregated-ether-options lacp passive
set interfaces ae2 unit 0 family ethernet-switching vlan members vl30
set interfaces ae3 aggregated-ether-options minimum-links 1
set interfaces ae3 aggregated-ether-options lacp passive
set interfaces ae3 unit 0 family ethernet-switching vlan members vl30
set interfaces ae4 aggregated-ether-options minimum-links 1
set interfaces ae4 aggregated-ether-options lacp passive
set interfaces ae4 unit 0 family ethernet-switching vlan members vl30
set interfaces ae5 aggregated-ether-options minimum-links 1
set interfaces ae5 aggregated-ether-options lacp passive
set interfaces ae5 unit 0 family ethernet-switching vlan members vl30
set interfaces ae6 aggregated-ether-options minimum-links 1
set interfaces ae6 aggregated-ether-options lacp passive
set interfaces ae6 unit 0 family ethernet-switching vlan members vl30
set interfaces ae7 aggregated-ether-options minimum-links 1
set interfaces ae7 aggregated-ether-options lacp passive
set interfaces ae7 unit 0 family ethernet-switching vlan members vl30
set interfaces ae8 aggregated-ether-options minimum-links 1
set interfaces ae8 aggregated-ether-options lacp passive
set interfaces ae8 unit 0 family ethernet-switching vlan members vl30
set interfaces irb unit 0 family inet dhcp vendor-id Juniper-ex4300-24t
set interfaces irb unit 8 family inet address 172.30.12.2/30
set interfaces irb unit 30 family inet address 193.30.12.254/24
set interfaces vme unit 0 family inet dhcp vendor-id Juniper-ex4300-24t
set forwarding-options storm-control-profiles default all
set routing-options static route 193.30.10.0/24 next-hop 172.30.12.1
set protocols lldp interface all
set protocols lldp-med interface all
set protocols igmp-snooping vlan default
set protocols rstp interface ge-0/0/9
set protocols rstp interface ge-0/0/10
set protocols rstp interface ge-0/0/11
set protocols rstp interface ge-0/0/12
set protocols rstp interface ge-0/0/13
set protocols rstp interface ge-0/0/14
set protocols rstp interface ge-0/0/15
set protocols rstp interface ge-0/0/16
set protocols rstp interface ge-0/0/17
set protocols rstp interface ge-0/0/18
set protocols rstp interface ge-0/0/19
set protocols rstp interface ge-0/0/20
set protocols rstp interface ge-0/0/21
set protocols rstp interface ge-0/0/22
set protocols rstp interface ge-0/0/23
set protocols rstp interface ge-0/2/0
set protocols rstp interface xe-0/2/0
set protocols rstp interface ge-0/2/1
set protocols rstp interface xe-0/2/1
set protocols rstp interface ge-0/2/2
set protocols rstp interface xe-0/2/2
set protocols rstp interface ge-0/2/3
set protocols rstp interface xe-0/2/3
set virtual-chassis preprovisioned
set virtual-chassis member 0 role routing-engine
set virtual-chassis member 0 serial-number PG3717050240
set virtual-chassis member 1 role routing-engine
set virtual-chassis member 1 serial-number PG3717080049
set vlans default vlan-id 1
set vlans default l3-interface irb.0
set vlans vl30 vlan-id 30
set vlans vl30 l3-interface irb.30
set vlans vl8 vlan-id 8
set vlans vl8 l3-interface irb.8

{master:1}[edit]
root@ESAESTC#
